[2017-03-23 22:26:45.789] -- [DEBUG] -- [main >>>> LifecycleBeanPostProcessor.java:86 >>>> Method = postProcessBeforeInitialization] -- [Content = Initializing bean [cacheManager]...]
[2017-03-23 22:26:45.796] -- [DEBUG] -- [main >>>> EhCacheManager.java:206 >>>> Method = ensureCacheManager] -- [Content = cacheManager property not set.  Constructing CacheManager instance... ]
[2017-03-23 22:26:45.831] -- [DEBUG] -- [main >>>> ResourceUtils.java:159 >>>> Method = loadFromClassPath] -- [Content = Opening resource from class path [shiro/ehcache.xml]]
[2017-03-23 22:26:45.862] -- [DEBUG] -- [main >>>> ConfigurationFactory.java:148 >>>> Method = parseConfiguration] -- [Content = Configuring ehcache from InputStream]
[2017-03-23 22:26:45.922] -- [DEBUG] -- [main >>>> DiskStoreConfiguration.java:118 >>>> Method = translatePath] -- [Content = Disk Store Path: E:\Project\questionnaire\questionnaire]
[2017-03-23 22:26:45.992] -- [DEBUG] -- [main >>>> PropertyUtil.java:88 >>>> Method = parseProperties] -- [Content = propertiesString is null.]
[2017-03-23 22:26:45.998] -- [DEBUG] -- [main >>>> ConfigurationHelper.java:184 >>>> Method = createCacheManagerEventListener] -- [Content = No CacheManagerEventListenerFactory class specified. Skipping...]
[2017-03-23 22:26:46.084] -- [DEBUG] -- [main >>>> Cache.java:949 >>>> Method = createBootstrapCacheLoader] -- [Content = No BootstrapCacheLoaderFactory class specified. Skipping...]
[2017-03-23 22:26:46.085] -- [DEBUG] -- [main >>>> Cache.java:923 >>>> Method = createCacheWriter] -- [Content = CacheWriter factory not configured. Skipping...]
[2017-03-23 22:26:46.098] -- [DEBUG] -- [main >>>> ConfigurationHelper.java:96 >>>> Method = createCacheExceptionHandler] -- [Content = No CacheExceptionHandlerFactory class specified. Skipping...]
[2017-03-23 22:26:46.285] -- [DEBUG] -- [main >>>> Cache.java:949 >>>> Method = createBootstrapCacheLoader] -- [Content = No BootstrapCacheLoaderFactory class specified. Skipping...]
[2017-03-23 22:26:46.294] -- [DEBUG] -- [main >>>> Cache.java:923 >>>> Method = createCacheWriter] -- [Content = CacheWriter factory not configured. Skipping...]
[2017-03-23 22:26:46.294] -- [DEBUG] -- [main >>>> ConfigurationHelper.java:96 >>>> Method = createCacheExceptionHandler] -- [Content = No CacheExceptionHandlerFactory class specified. Skipping...]
[2017-03-23 22:26:46.295] -- [DEBUG] -- [main >>>> Cache.java:949 >>>> Method = createBootstrapCacheLoader] -- [Content = No BootstrapCacheLoaderFactory class specified. Skipping...]
[2017-03-23 22:26:46.299] -- [DEBUG] -- [main >>>> Cache.java:923 >>>> Method = createCacheWriter] -- [Content = CacheWriter factory not configured. Skipping...]
[2017-03-23 22:26:46.303] -- [DEBUG] -- [main >>>> ConfigurationHelper.java:96 >>>> Method = createCacheExceptionHandler] -- [Content = No CacheExceptionHandlerFactory class specified. Skipping...]
[2017-03-23 22:26:46.307] -- [DEBUG] -- [main >>>> Cache.java:949 >>>> Method = createBootstrapCacheLoader] -- [Content = No BootstrapCacheLoaderFactory class specified. Skipping...]
[2017-03-23 22:26:46.308] -- [DEBUG] -- [main >>>> Cache.java:923 >>>> Method = createCacheWriter] -- [Content = CacheWriter factory not configured. Skipping...]
[2017-03-23 22:26:46.308] -- [DEBUG] -- [main >>>> ConfigurationHelper.java:96 >>>> Method = createCacheExceptionHandler] -- [Content = No CacheExceptionHandlerFactory class specified. Skipping...]
[2017-03-23 22:26:46.331] -- [DEBUG] -- [main >>>> Cache.java:949 >>>> Method = createBootstrapCacheLoader] -- [Content = No BootstrapCacheLoaderFactory class specified. Skipping...]
[2017-03-23 22:26:46.335] -- [DEBUG] -- [main >>>> Cache.java:923 >>>> Method = createCacheWriter] -- [Content = CacheWriter factory not configured. Skipping...]
[2017-03-23 22:26:46.336] -- [DEBUG] -- [main >>>> ConfigurationHelper.java:96 >>>> Method = createCacheExceptionHandler] -- [Content = No CacheExceptionHandlerFactory class specified. Skipping...]
[2017-03-23 22:26:46.336] -- [DEBUG] -- [main >>>> Cache.java:949 >>>> Method = createBootstrapCacheLoader] -- [Content = No BootstrapCacheLoaderFactory class specified. Skipping...]
[2017-03-23 22:26:46.339] -- [DEBUG] -- [main >>>> Cache.java:923 >>>> Method = createCacheWriter] -- [Content = CacheWriter factory not configured. Skipping...]
[2017-03-23 22:26:46.340] -- [DEBUG] -- [main >>>> ConfigurationHelper.java:96 >>>> Method = createCacheExceptionHandler] -- [Content = No CacheExceptionHandlerFactory class specified. Skipping...]
[2017-03-23 22:26:46.342] -- [WARN] -- [main >>>> Cache.java:992 >>>> Method = initialise] -- [Content = Cache: authorizationCache has a maxElementsInMemory of 0.  In Ehcache 2.0 this has been changed to mean a store with no capacity limit. Set it to 1 if you want no elements cached in memory]
[2017-03-23 22:26:46.386] -- [DEBUG] -- [main >>>> Cache.java:1183 >>>> Method = initialise] -- [Content = Initialised cache: authorizationCache]
[2017-03-23 22:26:46.387] -- [DEBUG] -- [main >>>> ConfigurationHelper.java:331 >>>> Method = createCacheDecorators] -- [Content = CacheDecoratorFactory not configured. Skipping for 'authorizationCache'.]
[2017-03-23 22:26:46.388] -- [DEBUG] -- [main >>>> ConfigurationHelper.java:360 >>>> Method = createDefaultCacheDecorators] -- [Content = CacheDecoratorFactory not configured for defaultCache. Skipping for 'authorizationCache'.]
[2017-03-23 22:26:46.443] -- [DEBUG] -- [main >>>> DiskPersistentStorageFactory.java:97 >>>> Method = <init>] -- [Content = Matching data file missing (or empty) for index file. Deleting index file E:\Project\questionnaire\questionnaire\shiro-activeSessionCache.index]
[2017-03-23 22:26:46.457] -- [DEBUG] -- [main >>>> Cache.java:1183 >>>> Method = initialise] -- [Content = Initialised cache: shiro-activeSessionCache]
[2017-03-23 22:26:46.458] -- [DEBUG] -- [main >>>> ConfigurationHelper.java:331 >>>> Method = createCacheDecorators] -- [Content = CacheDecoratorFactory not configured. Skipping for 'shiro-activeSessionCache'.]
[2017-03-23 22:26:46.459] -- [DEBUG] -- [main >>>> ConfigurationHelper.java:360 >>>> Method = createDefaultCacheDecorators] -- [Content = CacheDecoratorFactory not configured for defaultCache. Skipping for 'shiro-activeSessionCache'.]
[2017-03-23 22:26:46.460] -- [WARN] -- [main >>>> Cache.java:992 >>>> Method = initialise] -- [Content = Cache: passwordRetryCache has a maxElementsInMemory of 0.  In Ehcache 2.0 this has been changed to mean a store with no capacity limit. Set it to 1 if you want no elements cached in memory]
[2017-03-23 22:26:46.460] -- [DEBUG] -- [main >>>> Cache.java:1183 >>>> Method = initialise] -- [Content = Initialised cache: passwordRetryCache]
[2017-03-23 22:26:46.462] -- [DEBUG] -- [main >>>> ConfigurationHelper.java:331 >>>> Method = createCacheDecorators] -- [Content = CacheDecoratorFactory not configured. Skipping for 'passwordRetryCache'.]
[2017-03-23 22:26:46.462] -- [DEBUG] -- [main >>>> ConfigurationHelper.java:360 >>>> Method = createDefaultCacheDecorators] -- [Content = CacheDecoratorFactory not configured for defaultCache. Skipping for 'passwordRetryCache'.]
[2017-03-23 22:26:46.463] -- [WARN] -- [main >>>> Cache.java:992 >>>> Method = initialise] -- [Content = Cache: authenticationCache has a maxElementsInMemory of 0.  In Ehcache 2.0 this has been changed to mean a store with no capacity limit. Set it to 1 if you want no elements cached in memory]
[2017-03-23 22:26:46.463] -- [DEBUG] -- [main >>>> Cache.java:1183 >>>> Method = initialise] -- [Content = Initialised cache: authenticationCache]
[2017-03-23 22:26:46.464] -- [DEBUG] -- [main >>>> ConfigurationHelper.java:331 >>>> Method = createCacheDecorators] -- [Content = CacheDecoratorFactory not configured. Skipping for 'authenticationCache'.]
[2017-03-23 22:26:46.464] -- [DEBUG] -- [main >>>> ConfigurationHelper.java:360 >>>> Method = createDefaultCacheDecorators] -- [Content = CacheDecoratorFactory not configured for defaultCache. Skipping for 'authenticationCache'.]
[2017-03-23 22:26:46.470] -- [DEBUG] -- [main >>>> DiskOverflowStorageFactory.java:98 >>>> Method = getDataFile] -- [Content = Deleting data file org.apache.shiro.realm.text.PropertiesRealm-0-accounts.data]
[2017-03-23 22:26:46.473] -- [DEBUG] -- [main >>>> Cache.java:1183 >>>> Method = initialise] -- [Content = Initialised cache: org.apache.shiro.realm.text.PropertiesRealm-0-accounts]
[2017-03-23 22:26:46.474] -- [DEBUG] -- [main >>>> ConfigurationHelper.java:331 >>>> Method = createCacheDecorators] -- [Content = CacheDecoratorFactory not configured. Skipping for 'org.apache.shiro.realm.text.PropertiesRealm-0-accounts'.]
[2017-03-23 22:26:46.475] -- [DEBUG] -- [main >>>> ConfigurationHelper.java:360 >>>> Method = createDefaultCacheDecorators] -- [Content = CacheDecoratorFactory not configured for defaultCache. Skipping for 'org.apache.shiro.realm.text.PropertiesRealm-0-accounts'.]
[2017-03-23 22:26:46.477] -- [TRACE] -- [main >>>> EhCacheManager.java:215 >>>> Method = ensureCacheManager] -- [Content = instantiated Ehcache CacheManager instance.]
[2017-03-23 22:26:46.478] -- [DEBUG] -- [main >>>> EhCacheManager.java:219 >>>> Method = ensureCacheManager] -- [Content = implicit cacheManager created successfully.]
[2017-03-23 22:26:46.492] -- [TRACE] -- [main >>>> EhCacheManager.java:152 >>>> Method = getCache] -- [Content = Acquiring EhCache instance named [passwordRetryCache]]
[2017-03-23 22:26:46.493] -- [INFO] -- [main >>>> EhCacheManager.java:170 >>>> Method = getCache] -- [Content = Using existing EHCache named [passwordRetryCache]]
[2017-03-23 22:26:46.554] -- [DEBUG] -- [main >>>> AuthorizingRealm.java:234 >>>> Method = getAuthorizationCacheLazy] -- [Content = No authorizationCache instance set.  Checking for a cacheManager...]
[2017-03-23 22:26:46.561] -- [DEBUG] -- [main >>>> AuthorizingRealm.java:242 >>>> Method = getAuthorizationCacheLazy] -- [Content = CacheManager [org.apache.shiro.cache.ehcache.EhCacheManager@54402c04] has been configured.  Building authorization cache named [com.questionnaire.ssm.module.shiro.realm.MyRealm.authorizationCache]]
[2017-03-23 22:26:46.564] -- [TRACE] -- [main >>>> EhCacheManager.java:152 >>>> Method = getCache] -- [Content = Acquiring EhCache instance named [com.questionnaire.ssm.module.shiro.realm.MyRealm.authorizationCache]]
[2017-03-23 22:26:46.565] -- [INFO] -- [main >>>> EhCacheManager.java:159 >>>> Method = getCache] -- [Content = Cache with name 'com.questionnaire.ssm.module.shiro.realm.MyRealm.authorizationCache' does not yet exist.  Creating now.]
[2017-03-23 22:26:46.574] -- [DEBUG] -- [main >>>> Cache.java:1183 >>>> Method = initialise] -- [Content = Initialised cache: com.questionnaire.ssm.module.shiro.realm.MyRealm.authorizationCache]
[2017-03-23 22:26:46.575] -- [DEBUG] -- [main >>>> ConfigurationHelper.java:360 >>>> Method = createDefaultCacheDecorators] -- [Content = CacheDecoratorFactory not configured for defaultCache. Skipping for 'com.questionnaire.ssm.module.shiro.realm.MyRealm.authorizationCache'.]
[2017-03-23 22:26:46.582] -- [INFO] -- [main >>>> EhCacheManager.java:166 >>>> Method = getCache] -- [Content = Added EhCache named [com.questionnaire.ssm.module.shiro.realm.MyRealm.authorizationCache]]
[2017-03-23 22:26:46.583] -- [DEBUG] -- [main >>>> LifecycleBeanPostProcessor.java:86 >>>> Method = postProcessBeforeInitialization] -- [Content = Initializing bean [myRealm]...]
[2017-03-23 22:26:46.690] -- [TRACE] -- [main >>>> Ini.java:554 >>>> Method = splitKeyValue] -- [Content = Discovered key/value pair: /user/login = anon]
[2017-03-23 22:26:46.691] -- [TRACE] -- [main >>>> Ini.java:554 >>>> Method = splitKeyValue] -- [Content = Discovered key/value pair: /user/admin* = authc]
[2017-03-23 22:26:46.692] -- [TRACE] -- [main >>>> Ini.java:169 >>>> Method = cleanName] -- [Content = Specified name was null or empty.  Defaulting to the default section (name = "")]
[2017-03-23 22:26:46.728] -- [TRACE] -- [main >>>> ShiroFilterFactoryBean.java:506 >>>> Method = postProcessBeforeInitialization] -- [Content = Ignoring non-Filter bean 'sysUserController']
[2017-03-23 22:26:46.747] -- [TRACE] -- [main >>>> ShiroFilterFactoryBean.java:506 >>>> Method = postProcessBeforeInitialization] -- [Content = Ignoring non-Filter bean 'userServiceImpl']
[2017-03-23 22:26:46.921] -- [TRACE] -- [main >>>> ShiroFilterFactoryBean.java:506 >>>> Method = postProcessBeforeInitialization] -- [Content = Ignoring non-Filter bean 'questionnaireMapper']
[2017-03-23 22:26:47.036] -- [TRACE] -- [main >>>> ShiroFilterFactoryBean.java:506 >>>> Method = postProcessBeforeInitialization] -- [Content = Ignoring non-Filter bean 'questionMapper']
[2017-03-23 22:26:47.130] -- [TRACE] -- [main >>>> ShiroFilterFactoryBean.java:506 >>>> Method = postProcessBeforeInitialization] -- [Content = Ignoring non-Filter bean 'questionOptionMapper']
[2017-03-23 22:26:47.204] -- [TRACE] -- [main >>>> ShiroFilterFactoryBean.java:506 >>>> Method = postProcessBeforeInitialization] -- [Content = Ignoring non-Filter bean 'mappingQuestionnaireQuestionMapper']
[2017-03-23 22:26:47.283] -- [DEBUG] -- [shirocache >>>> UpdateChecker.java:68 >>>> Method = doCheck] -- [Content = Checking for update...]
[2017-03-23 22:26:47.315] -- [TRACE] -- [main >>>> ShiroFilterFactoryBean.java:506 >>>> Method = postProcessBeforeInitialization] -- [Content = Ignoring non-Filter bean 'questionnaireManagerServiceImpl']
[2017-03-23 22:26:47.410] -- [TRACE] -- [main >>>> ShiroFilterFactoryBean.java:506 >>>> Method = postProcessBeforeInitialization] -- [Content = Ignoring non-Filter bean 'questionnaireManagerController']
[2017-03-23 22:26:47.430] -- [TRACE] -- [main >>>> ShiroFilterFactoryBean.java:506 >>>> Method = postProcessBeforeInitialization] -- [Content = Ignoring non-Filter bean 'insertExceptionHandler']
[2017-03-23 22:26:47.453] -- [TRACE] -- [main >>>> ShiroFilterFactoryBean.java:506 >>>> Method = postProcessBeforeInitialization] -- [Content = Ignoring non-Filter bean 'org.springframework.context.event.internalEventListenerProcessor']
[2017-03-23 22:26:47.465] -- [TRACE] -- [main >>>> ShiroFilterFactoryBean.java:506 >>>> Method = postProcessBeforeInitialization] -- [Content = Ignoring non-Filter bean 'org.springframework.context.event.internalEventListenerFactory']
[2017-03-23 22:26:47.472] -- [TRACE] -- [main >>>> ShiroFilterFactoryBean.java:506 >>>> Method = postProcessBeforeInitialization] -- [Content = Ignoring non-Filter bean 'mappingRolePermissionMapper']
[2017-03-23 22:26:47.501] -- [TRACE] -- [main >>>> ShiroFilterFactoryBean.java:506 >>>> Method = postProcessBeforeInitialization] -- [Content = Ignoring non-Filter bean 'permissionMapper']
[2017-03-23 22:26:47.662] -- [TRACE] -- [main >>>> ShiroFilterFactoryBean.java:506 >>>> Method = postProcessBeforeInitialization] -- [Content = Ignoring non-Filter bean 'recordLoginMapper']
[2017-03-23 22:26:47.766] -- [TRACE] -- [main >>>> ShiroFilterFactoryBean.java:506 >>>> Method = postProcessBeforeInitialization] -- [Content = Ignoring non-Filter bean 'recordOperateQuestionnaireMapper']
[2017-03-23 22:26:47.903] -- [TRACE] -- [main >>>> ShiroFilterFactoryBean.java:506 >>>> Method = postProcessBeforeInitialization] -- [Content = Ignoring non-Filter bean 'roleMapper']
[2017-03-23 22:26:47.927] -- [TRACE] -- [main >>>> ShiroFilterFactoryBean.java:506 >>>> Method = postProcessBeforeInitialization] -- [Content = Ignoring non-Filter bean 'unitMapper']
[2017-03-23 22:26:48.121] -- [TRACE] -- [main >>>> ShiroFilterFactoryBean.java:506 >>>> Method = postProcessBeforeInitialization] -- [Content = Ignoring non-Filter bean 'com.questionnaire.ssm.module.generated.mapper.QuestionnaireMapperTest']
[2017-03-23 22:29:02.436] -- [DEBUG] -- [Thread-2 >>>> LifecycleBeanPostProcessor.java:118 >>>> Method = postProcessBeforeDestruction] -- [Content = Destroying bean [securityManager]...]
[2017-03-23 22:29:02.455] -- [DEBUG] -- [Thread-2 >>>> LifecycleBeanPostProcessor.java:118 >>>> Method = postProcessBeforeDestruction] -- [Content = Destroying bean [cacheManager]...]
[2017-03-23 22:56:32.499] -- [DEBUG] -- [main >>>> LifecycleBeanPostProcessor.java:86 >>>> Method = postProcessBeforeInitialization] -- [Content = Initializing bean [cacheManager]...]
[2017-03-23 22:56:32.540] -- [DEBUG] -- [main >>>> EhCacheManager.java:206 >>>> Method = ensureCacheManager] -- [Content = cacheManager property not set.  Constructing CacheManager instance... ]
[2017-03-23 22:56:32.565] -- [DEBUG] -- [main >>>> ResourceUtils.java:159 >>>> Method = loadFromClassPath] -- [Content = Opening resource from class path [shiro/ehcache.xml]]
[2017-03-23 22:56:32.611] -- [DEBUG] -- [main >>>> ConfigurationFactory.java:148 >>>> Method = parseConfiguration] -- [Content = Configuring ehcache from InputStream]
[2017-03-23 22:56:32.673] -- [DEBUG] -- [main >>>> DiskStoreConfiguration.java:118 >>>> Method = translatePath] -- [Content = Disk Store Path: E:\Project\questionnaire\questionnaire]
[2017-03-23 22:56:32.758] -- [DEBUG] -- [main >>>> PropertyUtil.java:88 >>>> Method = parseProperties] -- [Content = propertiesString is null.]
[2017-03-23 22:56:32.764] -- [DEBUG] -- [main >>>> ConfigurationHelper.java:184 >>>> Method = createCacheManagerEventListener] -- [Content = No CacheManagerEventListenerFactory class specified. Skipping...]
[2017-03-23 22:56:32.853] -- [DEBUG] -- [main >>>> Cache.java:949 >>>> Method = createBootstrapCacheLoader] -- [Content = No BootstrapCacheLoaderFactory class specified. Skipping...]
[2017-03-23 22:56:32.856] -- [DEBUG] -- [main >>>> Cache.java:923 >>>> Method = createCacheWriter] -- [Content = CacheWriter factory not configured. Skipping...]
[2017-03-23 22:56:32.862] -- [DEBUG] -- [main >>>> ConfigurationHelper.java:96 >>>> Method = createCacheExceptionHandler] -- [Content = No CacheExceptionHandlerFactory class specified. Skipping...]
[2017-03-23 22:56:32.873] -- [DEBUG] -- [main >>>> Cache.java:949 >>>> Method = createBootstrapCacheLoader] -- [Content = No BootstrapCacheLoaderFactory class specified. Skipping...]
[2017-03-23 22:56:32.874] -- [DEBUG] -- [main >>>> Cache.java:923 >>>> Method = createCacheWriter] -- [Content = CacheWriter factory not configured. Skipping...]
[2017-03-23 22:56:32.875] -- [DEBUG] -- [main >>>> ConfigurationHelper.java:96 >>>> Method = createCacheExceptionHandler] -- [Content = No CacheExceptionHandlerFactory class specified. Skipping...]
[2017-03-23 22:56:32.875] -- [DEBUG] -- [main >>>> Cache.java:949 >>>> Method = createBootstrapCacheLoader] -- [Content = No BootstrapCacheLoaderFactory class specified. Skipping...]
[2017-03-23 22:56:32.876] -- [DEBUG] -- [main >>>> Cache.java:923 >>>> Method = createCacheWriter] -- [Content = CacheWriter factory not configured. Skipping...]
[2017-03-23 22:56:32.878] -- [DEBUG] -- [main >>>> ConfigurationHelper.java:96 >>>> Method = createCacheExceptionHandler] -- [Content = No CacheExceptionHandlerFactory class specified. Skipping...]
[2017-03-23 22:56:32.886] -- [DEBUG] -- [main >>>> Cache.java:949 >>>> Method = createBootstrapCacheLoader] -- [Content = No BootstrapCacheLoaderFactory class specified. Skipping...]
[2017-03-23 22:56:32.887] -- [DEBUG] -- [main >>>> Cache.java:923 >>>> Method = createCacheWriter] -- [Content = CacheWriter factory not configured. Skipping...]
[2017-03-23 22:56:32.887] -- [DEBUG] -- [main >>>> ConfigurationHelper.java:96 >>>> Method = createCacheExceptionHandler] -- [Content = No CacheExceptionHandlerFactory class specified. Skipping...]
[2017-03-23 22:56:32.890] -- [DEBUG] -- [main >>>> Cache.java:949 >>>> Method = createBootstrapCacheLoader] -- [Content = No BootstrapCacheLoaderFactory class specified. Skipping...]
[2017-03-23 22:56:32.891] -- [DEBUG] -- [main >>>> Cache.java:923 >>>> Method = createCacheWriter] -- [Content = CacheWriter factory not configured. Skipping...]
[2017-03-23 22:56:32.893] -- [DEBUG] -- [main >>>> ConfigurationHelper.java:96 >>>> Method = createCacheExceptionHandler] -- [Content = No CacheExceptionHandlerFactory class specified. Skipping...]
[2017-03-23 22:56:32.893] -- [DEBUG] -- [main >>>> Cache.java:949 >>>> Method = createBootstrapCacheLoader] -- [Content = No BootstrapCacheLoaderFactory class specified. Skipping...]
[2017-03-23 22:56:32.894] -- [DEBUG] -- [main >>>> Cache.java:923 >>>> Method = createCacheWriter] -- [Content = CacheWriter factory not configured. Skipping...]
[2017-03-23 22:56:32.895] -- [DEBUG] -- [main >>>> ConfigurationHelper.java:96 >>>> Method = createCacheExceptionHandler] -- [Content = No CacheExceptionHandlerFactory class specified. Skipping...]
[2017-03-23 22:56:32.923] -- [DEBUG] -- [main >>>> DiskOverflowStorageFactory.java:98 >>>> Method = getDataFile] -- [Content = Deleting data file org.apache.shiro.realm.text.PropertiesRealm-0-accounts.data]
[2017-03-23 22:56:33.004] -- [DEBUG] -- [main >>>> Cache.java:1183 >>>> Method = initialise] -- [Content = Initialised cache: org.apache.shiro.realm.text.PropertiesRealm-0-accounts]
[2017-03-23 22:56:33.005] -- [DEBUG] -- [main >>>> ConfigurationHelper.java:331 >>>> Method = createCacheDecorators] -- [Content = CacheDecoratorFactory not configured. Skipping for 'org.apache.shiro.realm.text.PropertiesRealm-0-accounts'.]
[2017-03-23 22:56:33.005] -- [DEBUG] -- [main >>>> ConfigurationHelper.java:360 >>>> Method = createDefaultCacheDecorators] -- [Content = CacheDecoratorFactory not configured for defaultCache. Skipping for 'org.apache.shiro.realm.text.PropertiesRealm-0-accounts'.]
[2017-03-23 22:56:33.006] -- [WARN] -- [main >>>> Cache.java:992 >>>> Method = initialise] -- [Content = Cache: authorizationCache has a maxElementsInMemory of 0.  In Ehcache 2.0 this has been changed to mean a store with no capacity limit. Set it to 1 if you want no elements cached in memory]
[2017-03-23 22:56:33.011] -- [DEBUG] -- [main >>>> Cache.java:1183 >>>> Method = initialise] -- [Content = Initialised cache: authorizationCache]
[2017-03-23 22:56:33.021] -- [DEBUG] -- [main >>>> ConfigurationHelper.java:331 >>>> Method = createCacheDecorators] -- [Content = CacheDecoratorFactory not configured. Skipping for 'authorizationCache'.]
[2017-03-23 22:56:33.022] -- [DEBUG] -- [main >>>> ConfigurationHelper.java:360 >>>> Method = createDefaultCacheDecorators] -- [Content = CacheDecoratorFactory not configured for defaultCache. Skipping for 'authorizationCache'.]
[2017-03-23 22:56:33.023] -- [WARN] -- [main >>>> Cache.java:992 >>>> Method = initialise] -- [Content = Cache: passwordRetryCache has a maxElementsInMemory of 0.  In Ehcache 2.0 this has been changed to mean a store with no capacity limit. Set it to 1 if you want no elements cached in memory]
[2017-03-23 22:56:33.027] -- [DEBUG] -- [main >>>> Cache.java:1183 >>>> Method = initialise] -- [Content = Initialised cache: passwordRetryCache]
[2017-03-23 22:56:33.044] -- [DEBUG] -- [main >>>> ConfigurationHelper.java:331 >>>> Method = createCacheDecorators] -- [Content = CacheDecoratorFactory not configured. Skipping for 'passwordRetryCache'.]
[2017-03-23 22:56:33.045] -- [DEBUG] -- [main >>>> ConfigurationHelper.java:360 >>>> Method = createDefaultCacheDecorators] -- [Content = CacheDecoratorFactory not configured for defaultCache. Skipping for 'passwordRetryCache'.]
[2017-03-23 22:56:33.048] -- [WARN] -- [main >>>> Cache.java:992 >>>> Method = initialise] -- [Content = Cache: authenticationCache has a maxElementsInMemory of 0.  In Ehcache 2.0 this has been changed to mean a store with no capacity limit. Set it to 1 if you want no elements cached in memory]
[2017-03-23 22:56:33.063] -- [DEBUG] -- [main >>>> Cache.java:1183 >>>> Method = initialise] -- [Content = Initialised cache: authenticationCache]
[2017-03-23 22:56:33.063] -- [DEBUG] -- [main >>>> ConfigurationHelper.java:331 >>>> Method = createCacheDecorators] -- [Content = CacheDecoratorFactory not configured. Skipping for 'authenticationCache'.]
[2017-03-23 22:56:33.064] -- [DEBUG] -- [main >>>> ConfigurationHelper.java:360 >>>> Method = createDefaultCacheDecorators] -- [Content = CacheDecoratorFactory not configured for defaultCache. Skipping for 'authenticationCache'.]
[2017-03-23 22:56:33.108] -- [DEBUG] -- [main >>>> DiskPersistentStorageFactory.java:97 >>>> Method = <init>] -- [Content = Matching data file missing (or empty) for index file. Deleting index file E:\Project\questionnaire\questionnaire\shiro-activeSessionCache.index]
[2017-03-23 22:56:33.112] -- [DEBUG] -- [main >>>> Cache.java:1183 >>>> Method = initialise] -- [Content = Initialised cache: shiro-activeSessionCache]
[2017-03-23 22:56:33.114] -- [DEBUG] -- [main >>>> ConfigurationHelper.java:331 >>>> Method = createCacheDecorators] -- [Content = CacheDecoratorFactory not configured. Skipping for 'shiro-activeSessionCache'.]
[2017-03-23 22:56:33.116] -- [DEBUG] -- [main >>>> ConfigurationHelper.java:360 >>>> Method = createDefaultCacheDecorators] -- [Content = CacheDecoratorFactory not configured for defaultCache. Skipping for 'shiro-activeSessionCache'.]
[2017-03-23 22:56:33.123] -- [TRACE] -- [main >>>> EhCacheManager.java:215 >>>> Method = ensureCacheManager] -- [Content = instantiated Ehcache CacheManager instance.]
[2017-03-23 22:56:33.124] -- [DEBUG] -- [main >>>> EhCacheManager.java:219 >>>> Method = ensureCacheManager] -- [Content = implicit cacheManager created successfully.]
[2017-03-23 22:56:33.143] -- [TRACE] -- [main >>>> EhCacheManager.java:152 >>>> Method = getCache] -- [Content = Acquiring EhCache instance named [passwordRetryCache]]
[2017-03-23 22:56:33.144] -- [INFO] -- [main >>>> EhCacheManager.java:170 >>>> Method = getCache] -- [Content = Using existing EHCache named [passwordRetryCache]]
[2017-03-23 22:56:33.174] -- [DEBUG] -- [main >>>> AuthorizingRealm.java:234 >>>> Method = getAuthorizationCacheLazy] -- [Content = No authorizationCache instance set.  Checking for a cacheManager...]
[2017-03-23 22:56:33.175] -- [DEBUG] -- [main >>>> AuthorizingRealm.java:242 >>>> Method = getAuthorizationCacheLazy] -- [Content = CacheManager [org.apache.shiro.cache.ehcache.EhCacheManager@376c7d7d] has been configured.  Building authorization cache named [com.questionnaire.ssm.module.shiro.realm.MyRealm.authorizationCache]]
[2017-03-23 22:56:33.176] -- [TRACE] -- [main >>>> EhCacheManager.java:152 >>>> Method = getCache] -- [Content = Acquiring EhCache instance named [com.questionnaire.ssm.module.shiro.realm.MyRealm.authorizationCache]]
[2017-03-23 22:56:33.177] -- [INFO] -- [main >>>> EhCacheManager.java:159 >>>> Method = getCache] -- [Content = Cache with name 'com.questionnaire.ssm.module.shiro.realm.MyRealm.authorizationCache' does not yet exist.  Creating now.]
[2017-03-23 22:56:33.179] -- [DEBUG] -- [main >>>> Cache.java:1183 >>>> Method = initialise] -- [Content = Initialised cache: com.questionnaire.ssm.module.shiro.realm.MyRealm.authorizationCache]
[2017-03-23 22:56:33.179] -- [DEBUG] -- [main >>>> ConfigurationHelper.java:360 >>>> Method = createDefaultCacheDecorators] -- [Content = CacheDecoratorFactory not configured for defaultCache. Skipping for 'com.questionnaire.ssm.module.shiro.realm.MyRealm.authorizationCache'.]
[2017-03-23 22:56:33.184] -- [INFO] -- [main >>>> EhCacheManager.java:166 >>>> Method = getCache] -- [Content = Added EhCache named [com.questionnaire.ssm.module.shiro.realm.MyRealm.authorizationCache]]
[2017-03-23 22:56:33.186] -- [DEBUG] -- [main >>>> LifecycleBeanPostProcessor.java:86 >>>> Method = postProcessBeforeInitialization] -- [Content = Initializing bean [myRealm]...]
[2017-03-23 22:56:33.318] -- [TRACE] -- [main >>>> Ini.java:554 >>>> Method = splitKeyValue] -- [Content = Discovered key/value pair: /user/login = anon]
[2017-03-23 22:56:33.321] -- [TRACE] -- [main >>>> Ini.java:554 >>>> Method = splitKeyValue] -- [Content = Discovered key/value pair: /user/admin* = authc]
[2017-03-23 22:56:33.323] -- [TRACE] -- [main >>>> Ini.java:169 >>>> Method = cleanName] -- [Content = Specified name was null or empty.  Defaulting to the default section (name = "")]
[2017-03-23 22:56:33.362] -- [TRACE] -- [main >>>> ShiroFilterFactoryBean.java:506 >>>> Method = postProcessBeforeInitialization] -- [Content = Ignoring non-Filter bean 'sysUserController']
[2017-03-23 22:56:33.379] -- [TRACE] -- [main >>>> ShiroFilterFactoryBean.java:506 >>>> Method = postProcessBeforeInitialization] -- [Content = Ignoring non-Filter bean 'userServiceImpl']
[2017-03-23 22:56:33.538] -- [TRACE] -- [main >>>> ShiroFilterFactoryBean.java:506 >>>> Method = postProcessBeforeInitialization] -- [Content = Ignoring non-Filter bean 'questionnaireMapper']
[2017-03-23 22:56:33.677] -- [TRACE] -- [main >>>> ShiroFilterFactoryBean.java:506 >>>> Method = postProcessBeforeInitialization] -- [Content = Ignoring non-Filter bean 'questionMapper']
[2017-03-23 22:56:33.782] -- [TRACE] -- [main >>>> ShiroFilterFactoryBean.java:506 >>>> Method = postProcessBeforeInitialization] -- [Content = Ignoring non-Filter bean 'questionOptionMapper']
[2017-03-23 22:56:33.871] -- [DEBUG] -- [shirocache >>>> UpdateChecker.java:68 >>>> Method = doCheck] -- [Content = Checking for update...]
[2017-03-23 22:56:33.893] -- [TRACE] -- [main >>>> ShiroFilterFactoryBean.java:506 >>>> Method = postProcessBeforeInitialization] -- [Content = Ignoring non-Filter bean 'mappingQuestionnaireQuestionMapper']
[2017-03-23 22:56:34.578] -- [TRACE] -- [main >>>> ShiroFilterFactoryBean.java:506 >>>> Method = postProcessBeforeInitialization] -- [Content = Ignoring non-Filter bean 'questionnaireManagerServiceImpl']
[2017-03-23 22:56:34.770] -- [TRACE] -- [main >>>> ShiroFilterFactoryBean.java:506 >>>> Method = postProcessBeforeInitialization] -- [Content = Ignoring non-Filter bean 'questionnaireManagerController']
[2017-03-23 22:56:34.788] -- [TRACE] -- [main >>>> ShiroFilterFactoryBean.java:506 >>>> Method = postProcessBeforeInitialization] -- [Content = Ignoring non-Filter bean 'insertExceptionHandler']
[2017-03-23 22:56:34.827] -- [TRACE] -- [main >>>> ShiroFilterFactoryBean.java:506 >>>> Method = postProcessBeforeInitialization] -- [Content = Ignoring non-Filter bean 'org.springframework.context.event.internalEventListenerProcessor']
[2017-03-23 22:56:34.843] -- [TRACE] -- [main >>>> ShiroFilterFactoryBean.java:506 >>>> Method = postProcessBeforeInitialization] -- [Content = Ignoring non-Filter bean 'org.springframework.context.event.internalEventListenerFactory']
[2017-03-23 22:56:34.859] -- [TRACE] -- [main >>>> ShiroFilterFactoryBean.java:506 >>>> Method = postProcessBeforeInitialization] -- [Content = Ignoring non-Filter bean 'mappingRolePermissionMapper']
[2017-03-23 22:56:34.981] -- [TRACE] -- [main >>>> ShiroFilterFactoryBean.java:506 >>>> Method = postProcessBeforeInitialization] -- [Content = Ignoring non-Filter bean 'permissionMapper']
[2017-03-23 22:56:35.008] -- [TRACE] -- [main >>>> ShiroFilterFactoryBean.java:506 >>>> Method = postProcessBeforeInitialization] -- [Content = Ignoring non-Filter bean 'recordLoginMapper']
[2017-03-23 22:56:35.032] -- [TRACE] -- [main >>>> ShiroFilterFactoryBean.java:506 >>>> Method = postProcessBeforeInitialization] -- [Content = Ignoring non-Filter bean 'recordOperateQuestionnaireMapper']
[2017-03-23 22:56:35.076] -- [TRACE] -- [main >>>> ShiroFilterFactoryBean.java:506 >>>> Method = postProcessBeforeInitialization] -- [Content = Ignoring non-Filter bean 'roleMapper']
[2017-03-23 22:56:35.108] -- [TRACE] -- [main >>>> ShiroFilterFactoryBean.java:506 >>>> Method = postProcessBeforeInitialization] -- [Content = Ignoring non-Filter bean 'unitMapper']
[2017-03-23 22:56:35.284] -- [TRACE] -- [main >>>> ShiroFilterFactoryBean.java:506 >>>> Method = postProcessBeforeInitialization] -- [Content = Ignoring non-Filter bean 'com.questionnaire.ssm.module.generated.mapper.QuestionnaireMapperTest']
[2017-03-23 22:57:13.071] -- [DEBUG] -- [Thread-2 >>>> LifecycleBeanPostProcessor.java:118 >>>> Method = postProcessBeforeDestruction] -- [Content = Destroying bean [securityManager]...]
[2017-03-23 22:57:13.105] -- [DEBUG] -- [Thread-2 >>>> LifecycleBeanPostProcessor.java:118 >>>> Method = postProcessBeforeDestruction] -- [Content = Destroying bean [cacheManager]...]
[2017-03-23 23:35:16.417] -- [DEBUG] -- [main >>>> LifecycleBeanPostProcessor.java:86 >>>> Method = postProcessBeforeInitialization] -- [Content = Initializing bean [cacheManager]...]
[2017-03-23 23:35:16.483] -- [DEBUG] -- [main >>>> EhCacheManager.java:206 >>>> Method = ensureCacheManager] -- [Content = cacheManager property not set.  Constructing CacheManager instance... ]
[2017-03-23 23:35:16.506] -- [DEBUG] -- [main >>>> ResourceUtils.java:159 >>>> Method = loadFromClassPath] -- [Content = Opening resource from class path [shiro/ehcache.xml]]
[2017-03-23 23:35:16.544] -- [DEBUG] -- [main >>>> ConfigurationFactory.java:148 >>>> Method = parseConfiguration] -- [Content = Configuring ehcache from InputStream]
[2017-03-23 23:35:16.615] -- [DEBUG] -- [main >>>> DiskStoreConfiguration.java:118 >>>> Method = translatePath] -- [Content = Disk Store Path: E:\Project\questionnaire\questionnaire]
[2017-03-23 23:35:16.719] -- [DEBUG] -- [main >>>> PropertyUtil.java:88 >>>> Method = parseProperties] -- [Content = propertiesString is null.]
[2017-03-23 23:35:16.725] -- [DEBUG] -- [main >>>> ConfigurationHelper.java:184 >>>> Method = createCacheManagerEventListener] -- [Content = No CacheManagerEventListenerFactory class specified. Skipping...]
[2017-03-23 23:35:16.777] -- [DEBUG] -- [main >>>> Cache.java:949 >>>> Method = createBootstrapCacheLoader] -- [Content = No BootstrapCacheLoaderFactory class specified. Skipping...]
[2017-03-23 23:35:16.777] -- [DEBUG] -- [main >>>> Cache.java:923 >>>> Method = createCacheWriter] -- [Content = CacheWriter factory not configured. Skipping...]
[2017-03-23 23:35:16.781] -- [DEBUG] -- [main >>>> ConfigurationHelper.java:96 >>>> Method = createCacheExceptionHandler] -- [Content = No CacheExceptionHandlerFactory class specified. Skipping...]
[2017-03-23 23:35:16.785] -- [DEBUG] -- [main >>>> Cache.java:949 >>>> Method = createBootstrapCacheLoader] -- [Content = No BootstrapCacheLoaderFactory class specified. Skipping...]
[2017-03-23 23:35:16.786] -- [DEBUG] -- [main >>>> Cache.java:923 >>>> Method = createCacheWriter] -- [Content = CacheWriter factory not configured. Skipping...]
[2017-03-23 23:35:16.786] -- [DEBUG] -- [main >>>> ConfigurationHelper.java:96 >>>> Method = createCacheExceptionHandler] -- [Content = No CacheExceptionHandlerFactory class specified. Skipping...]
[2017-03-23 23:35:16.787] -- [DEBUG] -- [main >>>> Cache.java:949 >>>> Method = createBootstrapCacheLoader] -- [Content = No BootstrapCacheLoaderFactory class specified. Skipping...]
[2017-03-23 23:35:16.788] -- [DEBUG] -- [main >>>> Cache.java:923 >>>> Method = createCacheWriter] -- [Content = CacheWriter factory not configured. Skipping...]
[2017-03-23 23:35:16.791] -- [DEBUG] -- [main >>>> ConfigurationHelper.java:96 >>>> Method = createCacheExceptionHandler] -- [Content = No CacheExceptionHandlerFactory class specified. Skipping...]
[2017-03-23 23:35:16.793] -- [DEBUG] -- [main >>>> Cache.java:949 >>>> Method = createBootstrapCacheLoader] -- [Content = No BootstrapCacheLoaderFactory class specified. Skipping...]
[2017-03-23 23:35:16.794] -- [DEBUG] -- [main >>>> Cache.java:923 >>>> Method = createCacheWriter] -- [Content = CacheWriter factory not configured. Skipping...]
[2017-03-23 23:35:16.794] -- [DEBUG] -- [main >>>> ConfigurationHelper.java:96 >>>> Method = createCacheExceptionHandler] -- [Content = No CacheExceptionHandlerFactory class specified. Skipping...]
[2017-03-23 23:35:16.795] -- [DEBUG] -- [main >>>> Cache.java:949 >>>> Method = createBootstrapCacheLoader] -- [Content = No BootstrapCacheLoaderFactory class specified. Skipping...]
[2017-03-23 23:35:16.796] -- [DEBUG] -- [main >>>> Cache.java:923 >>>> Method = createCacheWriter] -- [Content = CacheWriter factory not configured. Skipping...]
[2017-03-23 23:35:16.796] -- [DEBUG] -- [main >>>> ConfigurationHelper.java:96 >>>> Method = createCacheExceptionHandler] -- [Content = No CacheExceptionHandlerFactory class specified. Skipping...]
[2017-03-23 23:35:16.796] -- [DEBUG] -- [main >>>> Cache.java:949 >>>> Method = createBootstrapCacheLoader] -- [Content = No BootstrapCacheLoaderFactory class specified. Skipping...]
[2017-03-23 23:35:16.797] -- [DEBUG] -- [main >>>> Cache.java:923 >>>> Method = createCacheWriter] -- [Content = CacheWriter factory not configured. Skipping...]
[2017-03-23 23:35:16.797] -- [DEBUG] -- [main >>>> ConfigurationHelper.java:96 >>>> Method = createCacheExceptionHandler] -- [Content = No CacheExceptionHandlerFactory class specified. Skipping...]
[2017-03-23 23:35:16.798] -- [WARN] -- [main >>>> Cache.java:992 >>>> Method = initialise] -- [Content = Cache: passwordRetryCache has a maxElementsInMemory of 0.  In Ehcache 2.0 this has been changed to mean a store with no capacity limit. Set it to 1 if you want no elements cached in memory]
[2017-03-23 23:35:16.827] -- [DEBUG] -- [main >>>> Cache.java:1183 >>>> Method = initialise] -- [Content = Initialised cache: passwordRetryCache]
[2017-03-23 23:35:16.828] -- [DEBUG] -- [main >>>> ConfigurationHelper.java:331 >>>> Method = createCacheDecorators] -- [Content = CacheDecoratorFactory not configured. Skipping for 'passwordRetryCache'.]
[2017-03-23 23:35:16.829] -- [DEBUG] -- [main >>>> ConfigurationHelper.java:360 >>>> Method = createDefaultCacheDecorators] -- [Content = CacheDecoratorFactory not configured for defaultCache. Skipping for 'passwordRetryCache'.]
[2017-03-23 23:35:16.863] -- [DEBUG] -- [main >>>> DiskPersistentStorageFactory.java:97 >>>> Method = <init>] -- [Content = Matching data file missing (or empty) for index file. Deleting index file E:\Project\questionnaire\questionnaire\shiro-activeSessionCache.index]
[2017-03-23 23:35:16.873] -- [DEBUG] -- [main >>>> Cache.java:1183 >>>> Method = initialise] -- [Content = Initialised cache: shiro-activeSessionCache]
[2017-03-23 23:35:16.874] -- [DEBUG] -- [main >>>> ConfigurationHelper.java:331 >>>> Method = createCacheDecorators] -- [Content = CacheDecoratorFactory not configured. Skipping for 'shiro-activeSessionCache'.]
[2017-03-23 23:35:16.876] -- [DEBUG] -- [main >>>> ConfigurationHelper.java:360 >>>> Method = createDefaultCacheDecorators] -- [Content = CacheDecoratorFactory not configured for defaultCache. Skipping for 'shiro-activeSessionCache'.]
[2017-03-23 23:35:16.877] -- [WARN] -- [main >>>> Cache.java:992 >>>> Method = initialise] -- [Content = Cache: authenticationCache has a maxElementsInMemory of 0.  In Ehcache 2.0 this has been changed to mean a store with no capacity limit. Set it to 1 if you want no elements cached in memory]
[2017-03-23 23:35:16.881] -- [DEBUG] -- [main >>>> Cache.java:1183 >>>> Method = initialise] -- [Content = Initialised cache: authenticationCache]
[2017-03-23 23:35:16.882] -- [DEBUG] -- [main >>>> ConfigurationHelper.java:331 >>>> Method = createCacheDecorators] -- [Content = CacheDecoratorFactory not configured. Skipping for 'authenticationCache'.]
[2017-03-23 23:35:16.885] -- [DEBUG] -- [main >>>> ConfigurationHelper.java:360 >>>> Method = createDefaultCacheDecorators] -- [Content = CacheDecoratorFactory not configured for defaultCache. Skipping for 'authenticationCache'.]
[2017-03-23 23:35:16.891] -- [DEBUG] -- [main >>>> DiskOverflowStorageFactory.java:98 >>>> Method = getDataFile] -- [Content = Deleting data file org.apache.shiro.realm.text.PropertiesRealm-0-accounts.data]
[2017-03-23 23:35:16.896] -- [DEBUG] -- [main >>>> Cache.java:1183 >>>> Method = initialise] -- [Content = Initialised cache: org.apache.shiro.realm.text.PropertiesRealm-0-accounts]
[2017-03-23 23:35:16.897] -- [DEBUG] -- [main >>>> ConfigurationHelper.java:331 >>>> Method = createCacheDecorators] -- [Content = CacheDecoratorFactory not configured. Skipping for 'org.apache.shiro.realm.text.PropertiesRealm-0-accounts'.]
[2017-03-23 23:35:16.897] -- [DEBUG] -- [main >>>> ConfigurationHelper.java:360 >>>> Method = createDefaultCacheDecorators] -- [Content = CacheDecoratorFactory not configured for defaultCache. Skipping for 'org.apache.shiro.realm.text.PropertiesRealm-0-accounts'.]
[2017-03-23 23:35:16.898] -- [WARN] -- [main >>>> Cache.java:992 >>>> Method = initialise] -- [Content = Cache: authorizationCache has a maxElementsInMemory of 0.  In Ehcache 2.0 this has been changed to mean a store with no capacity limit. Set it to 1 if you want no elements cached in memory]
[2017-03-23 23:35:16.899] -- [DEBUG] -- [main >>>> Cache.java:1183 >>>> Method = initialise] -- [Content = Initialised cache: authorizationCache]
[2017-03-23 23:35:16.901] -- [DEBUG] -- [main >>>> ConfigurationHelper.java:331 >>>> Method = createCacheDecorators] -- [Content = CacheDecoratorFactory not configured. Skipping for 'authorizationCache'.]
[2017-03-23 23:35:16.902] -- [DEBUG] -- [main >>>> ConfigurationHelper.java:360 >>>> Method = createDefaultCacheDecorators] -- [Content = CacheDecoratorFactory not configured for defaultCache. Skipping for 'authorizationCache'.]
[2017-03-23 23:35:16.903] -- [TRACE] -- [main >>>> EhCacheManager.java:215 >>>> Method = ensureCacheManager] -- [Content = instantiated Ehcache CacheManager instance.]
[2017-03-23 23:35:16.905] -- [DEBUG] -- [main >>>> EhCacheManager.java:219 >>>> Method = ensureCacheManager] -- [Content = implicit cacheManager created successfully.]
[2017-03-23 23:35:16.919] -- [TRACE] -- [main >>>> EhCacheManager.java:152 >>>> Method = getCache] -- [Content = Acquiring EhCache instance named [passwordRetryCache]]
[2017-03-23 23:35:16.920] -- [INFO] -- [main >>>> EhCacheManager.java:170 >>>> Method = getCache] -- [Content = Using existing EHCache named [passwordRetryCache]]
[2017-03-23 23:35:17.038] -- [DEBUG] -- [main >>>> AuthorizingRealm.java:234 >>>> Method = getAuthorizationCacheLazy] -- [Content = No authorizationCache instance set.  Checking for a cacheManager...]
[2017-03-23 23:35:17.061] -- [DEBUG] -- [main >>>> AuthorizingRealm.java:242 >>>> Method = getAuthorizationCacheLazy] -- [Content = CacheManager [org.apache.shiro.cache.ehcache.EhCacheManager@5d332969] has been configured.  Building authorization cache named [com.questionnaire.ssm.module.shiro.realm.MyRealm.authorizationCache]]
[2017-03-23 23:35:17.062] -- [TRACE] -- [main >>>> EhCacheManager.java:152 >>>> Method = getCache] -- [Content = Acquiring EhCache instance named [com.questionnaire.ssm.module.shiro.realm.MyRealm.authorizationCache]]
[2017-03-23 23:35:17.063] -- [INFO] -- [main >>>> EhCacheManager.java:159 >>>> Method = getCache] -- [Content = Cache with name 'com.questionnaire.ssm.module.shiro.realm.MyRealm.authorizationCache' does not yet exist.  Creating now.]
[2017-03-23 23:35:17.065] -- [DEBUG] -- [main >>>> Cache.java:1183 >>>> Method = initialise] -- [Content = Initialised cache: com.questionnaire.ssm.module.shiro.realm.MyRealm.authorizationCache]
[2017-03-23 23:35:17.066] -- [DEBUG] -- [main >>>> ConfigurationHelper.java:360 >>>> Method = createDefaultCacheDecorators] -- [Content = CacheDecoratorFactory not configured for defaultCache. Skipping for 'com.questionnaire.ssm.module.shiro.realm.MyRealm.authorizationCache'.]
[2017-03-23 23:35:17.079] -- [INFO] -- [main >>>> EhCacheManager.java:166 >>>> Method = getCache] -- [Content = Added EhCache named [com.questionnaire.ssm.module.shiro.realm.MyRealm.authorizationCache]]
[2017-03-23 23:35:17.083] -- [DEBUG] -- [main >>>> LifecycleBeanPostProcessor.java:86 >>>> Method = postProcessBeforeInitialization] -- [Content = Initializing bean [myRealm]...]
[2017-03-23 23:35:17.185] -- [TRACE] -- [main >>>> Ini.java:554 >>>> Method = splitKeyValue] -- [Content = Discovered key/value pair: /user/login = anon]
[2017-03-23 23:35:17.186] -- [TRACE] -- [main >>>> Ini.java:554 >>>> Method = splitKeyValue] -- [Content = Discovered key/value pair: /user/admin* = authc]
[2017-03-23 23:35:17.189] -- [TRACE] -- [main >>>> Ini.java:169 >>>> Method = cleanName] -- [Content = Specified name was null or empty.  Defaulting to the default section (name = "")]
[2017-03-23 23:35:17.224] -- [TRACE] -- [main >>>> ShiroFilterFactoryBean.java:506 >>>> Method = postProcessBeforeInitialization] -- [Content = Ignoring non-Filter bean 'sysUserController']
[2017-03-23 23:35:17.243] -- [TRACE] -- [main >>>> ShiroFilterFactoryBean.java:506 >>>> Method = postProcessBeforeInitialization] -- [Content = Ignoring non-Filter bean 'userServiceImpl']
[2017-03-23 23:35:17.411] -- [TRACE] -- [main >>>> ShiroFilterFactoryBean.java:506 >>>> Method = postProcessBeforeInitialization] -- [Content = Ignoring non-Filter bean 'questionnaireMapper']
[2017-03-23 23:35:17.466] -- [TRACE] -- [main >>>> ShiroFilterFactoryBean.java:506 >>>> Method = postProcessBeforeInitialization] -- [Content = Ignoring non-Filter bean 'questionMapper']
[2017-03-23 23:35:17.514] -- [TRACE] -- [main >>>> ShiroFilterFactoryBean.java:506 >>>> Method = postProcessBeforeInitialization] -- [Content = Ignoring non-Filter bean 'questionOptionMapper']
[2017-03-23 23:35:17.547] -- [TRACE] -- [main >>>> ShiroFilterFactoryBean.java:506 >>>> Method = postProcessBeforeInitialization] -- [Content = Ignoring non-Filter bean 'mappingQuestionnaireQuestionMapper']
[2017-03-23 23:35:17.616] -- [TRACE] -- [main >>>> ShiroFilterFactoryBean.java:506 >>>> Method = postProcessBeforeInitialization] -- [Content = Ignoring non-Filter bean 'questionnaireManagerServiceImpl']
[2017-03-23 23:35:17.736] -- [TRACE] -- [main >>>> ShiroFilterFactoryBean.java:506 >>>> Method = postProcessBeforeInitialization] -- [Content = Ignoring non-Filter bean 'questionnaireManagerController']
[2017-03-23 23:35:17.746] -- [TRACE] -- [main >>>> ShiroFilterFactoryBean.java:506 >>>> Method = postProcessBeforeInitialization] -- [Content = Ignoring non-Filter bean 'insertExceptionHandler']
[2017-03-23 23:35:17.762] -- [TRACE] -- [main >>>> ShiroFilterFactoryBean.java:506 >>>> Method = postProcessBeforeInitialization] -- [Content = Ignoring non-Filter bean 'org.springframework.context.event.internalEventListenerProcessor']
[2017-03-23 23:35:17.769] -- [TRACE] -- [main >>>> ShiroFilterFactoryBean.java:506 >>>> Method = postProcessBeforeInitialization] -- [Content = Ignoring non-Filter bean 'org.springframework.context.event.internalEventListenerFactory']
[2017-03-23 23:35:17.785] -- [TRACE] -- [main >>>> ShiroFilterFactoryBean.java:506 >>>> Method = postProcessBeforeInitialization] -- [Content = Ignoring non-Filter bean 'mappingRolePermissionMapper']
[2017-03-23 23:35:17.790] -- [DEBUG] -- [shirocache >>>> UpdateChecker.java:68 >>>> Method = doCheck] -- [Content = Checking for update...]
[2017-03-23 23:35:17.800] -- [TRACE] -- [main >>>> ShiroFilterFactoryBean.java:506 >>>> Method = postProcessBeforeInitialization] -- [Content = Ignoring non-Filter bean 'permissionMapper']
[2017-03-23 23:35:17.814] -- [TRACE] -- [main >>>> ShiroFilterFactoryBean.java:506 >>>> Method = postProcessBeforeInitialization] -- [Content = Ignoring non-Filter bean 'recordLoginMapper']
[2017-03-23 23:35:17.831] -- [TRACE] -- [main >>>> ShiroFilterFactoryBean.java:506 >>>> Method = postProcessBeforeInitialization] -- [Content = Ignoring non-Filter bean 'recordOperateQuestionnaireMapper']
[2017-03-23 23:35:17.844] -- [TRACE] -- [main >>>> ShiroFilterFactoryBean.java:506 >>>> Method = postProcessBeforeInitialization] -- [Content = Ignoring non-Filter bean 'roleMapper']
[2017-03-23 23:35:17.871] -- [TRACE] -- [main >>>> ShiroFilterFactoryBean.java:506 >>>> Method = postProcessBeforeInitialization] -- [Content = Ignoring non-Filter bean 'unitMapper']
[2017-03-23 23:35:18.107] -- [TRACE] -- [main >>>> ShiroFilterFactoryBean.java:506 >>>> Method = postProcessBeforeInitialization] -- [Content = Ignoring non-Filter bean 'com.questionnaire.ssm.module.generated.mapper.QuestionnaireMapperTest']
[2017-03-23 23:35:18.650] -- [DEBUG] -- [Thread-2 >>>> LifecycleBeanPostProcessor.java:118 >>>> Method = postProcessBeforeDestruction] -- [Content = Destroying bean [securityManager]...]
[2017-03-23 23:35:18.664] -- [DEBUG] -- [Thread-2 >>>> LifecycleBeanPostProcessor.java:118 >>>> Method = postProcessBeforeDestruction] -- [Content = Destroying bean [cacheManager]...]
[2017-03-23 23:36:59.501] -- [DEBUG] -- [main >>>> LifecycleBeanPostProcessor.java:86 >>>> Method = postProcessBeforeInitialization] -- [Content = Initializing bean [cacheManager]...]
[2017-03-23 23:36:59.510] -- [DEBUG] -- [main >>>> EhCacheManager.java:206 >>>> Method = ensureCacheManager] -- [Content = cacheManager property not set.  Constructing CacheManager instance... ]
[2017-03-23 23:36:59.534] -- [DEBUG] -- [main >>>> ResourceUtils.java:159 >>>> Method = loadFromClassPath] -- [Content = Opening resource from class path [shiro/ehcache.xml]]
[2017-03-23 23:36:59.597] -- [DEBUG] -- [main >>>> ConfigurationFactory.java:148 >>>> Method = parseConfiguration] -- [Content = Configuring ehcache from InputStream]
[2017-03-23 23:36:59.647] -- [DEBUG] -- [main >>>> DiskStoreConfiguration.java:118 >>>> Method = translatePath] -- [Content = Disk Store Path: E:\Project\questionnaire\questionnaire]
[2017-03-23 23:36:59.907] -- [DEBUG] -- [main >>>> PropertyUtil.java:88 >>>> Method = parseProperties] -- [Content = propertiesString is null.]
[2017-03-23 23:36:59.918] -- [DEBUG] -- [main >>>> ConfigurationHelper.java:184 >>>> Method = createCacheManagerEventListener] -- [Content = No CacheManagerEventListenerFactory class specified. Skipping...]
[2017-03-23 23:37:00.059] -- [DEBUG] -- [main >>>> Cache.java:949 >>>> Method = createBootstrapCacheLoader] -- [Content = No BootstrapCacheLoaderFactory class specified. Skipping...]
[2017-03-23 23:37:00.060] -- [DEBUG] -- [main >>>> Cache.java:923 >>>> Method = createCacheWriter] -- [Content = CacheWriter factory not configured. Skipping...]
[2017-03-23 23:37:00.062] -- [DEBUG] -- [main >>>> ConfigurationHelper.java:96 >>>> Method = createCacheExceptionHandler] -- [Content = No CacheExceptionHandlerFactory class specified. Skipping...]
[2017-03-23 23:37:00.070] -- [DEBUG] -- [main >>>> Cache.java:949 >>>> Method = createBootstrapCacheLoader] -- [Content = No BootstrapCacheLoaderFactory class specified. Skipping...]
[2017-03-23 23:37:00.074] -- [DEBUG] -- [main >>>> Cache.java:923 >>>> Method = createCacheWriter] -- [Content = CacheWriter factory not configured. Skipping...]
[2017-03-23 23:37:00.074] -- [DEBUG] -- [main >>>> ConfigurationHelper.java:96 >>>> Method = createCacheExceptionHandler] -- [Content = No CacheExceptionHandlerFactory class specified. Skipping...]
[2017-03-23 23:37:00.075] -- [DEBUG] -- [main >>>> Cache.java:949 >>>> Method = createBootstrapCacheLoader] -- [Content = No BootstrapCacheLoaderFactory class specified. Skipping...]
[2017-03-23 23:37:00.077] -- [DEBUG] -- [main >>>> Cache.java:923 >>>> Method = createCacheWriter] -- [Content = CacheWriter factory not configured. Skipping...]
[2017-03-23 23:37:00.077] -- [DEBUG] -- [main >>>> ConfigurationHelper.java:96 >>>> Method = createCacheExceptionHandler] -- [Content = No CacheExceptionHandlerFactory class specified. Skipping...]
[2017-03-23 23:37:00.078] -- [DEBUG] -- [main >>>> Cache.java:949 >>>> Method = createBootstrapCacheLoader] -- [Content = No BootstrapCacheLoaderFactory class specified. Skipping...]
[2017-03-23 23:37:00.079] -- [DEBUG] -- [main >>>> Cache.java:923 >>>> Method = createCacheWriter] -- [Content = CacheWriter factory not configured. Skipping...]
[2017-03-23 23:37:00.080] -- [DEBUG] -- [main >>>> ConfigurationHelper.java:96 >>>> Method = createCacheExceptionHandler] -- [Content = No CacheExceptionHandlerFactory class specified. Skipping...]
[2017-03-23 23:37:00.080] -- [DEBUG] -- [main >>>> Cache.java:949 >>>> Method = createBootstrapCacheLoader] -- [Content = No BootstrapCacheLoaderFactory class specified. Skipping...]
[2017-03-23 23:37:00.081] -- [DEBUG] -- [main >>>> Cache.java:923 >>>> Method = createCacheWriter] -- [Content = CacheWriter factory not configured. Skipping...]
[2017-03-23 23:37:00.081] -- [DEBUG] -- [main >>>> ConfigurationHelper.java:96 >>>> Method = createCacheExceptionHandler] -- [Content = No CacheExceptionHandlerFactory class specified. Skipping...]
[2017-03-23 23:37:00.082] -- [DEBUG] -- [main >>>> Cache.java:949 >>>> Method = createBootstrapCacheLoader] -- [Content = No BootstrapCacheLoaderFactory class specified. Skipping...]
[2017-03-23 23:37:00.083] -- [DEBUG] -- [main >>>> Cache.java:923 >>>> Method = createCacheWriter] -- [Content = CacheWriter factory not configured. Skipping...]
[2017-03-23 23:37:00.084] -- [DEBUG] -- [main >>>> ConfigurationHelper.java:96 >>>> Method = createCacheExceptionHandler] -- [Content = No CacheExceptionHandlerFactory class specified. Skipping...]
[2017-03-23 23:37:00.106] -- [DEBUG] -- [main >>>> DiskOverflowStorageFactory.java:98 >>>> Method = getDataFile] -- [Content = Deleting data file org.apache.shiro.realm.text.PropertiesRealm-0-accounts.data]
[2017-03-23 23:37:00.211] -- [DEBUG] -- [main >>>> Cache.java:1183 >>>> Method = initialise] -- [Content = Initialised cache: org.apache.shiro.realm.text.PropertiesRealm-0-accounts]
[2017-03-23 23:37:00.212] -- [DEBUG] -- [main >>>> ConfigurationHelper.java:331 >>>> Method = createCacheDecorators] -- [Content = CacheDecoratorFactory not configured. Skipping for 'org.apache.shiro.realm.text.PropertiesRealm-0-accounts'.]
[2017-03-23 23:37:00.213] -- [DEBUG] -- [main >>>> ConfigurationHelper.java:360 >>>> Method = createDefaultCacheDecorators] -- [Content = CacheDecoratorFactory not configured for defaultCache. Skipping for 'org.apache.shiro.realm.text.PropertiesRealm-0-accounts'.]
[2017-03-23 23:37:00.360] -- [WARN] -- [main >>>> Cache.java:992 >>>> Method = initialise] -- [Content = Cache: authenticationCache has a maxElementsInMemory of 0.  In Ehcache 2.0 this has been changed to mean a store with no capacity limit. Set it to 1 if you want no elements cached in memory]
[2017-03-23 23:37:00.368] -- [DEBUG] -- [main >>>> Cache.java:1183 >>>> Method = initialise] -- [Content = Initialised cache: authenticationCache]
[2017-03-23 23:37:00.369] -- [DEBUG] -- [main >>>> ConfigurationHelper.java:331 >>>> Method = createCacheDecorators] -- [Content = CacheDecoratorFactory not configured. Skipping for 'authenticationCache'.]
[2017-03-23 23:37:00.370] -- [DEBUG] -- [main >>>> ConfigurationHelper.java:360 >>>> Method = createDefaultCacheDecorators] -- [Content = CacheDecoratorFactory not configured for defaultCache. Skipping for 'authenticationCache'.]
[2017-03-23 23:37:00.371] -- [WARN] -- [main >>>> Cache.java:992 >>>> Method = initialise] -- [Content = Cache: passwordRetryCache has a maxElementsInMemory of 0.  In Ehcache 2.0 this has been changed to mean a store with no capacity limit. Set it to 1 if you want no elements cached in memory]
[2017-03-23 23:37:00.372] -- [DEBUG] -- [main >>>> Cache.java:1183 >>>> Method = initialise] -- [Content = Initialised cache: passwordRetryCache]
[2017-03-23 23:37:00.373] -- [DEBUG] -- [main >>>> ConfigurationHelper.java:331 >>>> Method = createCacheDecorators] -- [Content = CacheDecoratorFactory not configured. Skipping for 'passwordRetryCache'.]
[2017-03-23 23:37:00.375] -- [DEBUG] -- [main >>>> ConfigurationHelper.java:360 >>>> Method = createDefaultCacheDecorators] -- [Content = CacheDecoratorFactory not configured for defaultCache. Skipping for 'passwordRetryCache'.]
[2017-03-23 23:37:00.376] -- [WARN] -- [main >>>> Cache.java:992 >>>> Method = initialise] -- [Content = Cache: authorizationCache has a maxElementsInMemory of 0.  In Ehcache 2.0 this has been changed to mean a store with no capacity limit. Set it to 1 if you want no elements cached in memory]
[2017-03-23 23:37:00.377] -- [DEBUG] -- [main >>>> Cache.java:1183 >>>> Method = initialise] -- [Content = Initialised cache: authorizationCache]
[2017-03-23 23:37:00.378] -- [DEBUG] -- [main >>>> ConfigurationHelper.java:331 >>>> Method = createCacheDecorators] -- [Content = CacheDecoratorFactory not configured. Skipping for 'authorizationCache'.]
[2017-03-23 23:37:00.378] -- [DEBUG] -- [main >>>> ConfigurationHelper.java:360 >>>> Method = createDefaultCacheDecorators] -- [Content = CacheDecoratorFactory not configured for defaultCache. Skipping for 'authorizationCache'.]
[2017-03-23 23:37:00.392] -- [DEBUG] -- [main >>>> DiskPersistentStorageFactory.java:97 >>>> Method = <init>] -- [Content = Matching data file missing (or empty) for index file. Deleting index file E:\Project\questionnaire\questionnaire\shiro-activeSessionCache.index]
[2017-03-23 23:37:00.395] -- [DEBUG] -- [main >>>> Cache.java:1183 >>>> Method = initialise] -- [Content = Initialised cache: shiro-activeSessionCache]
[2017-03-23 23:37:00.396] -- [DEBUG] -- [main >>>> ConfigurationHelper.java:331 >>>> Method = createCacheDecorators] -- [Content = CacheDecoratorFactory not configured. Skipping for 'shiro-activeSessionCache'.]
[2017-03-23 23:37:00.396] -- [DEBUG] -- [main >>>> ConfigurationHelper.java:360 >>>> Method = createDefaultCacheDecorators] -- [Content = CacheDecoratorFactory not configured for defaultCache. Skipping for 'shiro-activeSessionCache'.]
[2017-03-23 23:37:00.397] -- [TRACE] -- [main >>>> EhCacheManager.java:215 >>>> Method = ensureCacheManager] -- [Content = instantiated Ehcache CacheManager instance.]
[2017-03-23 23:37:00.401] -- [DEBUG] -- [main >>>> EhCacheManager.java:219 >>>> Method = ensureCacheManager] -- [Content = implicit cacheManager created successfully.]
[2017-03-23 23:37:00.419] -- [TRACE] -- [main >>>> EhCacheManager.java:152 >>>> Method = getCache] -- [Content = Acquiring EhCache instance named [passwordRetryCache]]
[2017-03-23 23:37:00.421] -- [INFO] -- [main >>>> EhCacheManager.java:170 >>>> Method = getCache] -- [Content = Using existing EHCache named [passwordRetryCache]]
[2017-03-23 23:37:00.485] -- [DEBUG] -- [main >>>> AuthorizingRealm.java:234 >>>> Method = getAuthorizationCacheLazy] -- [Content = No authorizationCache instance set.  Checking for a cacheManager...]
[2017-03-23 23:37:00.486] -- [DEBUG] -- [main >>>> AuthorizingRealm.java:242 >>>> Method = getAuthorizationCacheLazy] -- [Content = CacheManager [org.apache.shiro.cache.ehcache.EhCacheManager@4784efd9] has been configured.  Building authorization cache named [com.questionnaire.ssm.module.shiro.realm.MyRealm.authorizationCache]]
[2017-03-23 23:37:00.487] -- [TRACE] -- [main >>>> EhCacheManager.java:152 >>>> Method = getCache] -- [Content = Acquiring EhCache instance named [com.questionnaire.ssm.module.shiro.realm.MyRealm.authorizationCache]]
[2017-03-23 23:37:00.489] -- [INFO] -- [main >>>> EhCacheManager.java:159 >>>> Method = getCache] -- [Content = Cache with name 'com.questionnaire.ssm.module.shiro.realm.MyRealm.authorizationCache' does not yet exist.  Creating now.]
[2017-03-23 23:37:00.491] -- [DEBUG] -- [main >>>> Cache.java:1183 >>>> Method = initialise] -- [Content = Initialised cache: com.questionnaire.ssm.module.shiro.realm.MyRealm.authorizationCache]
[2017-03-23 23:37:00.494] -- [DEBUG] -- [main >>>> ConfigurationHelper.java:360 >>>> Method = createDefaultCacheDecorators] -- [Content = CacheDecoratorFactory not configured for defaultCache. Skipping for 'com.questionnaire.ssm.module.shiro.realm.MyRealm.authorizationCache'.]
[2017-03-23 23:37:00.495] -- [INFO] -- [main >>>> EhCacheManager.java:166 >>>> Method = getCache] -- [Content = Added EhCache named [com.questionnaire.ssm.module.shiro.realm.MyRealm.authorizationCache]]
[2017-03-23 23:37:00.499] -- [DEBUG] -- [main >>>> LifecycleBeanPostProcessor.java:86 >>>> Method = postProcessBeforeInitialization] -- [Content = Initializing bean [myRealm]...]
[2017-03-23 23:37:00.802] -- [TRACE] -- [main >>>> Ini.java:554 >>>> Method = splitKeyValue] -- [Content = Discovered key/value pair: /user/login = anon]
[2017-03-23 23:37:00.809] -- [TRACE] -- [main >>>> Ini.java:554 >>>> Method = splitKeyValue] -- [Content = Discovered key/value pair: /user/admin* = authc]
[2017-03-23 23:37:00.818] -- [TRACE] -- [main >>>> Ini.java:169 >>>> Method = cleanName] -- [Content = Specified name was null or empty.  Defaulting to the default section (name = "")]
[2017-03-23 23:37:01.051] -- [TRACE] -- [main >>>> ShiroFilterFactoryBean.java:506 >>>> Method = postProcessBeforeInitialization] -- [Content = Ignoring non-Filter bean 'sysUserController']
[2017-03-23 23:37:01.069] -- [TRACE] -- [main >>>> ShiroFilterFactoryBean.java:506 >>>> Method = postProcessBeforeInitialization] -- [Content = Ignoring non-Filter bean 'userServiceImpl']
[2017-03-23 23:37:01.073] -- [DEBUG] -- [shirocache >>>> UpdateChecker.java:68 >>>> Method = doCheck] -- [Content = Checking for update...]
[2017-03-23 23:37:01.211] -- [TRACE] -- [main >>>> ShiroFilterFactoryBean.java:506 >>>> Method = postProcessBeforeInitialization] -- [Content = Ignoring non-Filter bean 'questionnaireMapper']
[2017-03-23 23:37:01.463] -- [TRACE] -- [main >>>> ShiroFilterFactoryBean.java:506 >>>> Method = postProcessBeforeInitialization] -- [Content = Ignoring non-Filter bean 'questionMapper']
[2017-03-23 23:37:01.581] -- [TRACE] -- [main >>>> ShiroFilterFactoryBean.java:506 >>>> Method = postProcessBeforeInitialization] -- [Content = Ignoring non-Filter bean 'questionOptionMapper']
[2017-03-23 23:37:01.684] -- [TRACE] -- [main >>>> ShiroFilterFactoryBean.java:506 >>>> Method = postProcessBeforeInitialization] -- [Content = Ignoring non-Filter bean 'mappingQuestionnaireQuestionMapper']
[2017-03-23 23:37:01.796] -- [TRACE] -- [main >>>> ShiroFilterFactoryBean.java:506 >>>> Method = postProcessBeforeInitialization] -- [Content = Ignoring non-Filter bean 'questionnaireManagerServiceImpl']
[2017-03-23 23:37:01.912] -- [TRACE] -- [main >>>> ShiroFilterFactoryBean.java:506 >>>> Method = postProcessBeforeInitialization] -- [Content = Ignoring non-Filter bean 'questionnaireManagerController']
[2017-03-23 23:37:01.930] -- [TRACE] -- [main >>>> ShiroFilterFactoryBean.java:506 >>>> Method = postProcessBeforeInitialization] -- [Content = Ignoring non-Filter bean 'insertExceptionHandler']
[2017-03-23 23:37:01.960] -- [TRACE] -- [main >>>> ShiroFilterFactoryBean.java:506 >>>> Method = postProcessBeforeInitialization] -- [Content = Ignoring non-Filter bean 'org.springframework.context.event.internalEventListenerProcessor']
[2017-03-23 23:37:01.980] -- [TRACE] -- [main >>>> ShiroFilterFactoryBean.java:506 >>>> Method = postProcessBeforeInitialization] -- [Content = Ignoring non-Filter bean 'org.springframework.context.event.internalEventListenerFactory']
[2017-03-23 23:37:01.991] -- [TRACE] -- [main >>>> ShiroFilterFactoryBean.java:506 >>>> Method = postProcessBeforeInitialization] -- [Content = Ignoring non-Filter bean 'mappingRolePermissionMapper']
[2017-03-23 23:37:02.029] -- [TRACE] -- [main >>>> ShiroFilterFactoryBean.java:506 >>>> Method = postProcessBeforeInitialization] -- [Content = Ignoring non-Filter bean 'permissionMapper']
[2017-03-23 23:37:02.060] -- [TRACE] -- [main >>>> ShiroFilterFactoryBean.java:506 >>>> Method = postProcessBeforeInitialization] -- [Content = Ignoring non-Filter bean 'recordLoginMapper']
[2017-03-23 23:37:02.108] -- [TRACE] -- [main >>>> ShiroFilterFactoryBean.java:506 >>>> Method = postProcessBeforeInitialization] -- [Content = Ignoring non-Filter bean 'recordOperateQuestionnaireMapper']
[2017-03-23 23:37:02.148] -- [TRACE] -- [main >>>> ShiroFilterFactoryBean.java:506 >>>> Method = postProcessBeforeInitialization] -- [Content = Ignoring non-Filter bean 'roleMapper']
[2017-03-23 23:37:02.182] -- [TRACE] -- [main >>>> ShiroFilterFactoryBean.java:506 >>>> Method = postProcessBeforeInitialization] -- [Content = Ignoring non-Filter bean 'unitMapper']
[2017-03-23 23:37:02.462] -- [TRACE] -- [main >>>> ShiroFilterFactoryBean.java:506 >>>> Method = postProcessBeforeInitialization] -- [Content = Ignoring non-Filter bean 'com.questionnaire.ssm.module.generated.mapper.QuestionnaireMapperTest']
[2017-03-23 23:38:43.503] -- [DEBUG] -- [Thread-2 >>>> LifecycleBeanPostProcessor.java:118 >>>> Method = postProcessBeforeDestruction] -- [Content = Destroying bean [securityManager]...]
[2017-03-23 23:38:43.531] -- [DEBUG] -- [Thread-2 >>>> LifecycleBeanPostProcessor.java:118 >>>> Method = postProcessBeforeDestruction] -- [Content = Destroying bean [cacheManager]...]
[2017-03-23 23:40:23.097] -- [DEBUG] -- [main >>>> LifecycleBeanPostProcessor.java:86 >>>> Method = postProcessBeforeInitialization] -- [Content = Initializing bean [cacheManager]...]
[2017-03-23 23:40:23.105] -- [DEBUG] -- [main >>>> EhCacheManager.java:206 >>>> Method = ensureCacheManager] -- [Content = cacheManager property not set.  Constructing CacheManager instance... ]
[2017-03-23 23:40:23.126] -- [DEBUG] -- [main >>>> ResourceUtils.java:159 >>>> Method = loadFromClassPath] -- [Content = Opening resource from class path [shiro/ehcache.xml]]
[2017-03-23 23:40:23.156] -- [DEBUG] -- [main >>>> ConfigurationFactory.java:148 >>>> Method = parseConfiguration] -- [Content = Configuring ehcache from InputStream]
[2017-03-23 23:40:23.191] -- [DEBUG] -- [main >>>> DiskStoreConfiguration.java:118 >>>> Method = translatePath] -- [Content = Disk Store Path: E:\Project\questionnaire\questionnaire]
[2017-03-23 23:40:23.257] -- [DEBUG] -- [main >>>> PropertyUtil.java:88 >>>> Method = parseProperties] -- [Content = propertiesString is null.]
[2017-03-23 23:40:23.267] -- [DEBUG] -- [main >>>> ConfigurationHelper.java:184 >>>> Method = createCacheManagerEventListener] -- [Content = No CacheManagerEventListenerFactory class specified. Skipping...]
[2017-03-23 23:40:23.331] -- [DEBUG] -- [main >>>> Cache.java:949 >>>> Method = createBootstrapCacheLoader] -- [Content = No BootstrapCacheLoaderFactory class specified. Skipping...]
[2017-03-23 23:40:23.332] -- [DEBUG] -- [main >>>> Cache.java:923 >>>> Method = createCacheWriter] -- [Content = CacheWriter factory not configured. Skipping...]
[2017-03-23 23:40:23.335] -- [DEBUG] -- [main >>>> ConfigurationHelper.java:96 >>>> Method = createCacheExceptionHandler] -- [Content = No CacheExceptionHandlerFactory class specified. Skipping...]
[2017-03-23 23:40:23.343] -- [DEBUG] -- [main >>>> Cache.java:949 >>>> Method = createBootstrapCacheLoader] -- [Content = No BootstrapCacheLoaderFactory class specified. Skipping...]
[2017-03-23 23:40:23.345] -- [DEBUG] -- [main >>>> Cache.java:923 >>>> Method = createCacheWriter] -- [Content = CacheWriter factory not configured. Skipping...]
[2017-03-23 23:40:23.346] -- [DEBUG] -- [main >>>> ConfigurationHelper.java:96 >>>> Method = createCacheExceptionHandler] -- [Content = No CacheExceptionHandlerFactory class specified. Skipping...]
[2017-03-23 23:40:23.346] -- [DEBUG] -- [main >>>> Cache.java:949 >>>> Method = createBootstrapCacheLoader] -- [Content = No BootstrapCacheLoaderFactory class specified. Skipping...]
[2017-03-23 23:40:23.348] -- [DEBUG] -- [main >>>> Cache.java:923 >>>> Method = createCacheWriter] -- [Content = CacheWriter factory not configured. Skipping...]
[2017-03-23 23:40:23.349] -- [DEBUG] -- [main >>>> ConfigurationHelper.java:96 >>>> Method = createCacheExceptionHandler] -- [Content = No CacheExceptionHandlerFactory class specified. Skipping...]
[2017-03-23 23:40:23.350] -- [DEBUG] -- [main >>>> Cache.java:949 >>>> Method = createBootstrapCacheLoader] -- [Content = No BootstrapCacheLoaderFactory class specified. Skipping...]
[2017-03-23 23:40:23.351] -- [DEBUG] -- [main >>>> Cache.java:923 >>>> Method = createCacheWriter] -- [Content = CacheWriter factory not configured. Skipping...]
[2017-03-23 23:40:23.352] -- [DEBUG] -- [main >>>> ConfigurationHelper.java:96 >>>> Method = createCacheExceptionHandler] -- [Content = No CacheExceptionHandlerFactory class specified. Skipping...]
[2017-03-23 23:40:23.353] -- [DEBUG] -- [main >>>> Cache.java:949 >>>> Method = createBootstrapCacheLoader] -- [Content = No BootstrapCacheLoaderFactory class specified. Skipping...]
[2017-03-23 23:40:23.354] -- [DEBUG] -- [main >>>> Cache.java:923 >>>> Method = createCacheWriter] -- [Content = CacheWriter factory not configured. Skipping...]
[2017-03-23 23:40:23.356] -- [DEBUG] -- [main >>>> ConfigurationHelper.java:96 >>>> Method = createCacheExceptionHandler] -- [Content = No CacheExceptionHandlerFactory class specified. Skipping...]
[2017-03-23 23:40:23.357] -- [DEBUG] -- [main >>>> Cache.java:949 >>>> Method = createBootstrapCacheLoader] -- [Content = No BootstrapCacheLoaderFactory class specified. Skipping...]
[2017-03-23 23:40:23.359] -- [DEBUG] -- [main >>>> Cache.java:923 >>>> Method = createCacheWriter] -- [Content = CacheWriter factory not configured. Skipping...]
[2017-03-23 23:40:23.362] -- [DEBUG] -- [main >>>> ConfigurationHelper.java:96 >>>> Method = createCacheExceptionHandler] -- [Content = No CacheExceptionHandlerFactory class specified. Skipping...]
[2017-03-23 23:40:23.389] -- [DEBUG] -- [main >>>> DiskOverflowStorageFactory.java:98 >>>> Method = getDataFile] -- [Content = Deleting data file org.apache.shiro.realm.text.PropertiesRealm-0-accounts.data]
[2017-03-23 23:40:23.442] -- [DEBUG] -- [main >>>> Cache.java:1183 >>>> Method = initialise] -- [Content = Initialised cache: org.apache.shiro.realm.text.PropertiesRealm-0-accounts]
[2017-03-23 23:40:23.443] -- [DEBUG] -- [main >>>> ConfigurationHelper.java:331 >>>> Method = createCacheDecorators] -- [Content = CacheDecoratorFactory not configured. Skipping for 'org.apache.shiro.realm.text.PropertiesRealm-0-accounts'.]
[2017-03-23 23:40:23.448] -- [DEBUG] -- [main >>>> ConfigurationHelper.java:360 >>>> Method = createDefaultCacheDecorators] -- [Content = CacheDecoratorFactory not configured for defaultCache. Skipping for 'org.apache.shiro.realm.text.PropertiesRealm-0-accounts'.]
[2017-03-23 23:40:23.449] -- [WARN] -- [main >>>> Cache.java:992 >>>> Method = initialise] -- [Content = Cache: passwordRetryCache has a maxElementsInMemory of 0.  In Ehcache 2.0 this has been changed to mean a store with no capacity limit. Set it to 1 if you want no elements cached in memory]
[2017-03-23 23:40:23.455] -- [DEBUG] -- [main >>>> Cache.java:1183 >>>> Method = initialise] -- [Content = Initialised cache: passwordRetryCache]
[2017-03-23 23:40:23.456] -- [DEBUG] -- [main >>>> ConfigurationHelper.java:331 >>>> Method = createCacheDecorators] -- [Content = CacheDecoratorFactory not configured. Skipping for 'passwordRetryCache'.]
[2017-03-23 23:40:23.457] -- [DEBUG] -- [main >>>> ConfigurationHelper.java:360 >>>> Method = createDefaultCacheDecorators] -- [Content = CacheDecoratorFactory not configured for defaultCache. Skipping for 'passwordRetryCache'.]
[2017-03-23 23:40:23.458] -- [WARN] -- [main >>>> Cache.java:992 >>>> Method = initialise] -- [Content = Cache: authorizationCache has a maxElementsInMemory of 0.  In Ehcache 2.0 this has been changed to mean a store with no capacity limit. Set it to 1 if you want no elements cached in memory]
[2017-03-23 23:40:23.461] -- [DEBUG] -- [main >>>> Cache.java:1183 >>>> Method = initialise] -- [Content = Initialised cache: authorizationCache]
[2017-03-23 23:40:23.462] -- [DEBUG] -- [main >>>> ConfigurationHelper.java:331 >>>> Method = createCacheDecorators] -- [Content = CacheDecoratorFactory not configured. Skipping for 'authorizationCache'.]
[2017-03-23 23:40:23.464] -- [DEBUG] -- [main >>>> ConfigurationHelper.java:360 >>>> Method = createDefaultCacheDecorators] -- [Content = CacheDecoratorFactory not configured for defaultCache. Skipping for 'authorizationCache'.]
[2017-03-23 23:40:23.480] -- [DEBUG] -- [main >>>> DiskPersistentStorageFactory.java:97 >>>> Method = <init>] -- [Content = Matching data file missing (or empty) for index file. Deleting index file E:\Project\questionnaire\questionnaire\shiro-activeSessionCache.index]
[2017-03-23 23:40:23.485] -- [DEBUG] -- [main >>>> Cache.java:1183 >>>> Method = initialise] -- [Content = Initialised cache: shiro-activeSessionCache]
[2017-03-23 23:40:23.486] -- [DEBUG] -- [main >>>> ConfigurationHelper.java:331 >>>> Method = createCacheDecorators] -- [Content = CacheDecoratorFactory not configured. Skipping for 'shiro-activeSessionCache'.]
[2017-03-23 23:40:23.486] -- [DEBUG] -- [main >>>> ConfigurationHelper.java:360 >>>> Method = createDefaultCacheDecorators] -- [Content = CacheDecoratorFactory not configured for defaultCache. Skipping for 'shiro-activeSessionCache'.]
[2017-03-23 23:40:23.487] -- [WARN] -- [main >>>> Cache.java:992 >>>> Method = initialise] -- [Content = Cache: authenticationCache has a maxElementsInMemory of 0.  In Ehcache 2.0 this has been changed to mean a store with no capacity limit. Set it to 1 if you want no elements cached in memory]
[2017-03-23 23:40:23.488] -- [DEBUG] -- [main >>>> Cache.java:1183 >>>> Method = initialise] -- [Content = Initialised cache: authenticationCache]
[2017-03-23 23:40:23.489] -- [DEBUG] -- [main >>>> ConfigurationHelper.java:331 >>>> Method = createCacheDecorators] -- [Content = CacheDecoratorFactory not configured. Skipping for 'authenticationCache'.]
[2017-03-23 23:40:23.490] -- [DEBUG] -- [main >>>> ConfigurationHelper.java:360 >>>> Method = createDefaultCacheDecorators] -- [Content = CacheDecoratorFactory not configured for defaultCache. Skipping for 'authenticationCache'.]
[2017-03-23 23:40:23.492] -- [TRACE] -- [main >>>> EhCacheManager.java:215 >>>> Method = ensureCacheManager] -- [Content = instantiated Ehcache CacheManager instance.]
[2017-03-23 23:40:23.494] -- [DEBUG] -- [main >>>> EhCacheManager.java:219 >>>> Method = ensureCacheManager] -- [Content = implicit cacheManager created successfully.]
[2017-03-23 23:40:23.505] -- [TRACE] -- [main >>>> EhCacheManager.java:152 >>>> Method = getCache] -- [Content = Acquiring EhCache instance named [passwordRetryCache]]
[2017-03-23 23:40:23.507] -- [INFO] -- [main >>>> EhCacheManager.java:170 >>>> Method = getCache] -- [Content = Using existing EHCache named [passwordRetryCache]]
[2017-03-23 23:40:23.556] -- [DEBUG] -- [main >>>> AuthorizingRealm.java:234 >>>> Method = getAuthorizationCacheLazy] -- [Content = No authorizationCache instance set.  Checking for a cacheManager...]
[2017-03-23 23:40:23.558] -- [DEBUG] -- [main >>>> AuthorizingRealm.java:242 >>>> Method = getAuthorizationCacheLazy] -- [Content = CacheManager [org.apache.shiro.cache.ehcache.EhCacheManager@3ee39da0] has been configured.  Building authorization cache named [com.questionnaire.ssm.module.shiro.realm.MyRealm.authorizationCache]]
[2017-03-23 23:40:23.559] -- [TRACE] -- [main >>>> EhCacheManager.java:152 >>>> Method = getCache] -- [Content = Acquiring EhCache instance named [com.questionnaire.ssm.module.shiro.realm.MyRealm.authorizationCache]]
[2017-03-23 23:40:23.560] -- [INFO] -- [main >>>> EhCacheManager.java:159 >>>> Method = getCache] -- [Content = Cache with name 'com.questionnaire.ssm.module.shiro.realm.MyRealm.authorizationCache' does not yet exist.  Creating now.]
[2017-03-23 23:40:23.569] -- [DEBUG] -- [main >>>> Cache.java:1183 >>>> Method = initialise] -- [Content = Initialised cache: com.questionnaire.ssm.module.shiro.realm.MyRealm.authorizationCache]
[2017-03-23 23:40:23.571] -- [DEBUG] -- [main >>>> ConfigurationHelper.java:360 >>>> Method = createDefaultCacheDecorators] -- [Content = CacheDecoratorFactory not configured for defaultCache. Skipping for 'com.questionnaire.ssm.module.shiro.realm.MyRealm.authorizationCache'.]
[2017-03-23 23:40:23.574] -- [INFO] -- [main >>>> EhCacheManager.java:166 >>>> Method = getCache] -- [Content = Added EhCache named [com.questionnaire.ssm.module.shiro.realm.MyRealm.authorizationCache]]
[2017-03-23 23:40:23.576] -- [DEBUG] -- [main >>>> LifecycleBeanPostProcessor.java:86 >>>> Method = postProcessBeforeInitialization] -- [Content = Initializing bean [myRealm]...]
[2017-03-23 23:40:23.714] -- [TRACE] -- [main >>>> Ini.java:554 >>>> Method = splitKeyValue] -- [Content = Discovered key/value pair: /user/login = anon]
[2017-03-23 23:40:23.716] -- [TRACE] -- [main >>>> Ini.java:554 >>>> Method = splitKeyValue] -- [Content = Discovered key/value pair: /user/admin* = authc]
[2017-03-23 23:40:23.720] -- [TRACE] -- [main >>>> Ini.java:169 >>>> Method = cleanName] -- [Content = Specified name was null or empty.  Defaulting to the default section (name = "")]
[2017-03-23 23:40:23.786] -- [TRACE] -- [main >>>> ShiroFilterFactoryBean.java:506 >>>> Method = postProcessBeforeInitialization] -- [Content = Ignoring non-Filter bean 'sysUserController']
[2017-03-23 23:40:23.803] -- [TRACE] -- [main >>>> ShiroFilterFactoryBean.java:506 >>>> Method = postProcessBeforeInitialization] -- [Content = Ignoring non-Filter bean 'userServiceImpl']
[2017-03-23 23:40:23.874] -- [TRACE] -- [main >>>> ShiroFilterFactoryBean.java:506 >>>> Method = postProcessBeforeInitialization] -- [Content = Ignoring non-Filter bean 'questionnaireMapper']
[2017-03-23 23:40:23.919] -- [TRACE] -- [main >>>> ShiroFilterFactoryBean.java:506 >>>> Method = postProcessBeforeInitialization] -- [Content = Ignoring non-Filter bean 'questionMapper']
[2017-03-23 23:40:23.981] -- [TRACE] -- [main >>>> ShiroFilterFactoryBean.java:506 >>>> Method = postProcessBeforeInitialization] -- [Content = Ignoring non-Filter bean 'questionOptionMapper']
[2017-03-23 23:40:24.058] -- [TRACE] -- [main >>>> ShiroFilterFactoryBean.java:506 >>>> Method = postProcessBeforeInitialization] -- [Content = Ignoring non-Filter bean 'mappingQuestionnaireQuestionMapper']
[2017-03-23 23:40:24.098] -- [TRACE] -- [main >>>> ShiroFilterFactoryBean.java:506 >>>> Method = postProcessBeforeInitialization] -- [Content = Ignoring non-Filter bean 'questionnaireManagerServiceImpl']
[2017-03-23 23:40:24.147] -- [TRACE] -- [main >>>> ShiroFilterFactoryBean.java:506 >>>> Method = postProcessBeforeInitialization] -- [Content = Ignoring non-Filter bean 'questionnaireManagerController']
[2017-03-23 23:40:24.157] -- [TRACE] -- [main >>>> ShiroFilterFactoryBean.java:506 >>>> Method = postProcessBeforeInitialization] -- [Content = Ignoring non-Filter bean 'insertExceptionHandler']
[2017-03-23 23:40:24.169] -- [TRACE] -- [main >>>> ShiroFilterFactoryBean.java:506 >>>> Method = postProcessBeforeInitialization] -- [Content = Ignoring non-Filter bean 'org.springframework.context.event.internalEventListenerProcessor']
[2017-03-23 23:40:24.178] -- [TRACE] -- [main >>>> ShiroFilterFactoryBean.java:506 >>>> Method = postProcessBeforeInitialization] -- [Content = Ignoring non-Filter bean 'org.springframework.context.event.internalEventListenerFactory']
[2017-03-23 23:40:24.184] -- [TRACE] -- [main >>>> ShiroFilterFactoryBean.java:506 >>>> Method = postProcessBeforeInitialization] -- [Content = Ignoring non-Filter bean 'mappingRolePermissionMapper']
[2017-03-23 23:40:24.200] -- [TRACE] -- [main >>>> ShiroFilterFactoryBean.java:506 >>>> Method = postProcessBeforeInitialization] -- [Content = Ignoring non-Filter bean 'permissionMapper']
[2017-03-23 23:40:24.248] -- [TRACE] -- [main >>>> ShiroFilterFactoryBean.java:506 >>>> Method = postProcessBeforeInitialization] -- [Content = Ignoring non-Filter bean 'recordLoginMapper']
[2017-03-23 23:40:24.271] -- [TRACE] -- [main >>>> ShiroFilterFactoryBean.java:506 >>>> Method = postProcessBeforeInitialization] -- [Content = Ignoring non-Filter bean 'recordOperateQuestionnaireMapper']
[2017-03-23 23:40:24.304] -- [TRACE] -- [main >>>> ShiroFilterFactoryBean.java:506 >>>> Method = postProcessBeforeInitialization] -- [Content = Ignoring non-Filter bean 'roleMapper']
[2017-03-23 23:40:24.327] -- [TRACE] -- [main >>>> ShiroFilterFactoryBean.java:506 >>>> Method = postProcessBeforeInitialization] -- [Content = Ignoring non-Filter bean 'unitMapper']
[2017-03-23 23:40:24.342] -- [DEBUG] -- [shirocache >>>> UpdateChecker.java:68 >>>> Method = doCheck] -- [Content = Checking for update...]
[2017-03-23 23:40:24.490] -- [TRACE] -- [main >>>> ShiroFilterFactoryBean.java:506 >>>> Method = postProcessBeforeInitialization] -- [Content = Ignoring non-Filter bean 'com.questionnaire.ssm.module.generated.mapper.QuestionnaireMapperTest']
[2017-03-23 23:40:25.155] -- [DEBUG] -- [Thread-2 >>>> LifecycleBeanPostProcessor.java:118 >>>> Method = postProcessBeforeDestruction] -- [Content = Destroying bean [securityManager]...]
[2017-03-23 23:40:25.171] -- [DEBUG] -- [Thread-2 >>>> LifecycleBeanPostProcessor.java:118 >>>> Method = postProcessBeforeDestruction] -- [Content = Destroying bean [cacheManager]...]
