[2017-03-24 11:17:52.613] -- [DEBUG] -- [main >>>> LifecycleBeanPostProcessor.java:86 >>>> Method = postProcessBeforeInitialization] -- [Content = Initializing bean [cacheManager]...]
[2017-03-24 11:17:52.618] -- [DEBUG] -- [main >>>> EhCacheManager.java:206 >>>> Method = ensureCacheManager] -- [Content = cacheManager property not set.  Constructing CacheManager instance... ]
[2017-03-24 11:17:52.634] -- [DEBUG] -- [main >>>> ResourceUtils.java:159 >>>> Method = loadFromClassPath] -- [Content = Opening resource from class path [shiro/ehcache.xml]]
[2017-03-24 11:17:52.655] -- [DEBUG] -- [main >>>> ConfigurationFactory.java:148 >>>> Method = parseConfiguration] -- [Content = Configuring ehcache from InputStream]
[2017-03-24 11:17:52.774] -- [DEBUG] -- [main >>>> DiskStoreConfiguration.java:118 >>>> Method = translatePath] -- [Content = Disk Store Path: E:\Project\questionnaire\questionnaire]
[2017-03-24 11:17:52.826] -- [DEBUG] -- [main >>>> PropertyUtil.java:88 >>>> Method = parseProperties] -- [Content = propertiesString is null.]
[2017-03-24 11:17:52.834] -- [DEBUG] -- [main >>>> ConfigurationHelper.java:184 >>>> Method = createCacheManagerEventListener] -- [Content = No CacheManagerEventListenerFactory class specified. Skipping...]
[2017-03-24 11:17:52.885] -- [DEBUG] -- [main >>>> Cache.java:949 >>>> Method = createBootstrapCacheLoader] -- [Content = No BootstrapCacheLoaderFactory class specified. Skipping...]
[2017-03-24 11:17:52.888] -- [DEBUG] -- [main >>>> Cache.java:923 >>>> Method = createCacheWriter] -- [Content = CacheWriter factory not configured. Skipping...]
[2017-03-24 11:17:52.891] -- [DEBUG] -- [main >>>> ConfigurationHelper.java:96 >>>> Method = createCacheExceptionHandler] -- [Content = No CacheExceptionHandlerFactory class specified. Skipping...]
[2017-03-24 11:17:52.897] -- [DEBUG] -- [main >>>> Cache.java:949 >>>> Method = createBootstrapCacheLoader] -- [Content = No BootstrapCacheLoaderFactory class specified. Skipping...]
[2017-03-24 11:17:52.898] -- [DEBUG] -- [main >>>> Cache.java:923 >>>> Method = createCacheWriter] -- [Content = CacheWriter factory not configured. Skipping...]
[2017-03-24 11:17:52.898] -- [DEBUG] -- [main >>>> ConfigurationHelper.java:96 >>>> Method = createCacheExceptionHandler] -- [Content = No CacheExceptionHandlerFactory class specified. Skipping...]
[2017-03-24 11:17:52.899] -- [DEBUG] -- [main >>>> Cache.java:949 >>>> Method = createBootstrapCacheLoader] -- [Content = No BootstrapCacheLoaderFactory class specified. Skipping...]
[2017-03-24 11:17:52.899] -- [DEBUG] -- [main >>>> Cache.java:923 >>>> Method = createCacheWriter] -- [Content = CacheWriter factory not configured. Skipping...]
[2017-03-24 11:17:52.900] -- [DEBUG] -- [main >>>> ConfigurationHelper.java:96 >>>> Method = createCacheExceptionHandler] -- [Content = No CacheExceptionHandlerFactory class specified. Skipping...]
[2017-03-24 11:17:52.901] -- [DEBUG] -- [main >>>> Cache.java:949 >>>> Method = createBootstrapCacheLoader] -- [Content = No BootstrapCacheLoaderFactory class specified. Skipping...]
[2017-03-24 11:17:52.902] -- [DEBUG] -- [main >>>> Cache.java:923 >>>> Method = createCacheWriter] -- [Content = CacheWriter factory not configured. Skipping...]
[2017-03-24 11:17:52.904] -- [DEBUG] -- [main >>>> ConfigurationHelper.java:96 >>>> Method = createCacheExceptionHandler] -- [Content = No CacheExceptionHandlerFactory class specified. Skipping...]
[2017-03-24 11:17:52.906] -- [DEBUG] -- [main >>>> Cache.java:949 >>>> Method = createBootstrapCacheLoader] -- [Content = No BootstrapCacheLoaderFactory class specified. Skipping...]
[2017-03-24 11:17:52.907] -- [DEBUG] -- [main >>>> Cache.java:923 >>>> Method = createCacheWriter] -- [Content = CacheWriter factory not configured. Skipping...]
[2017-03-24 11:17:52.909] -- [DEBUG] -- [main >>>> ConfigurationHelper.java:96 >>>> Method = createCacheExceptionHandler] -- [Content = No CacheExceptionHandlerFactory class specified. Skipping...]
[2017-03-24 11:17:52.909] -- [DEBUG] -- [main >>>> Cache.java:949 >>>> Method = createBootstrapCacheLoader] -- [Content = No BootstrapCacheLoaderFactory class specified. Skipping...]
[2017-03-24 11:17:52.910] -- [DEBUG] -- [main >>>> Cache.java:923 >>>> Method = createCacheWriter] -- [Content = CacheWriter factory not configured. Skipping...]
[2017-03-24 11:17:52.911] -- [DEBUG] -- [main >>>> ConfigurationHelper.java:96 >>>> Method = createCacheExceptionHandler] -- [Content = No CacheExceptionHandlerFactory class specified. Skipping...]
[2017-03-24 11:17:52.928] -- [DEBUG] -- [main >>>> DiskOverflowStorageFactory.java:98 >>>> Method = getDataFile] -- [Content = Deleting data file org.apache.shiro.realm.text.PropertiesRealm-0-accounts.data]
[2017-03-24 11:17:52.971] -- [DEBUG] -- [main >>>> Cache.java:1183 >>>> Method = initialise] -- [Content = Initialised cache: org.apache.shiro.realm.text.PropertiesRealm-0-accounts]
[2017-03-24 11:17:52.971] -- [DEBUG] -- [main >>>> ConfigurationHelper.java:331 >>>> Method = createCacheDecorators] -- [Content = CacheDecoratorFactory not configured. Skipping for 'org.apache.shiro.realm.text.PropertiesRealm-0-accounts'.]
[2017-03-24 11:17:52.972] -- [DEBUG] -- [main >>>> ConfigurationHelper.java:360 >>>> Method = createDefaultCacheDecorators] -- [Content = CacheDecoratorFactory not configured for defaultCache. Skipping for 'org.apache.shiro.realm.text.PropertiesRealm-0-accounts'.]
[2017-03-24 11:17:52.975] -- [WARN] -- [main >>>> Cache.java:992 >>>> Method = initialise] -- [Content = Cache: authenticationCache has a maxElementsInMemory of 0.  In Ehcache 2.0 this has been changed to mean a store with no capacity limit. Set it to 1 if you want no elements cached in memory]
[2017-03-24 11:17:52.980] -- [DEBUG] -- [main >>>> Cache.java:1183 >>>> Method = initialise] -- [Content = Initialised cache: authenticationCache]
[2017-03-24 11:17:52.981] -- [DEBUG] -- [main >>>> ConfigurationHelper.java:331 >>>> Method = createCacheDecorators] -- [Content = CacheDecoratorFactory not configured. Skipping for 'authenticationCache'.]
[2017-03-24 11:17:52.988] -- [DEBUG] -- [main >>>> ConfigurationHelper.java:360 >>>> Method = createDefaultCacheDecorators] -- [Content = CacheDecoratorFactory not configured for defaultCache. Skipping for 'authenticationCache'.]
[2017-03-24 11:17:52.989] -- [WARN] -- [main >>>> Cache.java:992 >>>> Method = initialise] -- [Content = Cache: authorizationCache has a maxElementsInMemory of 0.  In Ehcache 2.0 this has been changed to mean a store with no capacity limit. Set it to 1 if you want no elements cached in memory]
[2017-03-24 11:17:52.991] -- [DEBUG] -- [main >>>> Cache.java:1183 >>>> Method = initialise] -- [Content = Initialised cache: authorizationCache]
[2017-03-24 11:17:52.991] -- [DEBUG] -- [main >>>> ConfigurationHelper.java:331 >>>> Method = createCacheDecorators] -- [Content = CacheDecoratorFactory not configured. Skipping for 'authorizationCache'.]
[2017-03-24 11:17:52.993] -- [DEBUG] -- [main >>>> ConfigurationHelper.java:360 >>>> Method = createDefaultCacheDecorators] -- [Content = CacheDecoratorFactory not configured for defaultCache. Skipping for 'authorizationCache'.]
[2017-03-24 11:17:53.148] -- [DEBUG] -- [main >>>> DiskPersistentStorageFactory.java:97 >>>> Method = <init>] -- [Content = Matching data file missing (or empty) for index file. Deleting index file E:\Project\questionnaire\questionnaire\shiro-activeSessionCache.index]
[2017-03-24 11:17:53.158] -- [DEBUG] -- [main >>>> Cache.java:1183 >>>> Method = initialise] -- [Content = Initialised cache: shiro-activeSessionCache]
[2017-03-24 11:17:53.159] -- [DEBUG] -- [main >>>> ConfigurationHelper.java:331 >>>> Method = createCacheDecorators] -- [Content = CacheDecoratorFactory not configured. Skipping for 'shiro-activeSessionCache'.]
[2017-03-24 11:17:53.160] -- [DEBUG] -- [main >>>> ConfigurationHelper.java:360 >>>> Method = createDefaultCacheDecorators] -- [Content = CacheDecoratorFactory not configured for defaultCache. Skipping for 'shiro-activeSessionCache'.]
[2017-03-24 11:17:53.160] -- [WARN] -- [main >>>> Cache.java:992 >>>> Method = initialise] -- [Content = Cache: passwordRetryCache has a maxElementsInMemory of 0.  In Ehcache 2.0 this has been changed to mean a store with no capacity limit. Set it to 1 if you want no elements cached in memory]
[2017-03-24 11:17:53.161] -- [DEBUG] -- [main >>>> Cache.java:1183 >>>> Method = initialise] -- [Content = Initialised cache: passwordRetryCache]
[2017-03-24 11:17:53.167] -- [DEBUG] -- [main >>>> ConfigurationHelper.java:331 >>>> Method = createCacheDecorators] -- [Content = CacheDecoratorFactory not configured. Skipping for 'passwordRetryCache'.]
[2017-03-24 11:17:53.168] -- [DEBUG] -- [main >>>> ConfigurationHelper.java:360 >>>> Method = createDefaultCacheDecorators] -- [Content = CacheDecoratorFactory not configured for defaultCache. Skipping for 'passwordRetryCache'.]
[2017-03-24 11:17:53.170] -- [TRACE] -- [main >>>> EhCacheManager.java:215 >>>> Method = ensureCacheManager] -- [Content = instantiated Ehcache CacheManager instance.]
[2017-03-24 11:17:53.175] -- [DEBUG] -- [main >>>> EhCacheManager.java:219 >>>> Method = ensureCacheManager] -- [Content = implicit cacheManager created successfully.]
[2017-03-24 11:17:53.208] -- [TRACE] -- [main >>>> EhCacheManager.java:152 >>>> Method = getCache] -- [Content = Acquiring EhCache instance named [passwordRetryCache]]
[2017-03-24 11:17:53.208] -- [INFO] -- [main >>>> EhCacheManager.java:170 >>>> Method = getCache] -- [Content = Using existing EHCache named [passwordRetryCache]]
[2017-03-24 11:17:53.253] -- [DEBUG] -- [main >>>> AuthorizingRealm.java:234 >>>> Method = getAuthorizationCacheLazy] -- [Content = No authorizationCache instance set.  Checking for a cacheManager...]
[2017-03-24 11:17:53.259] -- [DEBUG] -- [main >>>> AuthorizingRealm.java:242 >>>> Method = getAuthorizationCacheLazy] -- [Content = CacheManager [org.apache.shiro.cache.ehcache.EhCacheManager@46292372] has been configured.  Building authorization cache named [com.questionnaire.ssm.module.shiro.realm.MyRealm.authorizationCache]]
[2017-03-24 11:17:53.261] -- [TRACE] -- [main >>>> EhCacheManager.java:152 >>>> Method = getCache] -- [Content = Acquiring EhCache instance named [com.questionnaire.ssm.module.shiro.realm.MyRealm.authorizationCache]]
[2017-03-24 11:17:53.269] -- [INFO] -- [main >>>> EhCacheManager.java:159 >>>> Method = getCache] -- [Content = Cache with name 'com.questionnaire.ssm.module.shiro.realm.MyRealm.authorizationCache' does not yet exist.  Creating now.]
[2017-03-24 11:17:53.274] -- [DEBUG] -- [main >>>> Cache.java:1183 >>>> Method = initialise] -- [Content = Initialised cache: com.questionnaire.ssm.module.shiro.realm.MyRealm.authorizationCache]
[2017-03-24 11:17:53.280] -- [DEBUG] -- [main >>>> ConfigurationHelper.java:360 >>>> Method = createDefaultCacheDecorators] -- [Content = CacheDecoratorFactory not configured for defaultCache. Skipping for 'com.questionnaire.ssm.module.shiro.realm.MyRealm.authorizationCache'.]
[2017-03-24 11:17:53.281] -- [INFO] -- [main >>>> EhCacheManager.java:166 >>>> Method = getCache] -- [Content = Added EhCache named [com.questionnaire.ssm.module.shiro.realm.MyRealm.authorizationCache]]
[2017-03-24 11:17:53.281] -- [DEBUG] -- [main >>>> LifecycleBeanPostProcessor.java:86 >>>> Method = postProcessBeforeInitialization] -- [Content = Initializing bean [myRealm]...]
[2017-03-24 11:17:53.560] -- [TRACE] -- [main >>>> Ini.java:554 >>>> Method = splitKeyValue] -- [Content = Discovered key/value pair: /user/login = anon]
[2017-03-24 11:17:53.560] -- [TRACE] -- [main >>>> Ini.java:554 >>>> Method = splitKeyValue] -- [Content = Discovered key/value pair: /user/admin* = authc]
[2017-03-24 11:17:53.563] -- [TRACE] -- [main >>>> Ini.java:169 >>>> Method = cleanName] -- [Content = Specified name was null or empty.  Defaulting to the default section (name = "")]
[2017-03-24 11:17:53.679] -- [TRACE] -- [main >>>> ShiroFilterFactoryBean.java:506 >>>> Method = postProcessBeforeInitialization] -- [Content = Ignoring non-Filter bean 'questionnaireManagerAspect']
[2017-03-24 11:17:53.698] -- [TRACE] -- [main >>>> ShiroFilterFactoryBean.java:506 >>>> Method = postProcessBeforeInitialization] -- [Content = Ignoring non-Filter bean 'sysUserController']
[2017-03-24 11:17:53.717] -- [TRACE] -- [main >>>> ShiroFilterFactoryBean.java:506 >>>> Method = postProcessBeforeInitialization] -- [Content = Ignoring non-Filter bean 'userServiceImpl']
[2017-03-24 11:17:53.826] -- [TRACE] -- [main >>>> ShiroFilterFactoryBean.java:506 >>>> Method = postProcessBeforeInitialization] -- [Content = Ignoring non-Filter bean 'questionnaireMapper']
[2017-03-24 11:17:53.891] -- [TRACE] -- [main >>>> ShiroFilterFactoryBean.java:506 >>>> Method = postProcessBeforeInitialization] -- [Content = Ignoring non-Filter bean 'questionMapper']
[2017-03-24 11:17:53.929] -- [DEBUG] -- [shirocache >>>> UpdateChecker.java:68 >>>> Method = doCheck] -- [Content = Checking for update...]
[2017-03-24 11:17:54.015] -- [TRACE] -- [main >>>> ShiroFilterFactoryBean.java:506 >>>> Method = postProcessBeforeInitialization] -- [Content = Ignoring non-Filter bean 'questionOptionMapper']
[2017-03-24 11:17:54.198] -- [TRACE] -- [main >>>> ShiroFilterFactoryBean.java:506 >>>> Method = postProcessBeforeInitialization] -- [Content = Ignoring non-Filter bean 'mappingQuestionnaireQuestionMapper']
[2017-03-24 11:17:54.237] -- [TRACE] -- [main >>>> ShiroFilterFactoryBean.java:506 >>>> Method = postProcessBeforeInitialization] -- [Content = Ignoring non-Filter bean 'questionnaireManagerServiceImpl']
[2017-03-24 11:17:54.322] -- [TRACE] -- [main >>>> ShiroFilterFactoryBean.java:506 >>>> Method = postProcessBeforeInitialization] -- [Content = Ignoring non-Filter bean 'questionnaireManagerController']
[2017-03-24 11:17:54.334] -- [TRACE] -- [main >>>> ShiroFilterFactoryBean.java:506 >>>> Method = postProcessBeforeInitialization] -- [Content = Ignoring non-Filter bean 'insertExceptionHandler']
[2017-03-24 11:17:54.349] -- [TRACE] -- [main >>>> ShiroFilterFactoryBean.java:506 >>>> Method = postProcessBeforeInitialization] -- [Content = Ignoring non-Filter bean 'org.springframework.context.event.internalEventListenerProcessor']
[2017-03-24 11:17:54.365] -- [TRACE] -- [main >>>> ShiroFilterFactoryBean.java:506 >>>> Method = postProcessBeforeInitialization] -- [Content = Ignoring non-Filter bean 'org.springframework.context.event.internalEventListenerFactory']
[2017-03-24 11:17:54.374] -- [TRACE] -- [main >>>> ShiroFilterFactoryBean.java:506 >>>> Method = postProcessBeforeInitialization] -- [Content = Ignoring non-Filter bean 'mappingRolePermissionMapper']
[2017-03-24 11:17:54.388] -- [TRACE] -- [main >>>> ShiroFilterFactoryBean.java:506 >>>> Method = postProcessBeforeInitialization] -- [Content = Ignoring non-Filter bean 'permissionMapper']
[2017-03-24 11:17:54.397] -- [TRACE] -- [main >>>> ShiroFilterFactoryBean.java:506 >>>> Method = postProcessBeforeInitialization] -- [Content = Ignoring non-Filter bean 'recordLoginMapper']
[2017-03-24 11:17:54.444] -- [TRACE] -- [main >>>> ShiroFilterFactoryBean.java:506 >>>> Method = postProcessBeforeInitialization] -- [Content = Ignoring non-Filter bean 'recordOperateQuestionnaireMapper']
[2017-03-24 11:17:54.480] -- [TRACE] -- [main >>>> ShiroFilterFactoryBean.java:506 >>>> Method = postProcessBeforeInitialization] -- [Content = Ignoring non-Filter bean 'roleMapper']
[2017-03-24 11:17:54.494] -- [TRACE] -- [main >>>> ShiroFilterFactoryBean.java:506 >>>> Method = postProcessBeforeInitialization] -- [Content = Ignoring non-Filter bean 'unitMapper']
[2017-03-24 11:17:54.659] -- [TRACE] -- [main >>>> ShiroFilterFactoryBean.java:506 >>>> Method = postProcessBeforeInitialization] -- [Content = Ignoring non-Filter bean 'com.questionnaire.ssm.module.generated.mapper.QuestionnaireMapperTest']
[2017-03-24 11:17:55.327] -- [DEBUG] -- [Thread-2 >>>> LifecycleBeanPostProcessor.java:118 >>>> Method = postProcessBeforeDestruction] -- [Content = Destroying bean [securityManager]...]
[2017-03-24 11:17:55.343] -- [DEBUG] -- [Thread-2 >>>> LifecycleBeanPostProcessor.java:118 >>>> Method = postProcessBeforeDestruction] -- [Content = Destroying bean [cacheManager]...]
[2017-03-24 11:22:44.864] -- [DEBUG] -- [main >>>> LifecycleBeanPostProcessor.java:86 >>>> Method = postProcessBeforeInitialization] -- [Content = Initializing bean [cacheManager]...]
[2017-03-24 11:22:44.869] -- [DEBUG] -- [main >>>> EhCacheManager.java:206 >>>> Method = ensureCacheManager] -- [Content = cacheManager property not set.  Constructing CacheManager instance... ]
[2017-03-24 11:22:44.881] -- [DEBUG] -- [main >>>> ResourceUtils.java:159 >>>> Method = loadFromClassPath] -- [Content = Opening resource from class path [shiro/ehcache.xml]]
[2017-03-24 11:22:44.899] -- [DEBUG] -- [main >>>> ConfigurationFactory.java:148 >>>> Method = parseConfiguration] -- [Content = Configuring ehcache from InputStream]
[2017-03-24 11:22:44.930] -- [DEBUG] -- [main >>>> DiskStoreConfiguration.java:118 >>>> Method = translatePath] -- [Content = Disk Store Path: E:\Project\questionnaire\questionnaire]
[2017-03-24 11:22:44.974] -- [DEBUG] -- [main >>>> PropertyUtil.java:88 >>>> Method = parseProperties] -- [Content = propertiesString is null.]
[2017-03-24 11:22:44.979] -- [DEBUG] -- [main >>>> ConfigurationHelper.java:184 >>>> Method = createCacheManagerEventListener] -- [Content = No CacheManagerEventListenerFactory class specified. Skipping...]
[2017-03-24 11:22:45.036] -- [DEBUG] -- [main >>>> Cache.java:949 >>>> Method = createBootstrapCacheLoader] -- [Content = No BootstrapCacheLoaderFactory class specified. Skipping...]
[2017-03-24 11:22:45.037] -- [DEBUG] -- [main >>>> Cache.java:923 >>>> Method = createCacheWriter] -- [Content = CacheWriter factory not configured. Skipping...]
[2017-03-24 11:22:45.039] -- [DEBUG] -- [main >>>> ConfigurationHelper.java:96 >>>> Method = createCacheExceptionHandler] -- [Content = No CacheExceptionHandlerFactory class specified. Skipping...]
[2017-03-24 11:22:45.044] -- [DEBUG] -- [main >>>> Cache.java:949 >>>> Method = createBootstrapCacheLoader] -- [Content = No BootstrapCacheLoaderFactory class specified. Skipping...]
[2017-03-24 11:22:45.045] -- [DEBUG] -- [main >>>> Cache.java:923 >>>> Method = createCacheWriter] -- [Content = CacheWriter factory not configured. Skipping...]
[2017-03-24 11:22:45.046] -- [DEBUG] -- [main >>>> ConfigurationHelper.java:96 >>>> Method = createCacheExceptionHandler] -- [Content = No CacheExceptionHandlerFactory class specified. Skipping...]
[2017-03-24 11:22:45.046] -- [DEBUG] -- [main >>>> Cache.java:949 >>>> Method = createBootstrapCacheLoader] -- [Content = No BootstrapCacheLoaderFactory class specified. Skipping...]
[2017-03-24 11:22:45.047] -- [DEBUG] -- [main >>>> Cache.java:923 >>>> Method = createCacheWriter] -- [Content = CacheWriter factory not configured. Skipping...]
[2017-03-24 11:22:45.048] -- [DEBUG] -- [main >>>> ConfigurationHelper.java:96 >>>> Method = createCacheExceptionHandler] -- [Content = No CacheExceptionHandlerFactory class specified. Skipping...]
[2017-03-24 11:22:45.049] -- [DEBUG] -- [main >>>> Cache.java:949 >>>> Method = createBootstrapCacheLoader] -- [Content = No BootstrapCacheLoaderFactory class specified. Skipping...]
[2017-03-24 11:22:45.050] -- [DEBUG] -- [main >>>> Cache.java:923 >>>> Method = createCacheWriter] -- [Content = CacheWriter factory not configured. Skipping...]
[2017-03-24 11:22:45.051] -- [DEBUG] -- [main >>>> ConfigurationHelper.java:96 >>>> Method = createCacheExceptionHandler] -- [Content = No CacheExceptionHandlerFactory class specified. Skipping...]
[2017-03-24 11:22:45.051] -- [DEBUG] -- [main >>>> Cache.java:949 >>>> Method = createBootstrapCacheLoader] -- [Content = No BootstrapCacheLoaderFactory class specified. Skipping...]
[2017-03-24 11:22:45.051] -- [DEBUG] -- [main >>>> Cache.java:923 >>>> Method = createCacheWriter] -- [Content = CacheWriter factory not configured. Skipping...]
[2017-03-24 11:22:45.052] -- [DEBUG] -- [main >>>> ConfigurationHelper.java:96 >>>> Method = createCacheExceptionHandler] -- [Content = No CacheExceptionHandlerFactory class specified. Skipping...]
[2017-03-24 11:22:45.052] -- [DEBUG] -- [main >>>> Cache.java:949 >>>> Method = createBootstrapCacheLoader] -- [Content = No BootstrapCacheLoaderFactory class specified. Skipping...]
[2017-03-24 11:22:45.052] -- [DEBUG] -- [main >>>> Cache.java:923 >>>> Method = createCacheWriter] -- [Content = CacheWriter factory not configured. Skipping...]
[2017-03-24 11:22:45.053] -- [DEBUG] -- [main >>>> ConfigurationHelper.java:96 >>>> Method = createCacheExceptionHandler] -- [Content = No CacheExceptionHandlerFactory class specified. Skipping...]
[2017-03-24 11:22:45.054] -- [WARN] -- [main >>>> Cache.java:992 >>>> Method = initialise] -- [Content = Cache: authorizationCache has a maxElementsInMemory of 0.  In Ehcache 2.0 this has been changed to mean a store with no capacity limit. Set it to 1 if you want no elements cached in memory]
[2017-03-24 11:22:45.235] -- [DEBUG] -- [main >>>> Cache.java:1183 >>>> Method = initialise] -- [Content = Initialised cache: authorizationCache]
[2017-03-24 11:22:45.236] -- [DEBUG] -- [main >>>> ConfigurationHelper.java:331 >>>> Method = createCacheDecorators] -- [Content = CacheDecoratorFactory not configured. Skipping for 'authorizationCache'.]
[2017-03-24 11:22:45.237] -- [DEBUG] -- [main >>>> ConfigurationHelper.java:360 >>>> Method = createDefaultCacheDecorators] -- [Content = CacheDecoratorFactory not configured for defaultCache. Skipping for 'authorizationCache'.]
[2017-03-24 11:22:45.250] -- [DEBUG] -- [main >>>> DiskOverflowStorageFactory.java:98 >>>> Method = getDataFile] -- [Content = Deleting data file org.apache.shiro.realm.text.PropertiesRealm-0-accounts.data]
[2017-03-24 11:22:45.272] -- [DEBUG] -- [main >>>> Cache.java:1183 >>>> Method = initialise] -- [Content = Initialised cache: org.apache.shiro.realm.text.PropertiesRealm-0-accounts]
[2017-03-24 11:22:45.274] -- [DEBUG] -- [main >>>> ConfigurationHelper.java:331 >>>> Method = createCacheDecorators] -- [Content = CacheDecoratorFactory not configured. Skipping for 'org.apache.shiro.realm.text.PropertiesRealm-0-accounts'.]
[2017-03-24 11:22:45.275] -- [DEBUG] -- [main >>>> ConfigurationHelper.java:360 >>>> Method = createDefaultCacheDecorators] -- [Content = CacheDecoratorFactory not configured for defaultCache. Skipping for 'org.apache.shiro.realm.text.PropertiesRealm-0-accounts'.]
[2017-03-24 11:22:45.301] -- [DEBUG] -- [main >>>> DiskPersistentStorageFactory.java:97 >>>> Method = <init>] -- [Content = Matching data file missing (or empty) for index file. Deleting index file E:\Project\questionnaire\questionnaire\shiro-activeSessionCache.index]
[2017-03-24 11:22:45.305] -- [DEBUG] -- [main >>>> Cache.java:1183 >>>> Method = initialise] -- [Content = Initialised cache: shiro-activeSessionCache]
[2017-03-24 11:22:45.305] -- [DEBUG] -- [main >>>> ConfigurationHelper.java:331 >>>> Method = createCacheDecorators] -- [Content = CacheDecoratorFactory not configured. Skipping for 'shiro-activeSessionCache'.]
[2017-03-24 11:22:45.307] -- [DEBUG] -- [main >>>> ConfigurationHelper.java:360 >>>> Method = createDefaultCacheDecorators] -- [Content = CacheDecoratorFactory not configured for defaultCache. Skipping for 'shiro-activeSessionCache'.]
[2017-03-24 11:22:45.308] -- [WARN] -- [main >>>> Cache.java:992 >>>> Method = initialise] -- [Content = Cache: authenticationCache has a maxElementsInMemory of 0.  In Ehcache 2.0 this has been changed to mean a store with no capacity limit. Set it to 1 if you want no elements cached in memory]
[2017-03-24 11:22:45.309] -- [DEBUG] -- [main >>>> Cache.java:1183 >>>> Method = initialise] -- [Content = Initialised cache: authenticationCache]
[2017-03-24 11:22:45.310] -- [DEBUG] -- [main >>>> ConfigurationHelper.java:331 >>>> Method = createCacheDecorators] -- [Content = CacheDecoratorFactory not configured. Skipping for 'authenticationCache'.]
[2017-03-24 11:22:45.310] -- [DEBUG] -- [main >>>> ConfigurationHelper.java:360 >>>> Method = createDefaultCacheDecorators] -- [Content = CacheDecoratorFactory not configured for defaultCache. Skipping for 'authenticationCache'.]
[2017-03-24 11:22:45.311] -- [WARN] -- [main >>>> Cache.java:992 >>>> Method = initialise] -- [Content = Cache: passwordRetryCache has a maxElementsInMemory of 0.  In Ehcache 2.0 this has been changed to mean a store with no capacity limit. Set it to 1 if you want no elements cached in memory]
[2017-03-24 11:22:45.312] -- [DEBUG] -- [main >>>> Cache.java:1183 >>>> Method = initialise] -- [Content = Initialised cache: passwordRetryCache]
[2017-03-24 11:22:45.316] -- [DEBUG] -- [main >>>> ConfigurationHelper.java:331 >>>> Method = createCacheDecorators] -- [Content = CacheDecoratorFactory not configured. Skipping for 'passwordRetryCache'.]
[2017-03-24 11:22:45.317] -- [DEBUG] -- [main >>>> ConfigurationHelper.java:360 >>>> Method = createDefaultCacheDecorators] -- [Content = CacheDecoratorFactory not configured for defaultCache. Skipping for 'passwordRetryCache'.]
[2017-03-24 11:22:45.318] -- [TRACE] -- [main >>>> EhCacheManager.java:215 >>>> Method = ensureCacheManager] -- [Content = instantiated Ehcache CacheManager instance.]
[2017-03-24 11:22:45.319] -- [DEBUG] -- [main >>>> EhCacheManager.java:219 >>>> Method = ensureCacheManager] -- [Content = implicit cacheManager created successfully.]
[2017-03-24 11:22:45.354] -- [TRACE] -- [main >>>> EhCacheManager.java:152 >>>> Method = getCache] -- [Content = Acquiring EhCache instance named [passwordRetryCache]]
[2017-03-24 11:22:45.355] -- [INFO] -- [main >>>> EhCacheManager.java:170 >>>> Method = getCache] -- [Content = Using existing EHCache named [passwordRetryCache]]
[2017-03-24 11:22:45.381] -- [DEBUG] -- [main >>>> AuthorizingRealm.java:234 >>>> Method = getAuthorizationCacheLazy] -- [Content = No authorizationCache instance set.  Checking for a cacheManager...]
[2017-03-24 11:22:45.382] -- [DEBUG] -- [main >>>> AuthorizingRealm.java:242 >>>> Method = getAuthorizationCacheLazy] -- [Content = CacheManager [org.apache.shiro.cache.ehcache.EhCacheManager@7668d560] has been configured.  Building authorization cache named [com.questionnaire.ssm.module.shiro.realm.MyRealm.authorizationCache]]
[2017-03-24 11:22:45.384] -- [TRACE] -- [main >>>> EhCacheManager.java:152 >>>> Method = getCache] -- [Content = Acquiring EhCache instance named [com.questionnaire.ssm.module.shiro.realm.MyRealm.authorizationCache]]
[2017-03-24 11:22:45.385] -- [INFO] -- [main >>>> EhCacheManager.java:159 >>>> Method = getCache] -- [Content = Cache with name 'com.questionnaire.ssm.module.shiro.realm.MyRealm.authorizationCache' does not yet exist.  Creating now.]
[2017-03-24 11:22:45.387] -- [DEBUG] -- [main >>>> Cache.java:1183 >>>> Method = initialise] -- [Content = Initialised cache: com.questionnaire.ssm.module.shiro.realm.MyRealm.authorizationCache]
[2017-03-24 11:22:45.388] -- [DEBUG] -- [main >>>> ConfigurationHelper.java:360 >>>> Method = createDefaultCacheDecorators] -- [Content = CacheDecoratorFactory not configured for defaultCache. Skipping for 'com.questionnaire.ssm.module.shiro.realm.MyRealm.authorizationCache'.]
[2017-03-24 11:22:45.388] -- [INFO] -- [main >>>> EhCacheManager.java:166 >>>> Method = getCache] -- [Content = Added EhCache named [com.questionnaire.ssm.module.shiro.realm.MyRealm.authorizationCache]]
[2017-03-24 11:22:45.390] -- [DEBUG] -- [main >>>> LifecycleBeanPostProcessor.java:86 >>>> Method = postProcessBeforeInitialization] -- [Content = Initializing bean [myRealm]...]
[2017-03-24 11:22:45.558] -- [TRACE] -- [main >>>> Ini.java:554 >>>> Method = splitKeyValue] -- [Content = Discovered key/value pair: /user/login = anon]
[2017-03-24 11:22:45.561] -- [TRACE] -- [main >>>> Ini.java:554 >>>> Method = splitKeyValue] -- [Content = Discovered key/value pair: /user/admin* = authc]
[2017-03-24 11:22:45.568] -- [TRACE] -- [main >>>> Ini.java:169 >>>> Method = cleanName] -- [Content = Specified name was null or empty.  Defaulting to the default section (name = "")]
[2017-03-24 11:22:45.609] -- [TRACE] -- [main >>>> ShiroFilterFactoryBean.java:506 >>>> Method = postProcessBeforeInitialization] -- [Content = Ignoring non-Filter bean 'questionnaireManagerAspect']
[2017-03-24 11:22:45.629] -- [TRACE] -- [main >>>> ShiroFilterFactoryBean.java:506 >>>> Method = postProcessBeforeInitialization] -- [Content = Ignoring non-Filter bean 'sysUserController']
[2017-03-24 11:22:45.654] -- [TRACE] -- [main >>>> ShiroFilterFactoryBean.java:506 >>>> Method = postProcessBeforeInitialization] -- [Content = Ignoring non-Filter bean 'userServiceImpl']
[2017-03-24 11:22:45.750] -- [TRACE] -- [main >>>> ShiroFilterFactoryBean.java:506 >>>> Method = postProcessBeforeInitialization] -- [Content = Ignoring non-Filter bean 'questionnaireMapper']
[2017-03-24 11:22:45.824] -- [TRACE] -- [main >>>> ShiroFilterFactoryBean.java:506 >>>> Method = postProcessBeforeInitialization] -- [Content = Ignoring non-Filter bean 'questionMapper']
[2017-03-24 11:22:45.860] -- [TRACE] -- [main >>>> ShiroFilterFactoryBean.java:506 >>>> Method = postProcessBeforeInitialization] -- [Content = Ignoring non-Filter bean 'questionOptionMapper']
[2017-03-24 11:22:45.898] -- [TRACE] -- [main >>>> ShiroFilterFactoryBean.java:506 >>>> Method = postProcessBeforeInitialization] -- [Content = Ignoring non-Filter bean 'mappingQuestionnaireQuestionMapper']
[2017-03-24 11:22:45.922] -- [TRACE] -- [main >>>> ShiroFilterFactoryBean.java:506 >>>> Method = postProcessBeforeInitialization] -- [Content = Ignoring non-Filter bean 'questionnaireManagerServiceImpl']
[2017-03-24 11:22:46.009] -- [TRACE] -- [main >>>> ShiroFilterFactoryBean.java:506 >>>> Method = postProcessBeforeInitialization] -- [Content = Ignoring non-Filter bean 'questionnaireManagerController']
[2017-03-24 11:22:46.019] -- [TRACE] -- [main >>>> ShiroFilterFactoryBean.java:506 >>>> Method = postProcessBeforeInitialization] -- [Content = Ignoring non-Filter bean 'insertExceptionHandler']
[2017-03-24 11:22:46.044] -- [DEBUG] -- [shirocache >>>> UpdateChecker.java:68 >>>> Method = doCheck] -- [Content = Checking for update...]
[2017-03-24 11:22:46.045] -- [TRACE] -- [main >>>> ShiroFilterFactoryBean.java:506 >>>> Method = postProcessBeforeInitialization] -- [Content = Ignoring non-Filter bean 'org.springframework.context.event.internalEventListenerProcessor']
[2017-03-24 11:22:46.058] -- [TRACE] -- [main >>>> ShiroFilterFactoryBean.java:506 >>>> Method = postProcessBeforeInitialization] -- [Content = Ignoring non-Filter bean 'org.springframework.context.event.internalEventListenerFactory']
[2017-03-24 11:22:46.062] -- [TRACE] -- [main >>>> ShiroFilterFactoryBean.java:506 >>>> Method = postProcessBeforeInitialization] -- [Content = Ignoring non-Filter bean 'mappingRolePermissionMapper']
[2017-03-24 11:22:46.085] -- [TRACE] -- [main >>>> ShiroFilterFactoryBean.java:506 >>>> Method = postProcessBeforeInitialization] -- [Content = Ignoring non-Filter bean 'permissionMapper']
[2017-03-24 11:22:46.099] -- [TRACE] -- [main >>>> ShiroFilterFactoryBean.java:506 >>>> Method = postProcessBeforeInitialization] -- [Content = Ignoring non-Filter bean 'recordLoginMapper']
[2017-03-24 11:22:46.110] -- [TRACE] -- [main >>>> ShiroFilterFactoryBean.java:506 >>>> Method = postProcessBeforeInitialization] -- [Content = Ignoring non-Filter bean 'recordOperateQuestionnaireMapper']
[2017-03-24 11:22:46.132] -- [TRACE] -- [main >>>> ShiroFilterFactoryBean.java:506 >>>> Method = postProcessBeforeInitialization] -- [Content = Ignoring non-Filter bean 'roleMapper']
[2017-03-24 11:22:46.158] -- [TRACE] -- [main >>>> ShiroFilterFactoryBean.java:506 >>>> Method = postProcessBeforeInitialization] -- [Content = Ignoring non-Filter bean 'unitMapper']
[2017-03-24 11:22:46.420] -- [TRACE] -- [main >>>> ShiroFilterFactoryBean.java:506 >>>> Method = postProcessBeforeInitialization] -- [Content = Ignoring non-Filter bean 'com.questionnaire.ssm.module.generated.mapper.QuestionnaireMapperTest']
[2017-03-24 11:22:47.069] -- [DEBUG] -- [Thread-2 >>>> LifecycleBeanPostProcessor.java:118 >>>> Method = postProcessBeforeDestruction] -- [Content = Destroying bean [securityManager]...]
[2017-03-24 11:22:47.083] -- [DEBUG] -- [Thread-2 >>>> LifecycleBeanPostProcessor.java:118 >>>> Method = postProcessBeforeDestruction] -- [Content = Destroying bean [cacheManager]...]
[2017-03-24 11:23:20.890] -- [DEBUG] -- [main >>>> LifecycleBeanPostProcessor.java:86 >>>> Method = postProcessBeforeInitialization] -- [Content = Initializing bean [cacheManager]...]
[2017-03-24 11:23:20.896] -- [DEBUG] -- [main >>>> EhCacheManager.java:206 >>>> Method = ensureCacheManager] -- [Content = cacheManager property not set.  Constructing CacheManager instance... ]
[2017-03-24 11:23:20.918] -- [DEBUG] -- [main >>>> ResourceUtils.java:159 >>>> Method = loadFromClassPath] -- [Content = Opening resource from class path [shiro/ehcache.xml]]
[2017-03-24 11:23:20.941] -- [DEBUG] -- [main >>>> ConfigurationFactory.java:148 >>>> Method = parseConfiguration] -- [Content = Configuring ehcache from InputStream]
[2017-03-24 11:23:20.970] -- [DEBUG] -- [main >>>> DiskStoreConfiguration.java:118 >>>> Method = translatePath] -- [Content = Disk Store Path: E:\Project\questionnaire\questionnaire]
[2017-03-24 11:23:21.020] -- [DEBUG] -- [main >>>> PropertyUtil.java:88 >>>> Method = parseProperties] -- [Content = propertiesString is null.]
[2017-03-24 11:23:21.026] -- [DEBUG] -- [main >>>> ConfigurationHelper.java:184 >>>> Method = createCacheManagerEventListener] -- [Content = No CacheManagerEventListenerFactory class specified. Skipping...]
[2017-03-24 11:23:21.072] -- [DEBUG] -- [main >>>> Cache.java:949 >>>> Method = createBootstrapCacheLoader] -- [Content = No BootstrapCacheLoaderFactory class specified. Skipping...]
[2017-03-24 11:23:21.073] -- [DEBUG] -- [main >>>> Cache.java:923 >>>> Method = createCacheWriter] -- [Content = CacheWriter factory not configured. Skipping...]
[2017-03-24 11:23:21.075] -- [DEBUG] -- [main >>>> ConfigurationHelper.java:96 >>>> Method = createCacheExceptionHandler] -- [Content = No CacheExceptionHandlerFactory class specified. Skipping...]
[2017-03-24 11:23:21.080] -- [DEBUG] -- [main >>>> Cache.java:949 >>>> Method = createBootstrapCacheLoader] -- [Content = No BootstrapCacheLoaderFactory class specified. Skipping...]
[2017-03-24 11:23:21.081] -- [DEBUG] -- [main >>>> Cache.java:923 >>>> Method = createCacheWriter] -- [Content = CacheWriter factory not configured. Skipping...]
[2017-03-24 11:23:21.081] -- [DEBUG] -- [main >>>> ConfigurationHelper.java:96 >>>> Method = createCacheExceptionHandler] -- [Content = No CacheExceptionHandlerFactory class specified. Skipping...]
[2017-03-24 11:23:21.082] -- [DEBUG] -- [main >>>> Cache.java:949 >>>> Method = createBootstrapCacheLoader] -- [Content = No BootstrapCacheLoaderFactory class specified. Skipping...]
[2017-03-24 11:23:21.082] -- [DEBUG] -- [main >>>> Cache.java:923 >>>> Method = createCacheWriter] -- [Content = CacheWriter factory not configured. Skipping...]
[2017-03-24 11:23:21.084] -- [DEBUG] -- [main >>>> ConfigurationHelper.java:96 >>>> Method = createCacheExceptionHandler] -- [Content = No CacheExceptionHandlerFactory class specified. Skipping...]
[2017-03-24 11:23:21.085] -- [DEBUG] -- [main >>>> Cache.java:949 >>>> Method = createBootstrapCacheLoader] -- [Content = No BootstrapCacheLoaderFactory class specified. Skipping...]
[2017-03-24 11:23:21.086] -- [DEBUG] -- [main >>>> Cache.java:923 >>>> Method = createCacheWriter] -- [Content = CacheWriter factory not configured. Skipping...]
[2017-03-24 11:23:21.086] -- [DEBUG] -- [main >>>> ConfigurationHelper.java:96 >>>> Method = createCacheExceptionHandler] -- [Content = No CacheExceptionHandlerFactory class specified. Skipping...]
[2017-03-24 11:23:21.087] -- [DEBUG] -- [main >>>> Cache.java:949 >>>> Method = createBootstrapCacheLoader] -- [Content = No BootstrapCacheLoaderFactory class specified. Skipping...]
[2017-03-24 11:23:21.088] -- [DEBUG] -- [main >>>> Cache.java:923 >>>> Method = createCacheWriter] -- [Content = CacheWriter factory not configured. Skipping...]
[2017-03-24 11:23:21.089] -- [DEBUG] -- [main >>>> ConfigurationHelper.java:96 >>>> Method = createCacheExceptionHandler] -- [Content = No CacheExceptionHandlerFactory class specified. Skipping...]
[2017-03-24 11:23:21.090] -- [DEBUG] -- [main >>>> Cache.java:949 >>>> Method = createBootstrapCacheLoader] -- [Content = No BootstrapCacheLoaderFactory class specified. Skipping...]
[2017-03-24 11:23:21.090] -- [DEBUG] -- [main >>>> Cache.java:923 >>>> Method = createCacheWriter] -- [Content = CacheWriter factory not configured. Skipping...]
[2017-03-24 11:23:21.091] -- [DEBUG] -- [main >>>> ConfigurationHelper.java:96 >>>> Method = createCacheExceptionHandler] -- [Content = No CacheExceptionHandlerFactory class specified. Skipping...]
[2017-03-24 11:23:21.131] -- [DEBUG] -- [main >>>> DiskOverflowStorageFactory.java:98 >>>> Method = getDataFile] -- [Content = Deleting data file org.apache.shiro.realm.text.PropertiesRealm-0-accounts.data]
[2017-03-24 11:23:21.173] -- [DEBUG] -- [main >>>> Cache.java:1183 >>>> Method = initialise] -- [Content = Initialised cache: org.apache.shiro.realm.text.PropertiesRealm-0-accounts]
[2017-03-24 11:23:21.174] -- [DEBUG] -- [main >>>> ConfigurationHelper.java:331 >>>> Method = createCacheDecorators] -- [Content = CacheDecoratorFactory not configured. Skipping for 'org.apache.shiro.realm.text.PropertiesRealm-0-accounts'.]
[2017-03-24 11:23:21.175] -- [DEBUG] -- [main >>>> ConfigurationHelper.java:360 >>>> Method = createDefaultCacheDecorators] -- [Content = CacheDecoratorFactory not configured for defaultCache. Skipping for 'org.apache.shiro.realm.text.PropertiesRealm-0-accounts'.]
[2017-03-24 11:23:21.186] -- [DEBUG] -- [main >>>> DiskPersistentStorageFactory.java:97 >>>> Method = <init>] -- [Content = Matching data file missing (or empty) for index file. Deleting index file E:\Project\questionnaire\questionnaire\shiro-activeSessionCache.index]
[2017-03-24 11:23:21.192] -- [DEBUG] -- [main >>>> Cache.java:1183 >>>> Method = initialise] -- [Content = Initialised cache: shiro-activeSessionCache]
[2017-03-24 11:23:21.192] -- [DEBUG] -- [main >>>> ConfigurationHelper.java:331 >>>> Method = createCacheDecorators] -- [Content = CacheDecoratorFactory not configured. Skipping for 'shiro-activeSessionCache'.]
[2017-03-24 11:23:21.193] -- [DEBUG] -- [main >>>> ConfigurationHelper.java:360 >>>> Method = createDefaultCacheDecorators] -- [Content = CacheDecoratorFactory not configured for defaultCache. Skipping for 'shiro-activeSessionCache'.]
[2017-03-24 11:23:21.194] -- [WARN] -- [main >>>> Cache.java:992 >>>> Method = initialise] -- [Content = Cache: passwordRetryCache has a maxElementsInMemory of 0.  In Ehcache 2.0 this has been changed to mean a store with no capacity limit. Set it to 1 if you want no elements cached in memory]
[2017-03-24 11:23:21.198] -- [DEBUG] -- [main >>>> Cache.java:1183 >>>> Method = initialise] -- [Content = Initialised cache: passwordRetryCache]
[2017-03-24 11:23:21.199] -- [DEBUG] -- [main >>>> ConfigurationHelper.java:331 >>>> Method = createCacheDecorators] -- [Content = CacheDecoratorFactory not configured. Skipping for 'passwordRetryCache'.]
[2017-03-24 11:23:21.200] -- [DEBUG] -- [main >>>> ConfigurationHelper.java:360 >>>> Method = createDefaultCacheDecorators] -- [Content = CacheDecoratorFactory not configured for defaultCache. Skipping for 'passwordRetryCache'.]
[2017-03-24 11:23:21.201] -- [WARN] -- [main >>>> Cache.java:992 >>>> Method = initialise] -- [Content = Cache: authenticationCache has a maxElementsInMemory of 0.  In Ehcache 2.0 this has been changed to mean a store with no capacity limit. Set it to 1 if you want no elements cached in memory]
[2017-03-24 11:23:21.209] -- [DEBUG] -- [main >>>> Cache.java:1183 >>>> Method = initialise] -- [Content = Initialised cache: authenticationCache]
[2017-03-24 11:23:21.210] -- [DEBUG] -- [main >>>> ConfigurationHelper.java:331 >>>> Method = createCacheDecorators] -- [Content = CacheDecoratorFactory not configured. Skipping for 'authenticationCache'.]
[2017-03-24 11:23:21.211] -- [DEBUG] -- [main >>>> ConfigurationHelper.java:360 >>>> Method = createDefaultCacheDecorators] -- [Content = CacheDecoratorFactory not configured for defaultCache. Skipping for 'authenticationCache'.]
[2017-03-24 11:23:21.212] -- [WARN] -- [main >>>> Cache.java:992 >>>> Method = initialise] -- [Content = Cache: authorizationCache has a maxElementsInMemory of 0.  In Ehcache 2.0 this has been changed to mean a store with no capacity limit. Set it to 1 if you want no elements cached in memory]
[2017-03-24 11:23:21.215] -- [DEBUG] -- [main >>>> Cache.java:1183 >>>> Method = initialise] -- [Content = Initialised cache: authorizationCache]
[2017-03-24 11:23:21.217] -- [DEBUG] -- [main >>>> ConfigurationHelper.java:331 >>>> Method = createCacheDecorators] -- [Content = CacheDecoratorFactory not configured. Skipping for 'authorizationCache'.]
[2017-03-24 11:23:21.218] -- [DEBUG] -- [main >>>> ConfigurationHelper.java:360 >>>> Method = createDefaultCacheDecorators] -- [Content = CacheDecoratorFactory not configured for defaultCache. Skipping for 'authorizationCache'.]
[2017-03-24 11:23:21.225] -- [TRACE] -- [main >>>> EhCacheManager.java:215 >>>> Method = ensureCacheManager] -- [Content = instantiated Ehcache CacheManager instance.]
[2017-03-24 11:23:21.229] -- [DEBUG] -- [main >>>> EhCacheManager.java:219 >>>> Method = ensureCacheManager] -- [Content = implicit cacheManager created successfully.]
[2017-03-24 11:23:21.262] -- [TRACE] -- [main >>>> EhCacheManager.java:152 >>>> Method = getCache] -- [Content = Acquiring EhCache instance named [passwordRetryCache]]
[2017-03-24 11:23:21.265] -- [INFO] -- [main >>>> EhCacheManager.java:170 >>>> Method = getCache] -- [Content = Using existing EHCache named [passwordRetryCache]]
[2017-03-24 11:23:21.285] -- [DEBUG] -- [main >>>> AuthorizingRealm.java:234 >>>> Method = getAuthorizationCacheLazy] -- [Content = No authorizationCache instance set.  Checking for a cacheManager...]
[2017-03-24 11:23:21.286] -- [DEBUG] -- [main >>>> AuthorizingRealm.java:242 >>>> Method = getAuthorizationCacheLazy] -- [Content = CacheManager [org.apache.shiro.cache.ehcache.EhCacheManager@7668d560] has been configured.  Building authorization cache named [com.questionnaire.ssm.module.shiro.realm.MyRealm.authorizationCache]]
[2017-03-24 11:23:21.289] -- [TRACE] -- [main >>>> EhCacheManager.java:152 >>>> Method = getCache] -- [Content = Acquiring EhCache instance named [com.questionnaire.ssm.module.shiro.realm.MyRealm.authorizationCache]]
[2017-03-24 11:23:21.290] -- [INFO] -- [main >>>> EhCacheManager.java:159 >>>> Method = getCache] -- [Content = Cache with name 'com.questionnaire.ssm.module.shiro.realm.MyRealm.authorizationCache' does not yet exist.  Creating now.]
[2017-03-24 11:23:21.291] -- [DEBUG] -- [main >>>> Cache.java:1183 >>>> Method = initialise] -- [Content = Initialised cache: com.questionnaire.ssm.module.shiro.realm.MyRealm.authorizationCache]
[2017-03-24 11:23:21.292] -- [DEBUG] -- [main >>>> ConfigurationHelper.java:360 >>>> Method = createDefaultCacheDecorators] -- [Content = CacheDecoratorFactory not configured for defaultCache. Skipping for 'com.questionnaire.ssm.module.shiro.realm.MyRealm.authorizationCache'.]
[2017-03-24 11:23:21.293] -- [INFO] -- [main >>>> EhCacheManager.java:166 >>>> Method = getCache] -- [Content = Added EhCache named [com.questionnaire.ssm.module.shiro.realm.MyRealm.authorizationCache]]
[2017-03-24 11:23:21.294] -- [DEBUG] -- [main >>>> LifecycleBeanPostProcessor.java:86 >>>> Method = postProcessBeforeInitialization] -- [Content = Initializing bean [myRealm]...]
[2017-03-24 11:23:21.411] -- [TRACE] -- [main >>>> Ini.java:554 >>>> Method = splitKeyValue] -- [Content = Discovered key/value pair: /user/login = anon]
[2017-03-24 11:23:21.413] -- [TRACE] -- [main >>>> Ini.java:554 >>>> Method = splitKeyValue] -- [Content = Discovered key/value pair: /user/admin* = authc]
[2017-03-24 11:23:21.415] -- [TRACE] -- [main >>>> Ini.java:169 >>>> Method = cleanName] -- [Content = Specified name was null or empty.  Defaulting to the default section (name = "")]
[2017-03-24 11:23:21.504] -- [TRACE] -- [main >>>> ShiroFilterFactoryBean.java:506 >>>> Method = postProcessBeforeInitialization] -- [Content = Ignoring non-Filter bean 'questionnaireManagerAspect']
[2017-03-24 11:23:21.515] -- [TRACE] -- [main >>>> ShiroFilterFactoryBean.java:506 >>>> Method = postProcessBeforeInitialization] -- [Content = Ignoring non-Filter bean 'sysUserController']
[2017-03-24 11:23:21.537] -- [TRACE] -- [main >>>> ShiroFilterFactoryBean.java:506 >>>> Method = postProcessBeforeInitialization] -- [Content = Ignoring non-Filter bean 'userServiceImpl']
[2017-03-24 11:23:21.602] -- [TRACE] -- [main >>>> ShiroFilterFactoryBean.java:506 >>>> Method = postProcessBeforeInitialization] -- [Content = Ignoring non-Filter bean 'questionnaireMapper']
[2017-03-24 11:23:21.644] -- [TRACE] -- [main >>>> ShiroFilterFactoryBean.java:506 >>>> Method = postProcessBeforeInitialization] -- [Content = Ignoring non-Filter bean 'questionMapper']
[2017-03-24 11:23:21.675] -- [TRACE] -- [main >>>> ShiroFilterFactoryBean.java:506 >>>> Method = postProcessBeforeInitialization] -- [Content = Ignoring non-Filter bean 'questionOptionMapper']
[2017-03-24 11:23:21.737] -- [TRACE] -- [main >>>> ShiroFilterFactoryBean.java:506 >>>> Method = postProcessBeforeInitialization] -- [Content = Ignoring non-Filter bean 'mappingQuestionnaireQuestionMapper']
[2017-03-24 11:23:21.820] -- [TRACE] -- [main >>>> ShiroFilterFactoryBean.java:506 >>>> Method = postProcessBeforeInitialization] -- [Content = Ignoring non-Filter bean 'questionnaireManagerServiceImpl']
[2017-03-24 11:23:21.869] -- [TRACE] -- [main >>>> ShiroFilterFactoryBean.java:506 >>>> Method = postProcessBeforeInitialization] -- [Content = Ignoring non-Filter bean 'questionnaireManagerController']
[2017-03-24 11:23:21.879] -- [TRACE] -- [main >>>> ShiroFilterFactoryBean.java:506 >>>> Method = postProcessBeforeInitialization] -- [Content = Ignoring non-Filter bean 'insertExceptionHandler']
[2017-03-24 11:23:21.898] -- [TRACE] -- [main >>>> ShiroFilterFactoryBean.java:506 >>>> Method = postProcessBeforeInitialization] -- [Content = Ignoring non-Filter bean 'org.springframework.context.event.internalEventListenerProcessor']
[2017-03-24 11:23:21.903] -- [TRACE] -- [main >>>> ShiroFilterFactoryBean.java:506 >>>> Method = postProcessBeforeInitialization] -- [Content = Ignoring non-Filter bean 'org.springframework.context.event.internalEventListenerFactory']
[2017-03-24 11:23:21.910] -- [TRACE] -- [main >>>> ShiroFilterFactoryBean.java:506 >>>> Method = postProcessBeforeInitialization] -- [Content = Ignoring non-Filter bean 'mappingRolePermissionMapper']
[2017-03-24 11:23:21.920] -- [TRACE] -- [main >>>> ShiroFilterFactoryBean.java:506 >>>> Method = postProcessBeforeInitialization] -- [Content = Ignoring non-Filter bean 'permissionMapper']
[2017-03-24 11:23:21.931] -- [TRACE] -- [main >>>> ShiroFilterFactoryBean.java:506 >>>> Method = postProcessBeforeInitialization] -- [Content = Ignoring non-Filter bean 'recordLoginMapper']
[2017-03-24 11:23:21.943] -- [TRACE] -- [main >>>> ShiroFilterFactoryBean.java:506 >>>> Method = postProcessBeforeInitialization] -- [Content = Ignoring non-Filter bean 'recordOperateQuestionnaireMapper']
[2017-03-24 11:23:21.976] -- [TRACE] -- [main >>>> ShiroFilterFactoryBean.java:506 >>>> Method = postProcessBeforeInitialization] -- [Content = Ignoring non-Filter bean 'roleMapper']
[2017-03-24 11:23:21.991] -- [TRACE] -- [main >>>> ShiroFilterFactoryBean.java:506 >>>> Method = postProcessBeforeInitialization] -- [Content = Ignoring non-Filter bean 'unitMapper']
[2017-03-24 11:23:22.082] -- [DEBUG] -- [shirocache >>>> UpdateChecker.java:68 >>>> Method = doCheck] -- [Content = Checking for update...]
[2017-03-24 11:23:22.180] -- [TRACE] -- [main >>>> ShiroFilterFactoryBean.java:506 >>>> Method = postProcessBeforeInitialization] -- [Content = Ignoring non-Filter bean 'com.questionnaire.ssm.module.generated.mapper.QuestionnaireMapperTest']
[2017-03-24 11:23:22.870] -- [DEBUG] -- [Thread-2 >>>> LifecycleBeanPostProcessor.java:118 >>>> Method = postProcessBeforeDestruction] -- [Content = Destroying bean [securityManager]...]
[2017-03-24 11:23:22.890] -- [DEBUG] -- [Thread-2 >>>> LifecycleBeanPostProcessor.java:118 >>>> Method = postProcessBeforeDestruction] -- [Content = Destroying bean [cacheManager]...]
[2017-03-24 12:13:27.579] -- [DEBUG] -- [main >>>> LifecycleBeanPostProcessor.java:86 >>>> Method = postProcessBeforeInitialization] -- [Content = Initializing bean [cacheManager]...]
[2017-03-24 12:13:28.246] -- [DEBUG] -- [main >>>> EhCacheManager.java:206 >>>> Method = ensureCacheManager] -- [Content = cacheManager property not set.  Constructing CacheManager instance... ]
[2017-03-24 12:13:28.289] -- [DEBUG] -- [main >>>> ResourceUtils.java:159 >>>> Method = loadFromClassPath] -- [Content = Opening resource from class path [shiro/ehcache.xml]]
[2017-03-24 12:13:28.355] -- [DEBUG] -- [main >>>> ConfigurationFactory.java:148 >>>> Method = parseConfiguration] -- [Content = Configuring ehcache from InputStream]
[2017-03-24 12:13:28.926] -- [DEBUG] -- [main >>>> DiskStoreConfiguration.java:118 >>>> Method = translatePath] -- [Content = Disk Store Path: E:\Project\questionnaire\questionnaire]
[2017-03-24 12:13:28.981] -- [DEBUG] -- [main >>>> PropertyUtil.java:88 >>>> Method = parseProperties] -- [Content = propertiesString is null.]
[2017-03-24 12:13:28.985] -- [DEBUG] -- [main >>>> ConfigurationHelper.java:184 >>>> Method = createCacheManagerEventListener] -- [Content = No CacheManagerEventListenerFactory class specified. Skipping...]
[2017-03-24 12:13:29.015] -- [DEBUG] -- [main >>>> Cache.java:949 >>>> Method = createBootstrapCacheLoader] -- [Content = No BootstrapCacheLoaderFactory class specified. Skipping...]
[2017-03-24 12:13:29.016] -- [DEBUG] -- [main >>>> Cache.java:923 >>>> Method = createCacheWriter] -- [Content = CacheWriter factory not configured. Skipping...]
[2017-03-24 12:13:29.018] -- [DEBUG] -- [main >>>> ConfigurationHelper.java:96 >>>> Method = createCacheExceptionHandler] -- [Content = No CacheExceptionHandlerFactory class specified. Skipping...]
[2017-03-24 12:13:29.023] -- [DEBUG] -- [main >>>> Cache.java:949 >>>> Method = createBootstrapCacheLoader] -- [Content = No BootstrapCacheLoaderFactory class specified. Skipping...]
[2017-03-24 12:13:29.023] -- [DEBUG] -- [main >>>> Cache.java:923 >>>> Method = createCacheWriter] -- [Content = CacheWriter factory not configured. Skipping...]
[2017-03-24 12:13:29.024] -- [DEBUG] -- [main >>>> ConfigurationHelper.java:96 >>>> Method = createCacheExceptionHandler] -- [Content = No CacheExceptionHandlerFactory class specified. Skipping...]
[2017-03-24 12:13:29.024] -- [DEBUG] -- [main >>>> Cache.java:949 >>>> Method = createBootstrapCacheLoader] -- [Content = No BootstrapCacheLoaderFactory class specified. Skipping...]
[2017-03-24 12:13:29.025] -- [DEBUG] -- [main >>>> Cache.java:923 >>>> Method = createCacheWriter] -- [Content = CacheWriter factory not configured. Skipping...]
[2017-03-24 12:13:29.026] -- [DEBUG] -- [main >>>> ConfigurationHelper.java:96 >>>> Method = createCacheExceptionHandler] -- [Content = No CacheExceptionHandlerFactory class specified. Skipping...]
[2017-03-24 12:13:29.027] -- [DEBUG] -- [main >>>> Cache.java:949 >>>> Method = createBootstrapCacheLoader] -- [Content = No BootstrapCacheLoaderFactory class specified. Skipping...]
[2017-03-24 12:13:29.027] -- [DEBUG] -- [main >>>> Cache.java:923 >>>> Method = createCacheWriter] -- [Content = CacheWriter factory not configured. Skipping...]
[2017-03-24 12:13:29.028] -- [DEBUG] -- [main >>>> ConfigurationHelper.java:96 >>>> Method = createCacheExceptionHandler] -- [Content = No CacheExceptionHandlerFactory class specified. Skipping...]
[2017-03-24 12:13:29.028] -- [DEBUG] -- [main >>>> Cache.java:949 >>>> Method = createBootstrapCacheLoader] -- [Content = No BootstrapCacheLoaderFactory class specified. Skipping...]
[2017-03-24 12:13:29.029] -- [DEBUG] -- [main >>>> Cache.java:923 >>>> Method = createCacheWriter] -- [Content = CacheWriter factory not configured. Skipping...]
[2017-03-24 12:13:29.029] -- [DEBUG] -- [main >>>> ConfigurationHelper.java:96 >>>> Method = createCacheExceptionHandler] -- [Content = No CacheExceptionHandlerFactory class specified. Skipping...]
[2017-03-24 12:13:29.030] -- [DEBUG] -- [main >>>> Cache.java:949 >>>> Method = createBootstrapCacheLoader] -- [Content = No BootstrapCacheLoaderFactory class specified. Skipping...]
[2017-03-24 12:13:29.030] -- [DEBUG] -- [main >>>> Cache.java:923 >>>> Method = createCacheWriter] -- [Content = CacheWriter factory not configured. Skipping...]
[2017-03-24 12:13:29.031] -- [DEBUG] -- [main >>>> ConfigurationHelper.java:96 >>>> Method = createCacheExceptionHandler] -- [Content = No CacheExceptionHandlerFactory class specified. Skipping...]
[2017-03-24 12:13:29.032] -- [WARN] -- [main >>>> Cache.java:992 >>>> Method = initialise] -- [Content = Cache: authenticationCache has a maxElementsInMemory of 0.  In Ehcache 2.0 this has been changed to mean a store with no capacity limit. Set it to 1 if you want no elements cached in memory]
[2017-03-24 12:13:29.049] -- [DEBUG] -- [main >>>> Cache.java:1183 >>>> Method = initialise] -- [Content = Initialised cache: authenticationCache]
[2017-03-24 12:13:29.050] -- [DEBUG] -- [main >>>> ConfigurationHelper.java:331 >>>> Method = createCacheDecorators] -- [Content = CacheDecoratorFactory not configured. Skipping for 'authenticationCache'.]
[2017-03-24 12:13:29.050] -- [DEBUG] -- [main >>>> ConfigurationHelper.java:360 >>>> Method = createDefaultCacheDecorators] -- [Content = CacheDecoratorFactory not configured for defaultCache. Skipping for 'authenticationCache'.]
[2017-03-24 12:13:29.051] -- [WARN] -- [main >>>> Cache.java:992 >>>> Method = initialise] -- [Content = Cache: authorizationCache has a maxElementsInMemory of 0.  In Ehcache 2.0 this has been changed to mean a store with no capacity limit. Set it to 1 if you want no elements cached in memory]
[2017-03-24 12:13:29.052] -- [DEBUG] -- [main >>>> Cache.java:1183 >>>> Method = initialise] -- [Content = Initialised cache: authorizationCache]
[2017-03-24 12:13:29.052] -- [DEBUG] -- [main >>>> ConfigurationHelper.java:331 >>>> Method = createCacheDecorators] -- [Content = CacheDecoratorFactory not configured. Skipping for 'authorizationCache'.]
[2017-03-24 12:13:29.053] -- [DEBUG] -- [main >>>> ConfigurationHelper.java:360 >>>> Method = createDefaultCacheDecorators] -- [Content = CacheDecoratorFactory not configured for defaultCache. Skipping for 'authorizationCache'.]
[2017-03-24 12:13:29.737] -- [DEBUG] -- [main >>>> DiskPersistentStorageFactory.java:97 >>>> Method = <init>] -- [Content = Matching data file missing (or empty) for index file. Deleting index file E:\Project\questionnaire\questionnaire\shiro-activeSessionCache.index]
[2017-03-24 12:13:29.742] -- [DEBUG] -- [main >>>> Cache.java:1183 >>>> Method = initialise] -- [Content = Initialised cache: shiro-activeSessionCache]
[2017-03-24 12:13:29.745] -- [DEBUG] -- [main >>>> ConfigurationHelper.java:331 >>>> Method = createCacheDecorators] -- [Content = CacheDecoratorFactory not configured. Skipping for 'shiro-activeSessionCache'.]
[2017-03-24 12:13:29.746] -- [DEBUG] -- [main >>>> ConfigurationHelper.java:360 >>>> Method = createDefaultCacheDecorators] -- [Content = CacheDecoratorFactory not configured for defaultCache. Skipping for 'shiro-activeSessionCache'.]
[2017-03-24 12:13:29.751] -- [DEBUG] -- [main >>>> DiskOverflowStorageFactory.java:98 >>>> Method = getDataFile] -- [Content = Deleting data file org.apache.shiro.realm.text.PropertiesRealm-0-accounts.data]
[2017-03-24 12:13:29.754] -- [DEBUG] -- [main >>>> Cache.java:1183 >>>> Method = initialise] -- [Content = Initialised cache: org.apache.shiro.realm.text.PropertiesRealm-0-accounts]
[2017-03-24 12:13:29.755] -- [DEBUG] -- [main >>>> ConfigurationHelper.java:331 >>>> Method = createCacheDecorators] -- [Content = CacheDecoratorFactory not configured. Skipping for 'org.apache.shiro.realm.text.PropertiesRealm-0-accounts'.]
[2017-03-24 12:13:29.755] -- [DEBUG] -- [main >>>> ConfigurationHelper.java:360 >>>> Method = createDefaultCacheDecorators] -- [Content = CacheDecoratorFactory not configured for defaultCache. Skipping for 'org.apache.shiro.realm.text.PropertiesRealm-0-accounts'.]
[2017-03-24 12:13:29.755] -- [WARN] -- [main >>>> Cache.java:992 >>>> Method = initialise] -- [Content = Cache: passwordRetryCache has a maxElementsInMemory of 0.  In Ehcache 2.0 this has been changed to mean a store with no capacity limit. Set it to 1 if you want no elements cached in memory]
[2017-03-24 12:13:29.756] -- [DEBUG] -- [main >>>> Cache.java:1183 >>>> Method = initialise] -- [Content = Initialised cache: passwordRetryCache]
[2017-03-24 12:13:29.757] -- [DEBUG] -- [main >>>> ConfigurationHelper.java:331 >>>> Method = createCacheDecorators] -- [Content = CacheDecoratorFactory not configured. Skipping for 'passwordRetryCache'.]
[2017-03-24 12:13:29.757] -- [DEBUG] -- [main >>>> ConfigurationHelper.java:360 >>>> Method = createDefaultCacheDecorators] -- [Content = CacheDecoratorFactory not configured for defaultCache. Skipping for 'passwordRetryCache'.]
[2017-03-24 12:13:29.758] -- [TRACE] -- [main >>>> EhCacheManager.java:215 >>>> Method = ensureCacheManager] -- [Content = instantiated Ehcache CacheManager instance.]
[2017-03-24 12:13:29.759] -- [DEBUG] -- [main >>>> EhCacheManager.java:219 >>>> Method = ensureCacheManager] -- [Content = implicit cacheManager created successfully.]
[2017-03-24 12:13:29.768] -- [TRACE] -- [main >>>> EhCacheManager.java:152 >>>> Method = getCache] -- [Content = Acquiring EhCache instance named [passwordRetryCache]]
[2017-03-24 12:13:29.769] -- [INFO] -- [main >>>> EhCacheManager.java:170 >>>> Method = getCache] -- [Content = Using existing EHCache named [passwordRetryCache]]
[2017-03-24 12:13:29.783] -- [DEBUG] -- [main >>>> AuthorizingRealm.java:234 >>>> Method = getAuthorizationCacheLazy] -- [Content = No authorizationCache instance set.  Checking for a cacheManager...]
[2017-03-24 12:13:29.784] -- [DEBUG] -- [main >>>> AuthorizingRealm.java:242 >>>> Method = getAuthorizationCacheLazy] -- [Content = CacheManager [org.apache.shiro.cache.ehcache.EhCacheManager@7668d560] has been configured.  Building authorization cache named [com.questionnaire.ssm.module.shiro.realm.MyRealm.authorizationCache]]
[2017-03-24 12:13:29.785] -- [TRACE] -- [main >>>> EhCacheManager.java:152 >>>> Method = getCache] -- [Content = Acquiring EhCache instance named [com.questionnaire.ssm.module.shiro.realm.MyRealm.authorizationCache]]
[2017-03-24 12:13:29.786] -- [INFO] -- [main >>>> EhCacheManager.java:159 >>>> Method = getCache] -- [Content = Cache with name 'com.questionnaire.ssm.module.shiro.realm.MyRealm.authorizationCache' does not yet exist.  Creating now.]
[2017-03-24 12:13:29.787] -- [DEBUG] -- [main >>>> Cache.java:1183 >>>> Method = initialise] -- [Content = Initialised cache: com.questionnaire.ssm.module.shiro.realm.MyRealm.authorizationCache]
[2017-03-24 12:13:29.788] -- [DEBUG] -- [main >>>> ConfigurationHelper.java:360 >>>> Method = createDefaultCacheDecorators] -- [Content = CacheDecoratorFactory not configured for defaultCache. Skipping for 'com.questionnaire.ssm.module.shiro.realm.MyRealm.authorizationCache'.]
[2017-03-24 12:13:29.790] -- [INFO] -- [main >>>> EhCacheManager.java:166 >>>> Method = getCache] -- [Content = Added EhCache named [com.questionnaire.ssm.module.shiro.realm.MyRealm.authorizationCache]]
[2017-03-24 12:13:29.791] -- [DEBUG] -- [main >>>> LifecycleBeanPostProcessor.java:86 >>>> Method = postProcessBeforeInitialization] -- [Content = Initializing bean [myRealm]...]
[2017-03-24 12:13:29.873] -- [TRACE] -- [main >>>> Ini.java:554 >>>> Method = splitKeyValue] -- [Content = Discovered key/value pair: /user/login = anon]
[2017-03-24 12:13:29.874] -- [TRACE] -- [main >>>> Ini.java:554 >>>> Method = splitKeyValue] -- [Content = Discovered key/value pair: /user/admin* = authc]
[2017-03-24 12:13:29.876] -- [TRACE] -- [main >>>> Ini.java:169 >>>> Method = cleanName] -- [Content = Specified name was null or empty.  Defaulting to the default section (name = "")]
[2017-03-24 12:13:29.903] -- [TRACE] -- [main >>>> ShiroFilterFactoryBean.java:506 >>>> Method = postProcessBeforeInitialization] -- [Content = Ignoring non-Filter bean 'questionnaireManagerAspect']
[2017-03-24 12:13:29.915] -- [TRACE] -- [main >>>> ShiroFilterFactoryBean.java:506 >>>> Method = postProcessBeforeInitialization] -- [Content = Ignoring non-Filter bean 'sysUserController']
[2017-03-24 12:13:29.928] -- [TRACE] -- [main >>>> ShiroFilterFactoryBean.java:506 >>>> Method = postProcessBeforeInitialization] -- [Content = Ignoring non-Filter bean 'userServiceImpl']
[2017-03-24 12:13:29.982] -- [TRACE] -- [main >>>> ShiroFilterFactoryBean.java:506 >>>> Method = postProcessBeforeInitialization] -- [Content = Ignoring non-Filter bean 'questionnaireMapper']
[2017-03-24 12:13:30.019] -- [TRACE] -- [main >>>> ShiroFilterFactoryBean.java:506 >>>> Method = postProcessBeforeInitialization] -- [Content = Ignoring non-Filter bean 'questionMapper']
[2017-03-24 12:13:30.053] -- [DEBUG] -- [shirocache >>>> UpdateChecker.java:68 >>>> Method = doCheck] -- [Content = Checking for update...]
[2017-03-24 12:13:30.107] -- [TRACE] -- [main >>>> ShiroFilterFactoryBean.java:506 >>>> Method = postProcessBeforeInitialization] -- [Content = Ignoring non-Filter bean 'questionOptionMapper']
[2017-03-24 12:13:30.145] -- [TRACE] -- [main >>>> ShiroFilterFactoryBean.java:506 >>>> Method = postProcessBeforeInitialization] -- [Content = Ignoring non-Filter bean 'mappingQuestionnaireQuestionMapper']
[2017-03-24 12:13:30.203] -- [TRACE] -- [main >>>> ShiroFilterFactoryBean.java:506 >>>> Method = postProcessBeforeInitialization] -- [Content = Ignoring non-Filter bean 'questionnaireManagerServiceImpl']
[2017-03-24 12:13:30.246] -- [TRACE] -- [main >>>> ShiroFilterFactoryBean.java:506 >>>> Method = postProcessBeforeInitialization] -- [Content = Ignoring non-Filter bean 'questionnaireManagerController']
[2017-03-24 12:13:30.279] -- [TRACE] -- [main >>>> ShiroFilterFactoryBean.java:506 >>>> Method = postProcessBeforeInitialization] -- [Content = Ignoring non-Filter bean 'insertExceptionHandler']
[2017-03-24 12:13:30.306] -- [TRACE] -- [main >>>> ShiroFilterFactoryBean.java:506 >>>> Method = postProcessBeforeInitialization] -- [Content = Ignoring non-Filter bean 'org.springframework.context.event.internalEventListenerProcessor']
[2017-03-24 12:13:30.331] -- [TRACE] -- [main >>>> ShiroFilterFactoryBean.java:506 >>>> Method = postProcessBeforeInitialization] -- [Content = Ignoring non-Filter bean 'org.springframework.context.event.internalEventListenerFactory']
[2017-03-24 12:13:30.348] -- [TRACE] -- [main >>>> ShiroFilterFactoryBean.java:506 >>>> Method = postProcessBeforeInitialization] -- [Content = Ignoring non-Filter bean 'mappingRolePermissionMapper']
[2017-03-24 12:13:30.357] -- [TRACE] -- [main >>>> ShiroFilterFactoryBean.java:506 >>>> Method = postProcessBeforeInitialization] -- [Content = Ignoring non-Filter bean 'permissionMapper']
[2017-03-24 12:13:30.367] -- [TRACE] -- [main >>>> ShiroFilterFactoryBean.java:506 >>>> Method = postProcessBeforeInitialization] -- [Content = Ignoring non-Filter bean 'recordLoginMapper']
[2017-03-24 12:13:30.377] -- [TRACE] -- [main >>>> ShiroFilterFactoryBean.java:506 >>>> Method = postProcessBeforeInitialization] -- [Content = Ignoring non-Filter bean 'recordOperateQuestionnaireMapper']
[2017-03-24 12:13:30.385] -- [TRACE] -- [main >>>> ShiroFilterFactoryBean.java:506 >>>> Method = postProcessBeforeInitialization] -- [Content = Ignoring non-Filter bean 'roleMapper']
[2017-03-24 12:13:30.396] -- [TRACE] -- [main >>>> ShiroFilterFactoryBean.java:506 >>>> Method = postProcessBeforeInitialization] -- [Content = Ignoring non-Filter bean 'unitMapper']
[2017-03-24 12:13:30.492] -- [TRACE] -- [main >>>> ShiroFilterFactoryBean.java:506 >>>> Method = postProcessBeforeInitialization] -- [Content = Ignoring non-Filter bean 'com.questionnaire.ssm.module.generated.mapper.QuestionnaireMapperTest']
[2017-03-24 12:13:34.672] -- [DEBUG] -- [Thread-2 >>>> LifecycleBeanPostProcessor.java:118 >>>> Method = postProcessBeforeDestruction] -- [Content = Destroying bean [securityManager]...]
[2017-03-24 12:13:34.689] -- [DEBUG] -- [Thread-2 >>>> LifecycleBeanPostProcessor.java:118 >>>> Method = postProcessBeforeDestruction] -- [Content = Destroying bean [cacheManager]...]
[2017-03-24 12:15:46.802] -- [DEBUG] -- [main >>>> LifecycleBeanPostProcessor.java:86 >>>> Method = postProcessBeforeInitialization] -- [Content = Initializing bean [cacheManager]...]
[2017-03-24 12:15:46.805] -- [DEBUG] -- [main >>>> EhCacheManager.java:206 >>>> Method = ensureCacheManager] -- [Content = cacheManager property not set.  Constructing CacheManager instance... ]
[2017-03-24 12:15:46.814] -- [DEBUG] -- [main >>>> ResourceUtils.java:159 >>>> Method = loadFromClassPath] -- [Content = Opening resource from class path [shiro/ehcache.xml]]
[2017-03-24 12:15:46.855] -- [DEBUG] -- [main >>>> ConfigurationFactory.java:148 >>>> Method = parseConfiguration] -- [Content = Configuring ehcache from InputStream]
[2017-03-24 12:15:46.889] -- [DEBUG] -- [main >>>> DiskStoreConfiguration.java:118 >>>> Method = translatePath] -- [Content = Disk Store Path: E:\Project\questionnaire\questionnaire]
[2017-03-24 12:15:46.923] -- [DEBUG] -- [main >>>> PropertyUtil.java:88 >>>> Method = parseProperties] -- [Content = propertiesString is null.]
[2017-03-24 12:15:46.926] -- [DEBUG] -- [main >>>> ConfigurationHelper.java:184 >>>> Method = createCacheManagerEventListener] -- [Content = No CacheManagerEventListenerFactory class specified. Skipping...]
[2017-03-24 12:15:46.953] -- [DEBUG] -- [main >>>> Cache.java:949 >>>> Method = createBootstrapCacheLoader] -- [Content = No BootstrapCacheLoaderFactory class specified. Skipping...]
[2017-03-24 12:15:46.954] -- [DEBUG] -- [main >>>> Cache.java:923 >>>> Method = createCacheWriter] -- [Content = CacheWriter factory not configured. Skipping...]
[2017-03-24 12:15:46.955] -- [DEBUG] -- [main >>>> ConfigurationHelper.java:96 >>>> Method = createCacheExceptionHandler] -- [Content = No CacheExceptionHandlerFactory class specified. Skipping...]
[2017-03-24 12:15:46.958] -- [DEBUG] -- [main >>>> Cache.java:949 >>>> Method = createBootstrapCacheLoader] -- [Content = No BootstrapCacheLoaderFactory class specified. Skipping...]
[2017-03-24 12:15:46.959] -- [DEBUG] -- [main >>>> Cache.java:923 >>>> Method = createCacheWriter] -- [Content = CacheWriter factory not configured. Skipping...]
[2017-03-24 12:15:46.959] -- [DEBUG] -- [main >>>> ConfigurationHelper.java:96 >>>> Method = createCacheExceptionHandler] -- [Content = No CacheExceptionHandlerFactory class specified. Skipping...]
[2017-03-24 12:15:46.959] -- [DEBUG] -- [main >>>> Cache.java:949 >>>> Method = createBootstrapCacheLoader] -- [Content = No BootstrapCacheLoaderFactory class specified. Skipping...]
[2017-03-24 12:15:46.960] -- [DEBUG] -- [main >>>> Cache.java:923 >>>> Method = createCacheWriter] -- [Content = CacheWriter factory not configured. Skipping...]
[2017-03-24 12:15:46.960] -- [DEBUG] -- [main >>>> ConfigurationHelper.java:96 >>>> Method = createCacheExceptionHandler] -- [Content = No CacheExceptionHandlerFactory class specified. Skipping...]
[2017-03-24 12:15:46.960] -- [DEBUG] -- [main >>>> Cache.java:949 >>>> Method = createBootstrapCacheLoader] -- [Content = No BootstrapCacheLoaderFactory class specified. Skipping...]
[2017-03-24 12:15:46.961] -- [DEBUG] -- [main >>>> Cache.java:923 >>>> Method = createCacheWriter] -- [Content = CacheWriter factory not configured. Skipping...]
[2017-03-24 12:15:46.961] -- [DEBUG] -- [main >>>> ConfigurationHelper.java:96 >>>> Method = createCacheExceptionHandler] -- [Content = No CacheExceptionHandlerFactory class specified. Skipping...]
[2017-03-24 12:15:46.961] -- [DEBUG] -- [main >>>> Cache.java:949 >>>> Method = createBootstrapCacheLoader] -- [Content = No BootstrapCacheLoaderFactory class specified. Skipping...]
[2017-03-24 12:15:46.962] -- [DEBUG] -- [main >>>> Cache.java:923 >>>> Method = createCacheWriter] -- [Content = CacheWriter factory not configured. Skipping...]
[2017-03-24 12:15:46.962] -- [DEBUG] -- [main >>>> ConfigurationHelper.java:96 >>>> Method = createCacheExceptionHandler] -- [Content = No CacheExceptionHandlerFactory class specified. Skipping...]
[2017-03-24 12:15:46.963] -- [DEBUG] -- [main >>>> Cache.java:949 >>>> Method = createBootstrapCacheLoader] -- [Content = No BootstrapCacheLoaderFactory class specified. Skipping...]
[2017-03-24 12:15:46.964] -- [DEBUG] -- [main >>>> Cache.java:923 >>>> Method = createCacheWriter] -- [Content = CacheWriter factory not configured. Skipping...]
[2017-03-24 12:15:46.965] -- [DEBUG] -- [main >>>> ConfigurationHelper.java:96 >>>> Method = createCacheExceptionHandler] -- [Content = No CacheExceptionHandlerFactory class specified. Skipping...]
[2017-03-24 12:15:46.966] -- [WARN] -- [main >>>> Cache.java:992 >>>> Method = initialise] -- [Content = Cache: authenticationCache has a maxElementsInMemory of 0.  In Ehcache 2.0 this has been changed to mean a store with no capacity limit. Set it to 1 if you want no elements cached in memory]
[2017-03-24 12:15:46.994] -- [DEBUG] -- [main >>>> Cache.java:1183 >>>> Method = initialise] -- [Content = Initialised cache: authenticationCache]
[2017-03-24 12:15:46.995] -- [DEBUG] -- [main >>>> ConfigurationHelper.java:331 >>>> Method = createCacheDecorators] -- [Content = CacheDecoratorFactory not configured. Skipping for 'authenticationCache'.]
[2017-03-24 12:15:46.995] -- [DEBUG] -- [main >>>> ConfigurationHelper.java:360 >>>> Method = createDefaultCacheDecorators] -- [Content = CacheDecoratorFactory not configured for defaultCache. Skipping for 'authenticationCache'.]
[2017-03-24 12:15:47.005] -- [DEBUG] -- [main >>>> DiskOverflowStorageFactory.java:98 >>>> Method = getDataFile] -- [Content = Deleting data file org.apache.shiro.realm.text.PropertiesRealm-0-accounts.data]
[2017-03-24 12:15:47.044] -- [DEBUG] -- [main >>>> Cache.java:1183 >>>> Method = initialise] -- [Content = Initialised cache: org.apache.shiro.realm.text.PropertiesRealm-0-accounts]
[2017-03-24 12:15:47.046] -- [DEBUG] -- [main >>>> ConfigurationHelper.java:331 >>>> Method = createCacheDecorators] -- [Content = CacheDecoratorFactory not configured. Skipping for 'org.apache.shiro.realm.text.PropertiesRealm-0-accounts'.]
[2017-03-24 12:15:47.046] -- [DEBUG] -- [main >>>> ConfigurationHelper.java:360 >>>> Method = createDefaultCacheDecorators] -- [Content = CacheDecoratorFactory not configured for defaultCache. Skipping for 'org.apache.shiro.realm.text.PropertiesRealm-0-accounts'.]
[2017-03-24 12:15:47.047] -- [WARN] -- [main >>>> Cache.java:992 >>>> Method = initialise] -- [Content = Cache: passwordRetryCache has a maxElementsInMemory of 0.  In Ehcache 2.0 this has been changed to mean a store with no capacity limit. Set it to 1 if you want no elements cached in memory]
[2017-03-24 12:15:47.047] -- [DEBUG] -- [main >>>> Cache.java:1183 >>>> Method = initialise] -- [Content = Initialised cache: passwordRetryCache]
[2017-03-24 12:15:47.048] -- [DEBUG] -- [main >>>> ConfigurationHelper.java:331 >>>> Method = createCacheDecorators] -- [Content = CacheDecoratorFactory not configured. Skipping for 'passwordRetryCache'.]
[2017-03-24 12:15:47.048] -- [DEBUG] -- [main >>>> ConfigurationHelper.java:360 >>>> Method = createDefaultCacheDecorators] -- [Content = CacheDecoratorFactory not configured for defaultCache. Skipping for 'passwordRetryCache'.]
[2017-03-24 12:15:47.049] -- [WARN] -- [main >>>> Cache.java:992 >>>> Method = initialise] -- [Content = Cache: authorizationCache has a maxElementsInMemory of 0.  In Ehcache 2.0 this has been changed to mean a store with no capacity limit. Set it to 1 if you want no elements cached in memory]
[2017-03-24 12:15:47.050] -- [DEBUG] -- [main >>>> Cache.java:1183 >>>> Method = initialise] -- [Content = Initialised cache: authorizationCache]
[2017-03-24 12:15:47.050] -- [DEBUG] -- [main >>>> ConfigurationHelper.java:331 >>>> Method = createCacheDecorators] -- [Content = CacheDecoratorFactory not configured. Skipping for 'authorizationCache'.]
[2017-03-24 12:15:47.050] -- [DEBUG] -- [main >>>> ConfigurationHelper.java:360 >>>> Method = createDefaultCacheDecorators] -- [Content = CacheDecoratorFactory not configured for defaultCache. Skipping for 'authorizationCache'.]
[2017-03-24 12:15:47.062] -- [DEBUG] -- [main >>>> DiskPersistentStorageFactory.java:97 >>>> Method = <init>] -- [Content = Matching data file missing (or empty) for index file. Deleting index file E:\Project\questionnaire\questionnaire\shiro-activeSessionCache.index]
[2017-03-24 12:15:47.066] -- [DEBUG] -- [main >>>> Cache.java:1183 >>>> Method = initialise] -- [Content = Initialised cache: shiro-activeSessionCache]
[2017-03-24 12:15:47.067] -- [DEBUG] -- [main >>>> ConfigurationHelper.java:331 >>>> Method = createCacheDecorators] -- [Content = CacheDecoratorFactory not configured. Skipping for 'shiro-activeSessionCache'.]
[2017-03-24 12:15:47.071] -- [DEBUG] -- [main >>>> ConfigurationHelper.java:360 >>>> Method = createDefaultCacheDecorators] -- [Content = CacheDecoratorFactory not configured for defaultCache. Skipping for 'shiro-activeSessionCache'.]
[2017-03-24 12:15:47.073] -- [TRACE] -- [main >>>> EhCacheManager.java:215 >>>> Method = ensureCacheManager] -- [Content = instantiated Ehcache CacheManager instance.]
[2017-03-24 12:15:47.073] -- [DEBUG] -- [main >>>> EhCacheManager.java:219 >>>> Method = ensureCacheManager] -- [Content = implicit cacheManager created successfully.]
[2017-03-24 12:15:47.130] -- [TRACE] -- [main >>>> EhCacheManager.java:152 >>>> Method = getCache] -- [Content = Acquiring EhCache instance named [passwordRetryCache]]
[2017-03-24 12:15:47.131] -- [INFO] -- [main >>>> EhCacheManager.java:170 >>>> Method = getCache] -- [Content = Using existing EHCache named [passwordRetryCache]]
[2017-03-24 12:15:47.154] -- [DEBUG] -- [main >>>> AuthorizingRealm.java:234 >>>> Method = getAuthorizationCacheLazy] -- [Content = No authorizationCache instance set.  Checking for a cacheManager...]
[2017-03-24 12:15:47.155] -- [DEBUG] -- [main >>>> AuthorizingRealm.java:242 >>>> Method = getAuthorizationCacheLazy] -- [Content = CacheManager [org.apache.shiro.cache.ehcache.EhCacheManager@7668d560] has been configured.  Building authorization cache named [com.questionnaire.ssm.module.shiro.realm.MyRealm.authorizationCache]]
[2017-03-24 12:15:47.157] -- [TRACE] -- [main >>>> EhCacheManager.java:152 >>>> Method = getCache] -- [Content = Acquiring EhCache instance named [com.questionnaire.ssm.module.shiro.realm.MyRealm.authorizationCache]]
[2017-03-24 12:15:47.157] -- [INFO] -- [main >>>> EhCacheManager.java:159 >>>> Method = getCache] -- [Content = Cache with name 'com.questionnaire.ssm.module.shiro.realm.MyRealm.authorizationCache' does not yet exist.  Creating now.]
[2017-03-24 12:15:47.158] -- [DEBUG] -- [main >>>> Cache.java:1183 >>>> Method = initialise] -- [Content = Initialised cache: com.questionnaire.ssm.module.shiro.realm.MyRealm.authorizationCache]
[2017-03-24 12:15:47.159] -- [DEBUG] -- [main >>>> ConfigurationHelper.java:360 >>>> Method = createDefaultCacheDecorators] -- [Content = CacheDecoratorFactory not configured for defaultCache. Skipping for 'com.questionnaire.ssm.module.shiro.realm.MyRealm.authorizationCache'.]
[2017-03-24 12:15:47.159] -- [INFO] -- [main >>>> EhCacheManager.java:166 >>>> Method = getCache] -- [Content = Added EhCache named [com.questionnaire.ssm.module.shiro.realm.MyRealm.authorizationCache]]
[2017-03-24 12:15:47.160] -- [DEBUG] -- [main >>>> LifecycleBeanPostProcessor.java:86 >>>> Method = postProcessBeforeInitialization] -- [Content = Initializing bean [myRealm]...]
[2017-03-24 12:15:47.331] -- [TRACE] -- [main >>>> Ini.java:554 >>>> Method = splitKeyValue] -- [Content = Discovered key/value pair: /user/login = anon]
[2017-03-24 12:15:47.334] -- [TRACE] -- [main >>>> Ini.java:554 >>>> Method = splitKeyValue] -- [Content = Discovered key/value pair: /user/admin* = authc]
[2017-03-24 12:15:47.339] -- [TRACE] -- [main >>>> Ini.java:169 >>>> Method = cleanName] -- [Content = Specified name was null or empty.  Defaulting to the default section (name = "")]
[2017-03-24 12:15:47.372] -- [TRACE] -- [main >>>> ShiroFilterFactoryBean.java:506 >>>> Method = postProcessBeforeInitialization] -- [Content = Ignoring non-Filter bean 'questionnaireManagerAspect']
[2017-03-24 12:15:47.383] -- [TRACE] -- [main >>>> ShiroFilterFactoryBean.java:506 >>>> Method = postProcessBeforeInitialization] -- [Content = Ignoring non-Filter bean 'sysUserController']
[2017-03-24 12:15:47.412] -- [TRACE] -- [main >>>> ShiroFilterFactoryBean.java:506 >>>> Method = postProcessBeforeInitialization] -- [Content = Ignoring non-Filter bean 'userServiceImpl']
[2017-03-24 12:15:47.471] -- [TRACE] -- [main >>>> ShiroFilterFactoryBean.java:506 >>>> Method = postProcessBeforeInitialization] -- [Content = Ignoring non-Filter bean 'questionnaireMapper']
[2017-03-24 12:15:47.527] -- [TRACE] -- [main >>>> ShiroFilterFactoryBean.java:506 >>>> Method = postProcessBeforeInitialization] -- [Content = Ignoring non-Filter bean 'questionMapper']
[2017-03-24 12:15:47.558] -- [TRACE] -- [main >>>> ShiroFilterFactoryBean.java:506 >>>> Method = postProcessBeforeInitialization] -- [Content = Ignoring non-Filter bean 'questionOptionMapper']
[2017-03-24 12:15:47.591] -- [TRACE] -- [main >>>> ShiroFilterFactoryBean.java:506 >>>> Method = postProcessBeforeInitialization] -- [Content = Ignoring non-Filter bean 'mappingQuestionnaireQuestionMapper']
[2017-03-24 12:15:47.612] -- [TRACE] -- [main >>>> ShiroFilterFactoryBean.java:506 >>>> Method = postProcessBeforeInitialization] -- [Content = Ignoring non-Filter bean 'questionnaireManagerServiceImpl']
[2017-03-24 12:15:47.698] -- [TRACE] -- [main >>>> ShiroFilterFactoryBean.java:506 >>>> Method = postProcessBeforeInitialization] -- [Content = Ignoring non-Filter bean 'questionnaireManagerController']
[2017-03-24 12:15:47.733] -- [TRACE] -- [main >>>> ShiroFilterFactoryBean.java:506 >>>> Method = postProcessBeforeInitialization] -- [Content = Ignoring non-Filter bean 'insertExceptionHandler']
[2017-03-24 12:15:47.762] -- [TRACE] -- [main >>>> ShiroFilterFactoryBean.java:506 >>>> Method = postProcessBeforeInitialization] -- [Content = Ignoring non-Filter bean 'org.springframework.context.event.internalEventListenerProcessor']
[2017-03-24 12:15:47.771] -- [TRACE] -- [main >>>> ShiroFilterFactoryBean.java:506 >>>> Method = postProcessBeforeInitialization] -- [Content = Ignoring non-Filter bean 'org.springframework.context.event.internalEventListenerFactory']
[2017-03-24 12:15:47.776] -- [TRACE] -- [main >>>> ShiroFilterFactoryBean.java:506 >>>> Method = postProcessBeforeInitialization] -- [Content = Ignoring non-Filter bean 'mappingRolePermissionMapper']
[2017-03-24 12:15:47.783] -- [TRACE] -- [main >>>> ShiroFilterFactoryBean.java:506 >>>> Method = postProcessBeforeInitialization] -- [Content = Ignoring non-Filter bean 'permissionMapper']
[2017-03-24 12:15:47.791] -- [TRACE] -- [main >>>> ShiroFilterFactoryBean.java:506 >>>> Method = postProcessBeforeInitialization] -- [Content = Ignoring non-Filter bean 'recordLoginMapper']
[2017-03-24 12:15:47.801] -- [TRACE] -- [main >>>> ShiroFilterFactoryBean.java:506 >>>> Method = postProcessBeforeInitialization] -- [Content = Ignoring non-Filter bean 'recordOperateQuestionnaireMapper']
[2017-03-24 12:15:47.820] -- [TRACE] -- [main >>>> ShiroFilterFactoryBean.java:506 >>>> Method = postProcessBeforeInitialization] -- [Content = Ignoring non-Filter bean 'roleMapper']
[2017-03-24 12:15:47.827] -- [TRACE] -- [main >>>> ShiroFilterFactoryBean.java:506 >>>> Method = postProcessBeforeInitialization] -- [Content = Ignoring non-Filter bean 'unitMapper']
[2017-03-24 12:15:47.960] -- [TRACE] -- [main >>>> ShiroFilterFactoryBean.java:506 >>>> Method = postProcessBeforeInitialization] -- [Content = Ignoring non-Filter bean 'com.questionnaire.ssm.module.generated.mapper.QuestionnaireMapperTest']
[2017-03-24 12:15:48.016] -- [DEBUG] -- [shirocache >>>> UpdateChecker.java:68 >>>> Method = doCheck] -- [Content = Checking for update...]
[2017-03-24 12:15:48.089] -- [DEBUG] -- [Thread-2 >>>> LifecycleBeanPostProcessor.java:118 >>>> Method = postProcessBeforeDestruction] -- [Content = Destroying bean [securityManager]...]
[2017-03-24 12:15:48.106] -- [DEBUG] -- [Thread-2 >>>> LifecycleBeanPostProcessor.java:118 >>>> Method = postProcessBeforeDestruction] -- [Content = Destroying bean [cacheManager]...]
[2017-03-24 12:17:24.889] -- [DEBUG] -- [main >>>> LifecycleBeanPostProcessor.java:86 >>>> Method = postProcessBeforeInitialization] -- [Content = Initializing bean [cacheManager]...]
[2017-03-24 12:17:24.895] -- [DEBUG] -- [main >>>> EhCacheManager.java:206 >>>> Method = ensureCacheManager] -- [Content = cacheManager property not set.  Constructing CacheManager instance... ]
[2017-03-24 12:17:24.911] -- [DEBUG] -- [main >>>> ResourceUtils.java:159 >>>> Method = loadFromClassPath] -- [Content = Opening resource from class path [shiro/ehcache.xml]]
[2017-03-24 12:17:24.929] -- [DEBUG] -- [main >>>> ConfigurationFactory.java:148 >>>> Method = parseConfiguration] -- [Content = Configuring ehcache from InputStream]
[2017-03-24 12:17:24.952] -- [DEBUG] -- [main >>>> DiskStoreConfiguration.java:118 >>>> Method = translatePath] -- [Content = Disk Store Path: E:\Project\questionnaire\questionnaire]
[2017-03-24 12:17:24.990] -- [DEBUG] -- [main >>>> PropertyUtil.java:88 >>>> Method = parseProperties] -- [Content = propertiesString is null.]
[2017-03-24 12:17:24.994] -- [DEBUG] -- [main >>>> ConfigurationHelper.java:184 >>>> Method = createCacheManagerEventListener] -- [Content = No CacheManagerEventListenerFactory class specified. Skipping...]
[2017-03-24 12:17:25.038] -- [DEBUG] -- [main >>>> Cache.java:949 >>>> Method = createBootstrapCacheLoader] -- [Content = No BootstrapCacheLoaderFactory class specified. Skipping...]
[2017-03-24 12:17:25.039] -- [DEBUG] -- [main >>>> Cache.java:923 >>>> Method = createCacheWriter] -- [Content = CacheWriter factory not configured. Skipping...]
[2017-03-24 12:17:25.041] -- [DEBUG] -- [main >>>> ConfigurationHelper.java:96 >>>> Method = createCacheExceptionHandler] -- [Content = No CacheExceptionHandlerFactory class specified. Skipping...]
[2017-03-24 12:17:25.047] -- [DEBUG] -- [main >>>> Cache.java:949 >>>> Method = createBootstrapCacheLoader] -- [Content = No BootstrapCacheLoaderFactory class specified. Skipping...]
[2017-03-24 12:17:25.048] -- [DEBUG] -- [main >>>> Cache.java:923 >>>> Method = createCacheWriter] -- [Content = CacheWriter factory not configured. Skipping...]
[2017-03-24 12:17:25.049] -- [DEBUG] -- [main >>>> ConfigurationHelper.java:96 >>>> Method = createCacheExceptionHandler] -- [Content = No CacheExceptionHandlerFactory class specified. Skipping...]
[2017-03-24 12:17:25.050] -- [DEBUG] -- [main >>>> Cache.java:949 >>>> Method = createBootstrapCacheLoader] -- [Content = No BootstrapCacheLoaderFactory class specified. Skipping...]
[2017-03-24 12:17:25.050] -- [DEBUG] -- [main >>>> Cache.java:923 >>>> Method = createCacheWriter] -- [Content = CacheWriter factory not configured. Skipping...]
[2017-03-24 12:17:25.051] -- [DEBUG] -- [main >>>> ConfigurationHelper.java:96 >>>> Method = createCacheExceptionHandler] -- [Content = No CacheExceptionHandlerFactory class specified. Skipping...]
[2017-03-24 12:17:25.052] -- [DEBUG] -- [main >>>> Cache.java:949 >>>> Method = createBootstrapCacheLoader] -- [Content = No BootstrapCacheLoaderFactory class specified. Skipping...]
[2017-03-24 12:17:25.052] -- [DEBUG] -- [main >>>> Cache.java:923 >>>> Method = createCacheWriter] -- [Content = CacheWriter factory not configured. Skipping...]
[2017-03-24 12:17:25.053] -- [DEBUG] -- [main >>>> ConfigurationHelper.java:96 >>>> Method = createCacheExceptionHandler] -- [Content = No CacheExceptionHandlerFactory class specified. Skipping...]
[2017-03-24 12:17:25.053] -- [DEBUG] -- [main >>>> Cache.java:949 >>>> Method = createBootstrapCacheLoader] -- [Content = No BootstrapCacheLoaderFactory class specified. Skipping...]
[2017-03-24 12:17:25.054] -- [DEBUG] -- [main >>>> Cache.java:923 >>>> Method = createCacheWriter] -- [Content = CacheWriter factory not configured. Skipping...]
[2017-03-24 12:17:25.054] -- [DEBUG] -- [main >>>> ConfigurationHelper.java:96 >>>> Method = createCacheExceptionHandler] -- [Content = No CacheExceptionHandlerFactory class specified. Skipping...]
[2017-03-24 12:17:25.055] -- [DEBUG] -- [main >>>> Cache.java:949 >>>> Method = createBootstrapCacheLoader] -- [Content = No BootstrapCacheLoaderFactory class specified. Skipping...]
[2017-03-24 12:17:25.056] -- [DEBUG] -- [main >>>> Cache.java:923 >>>> Method = createCacheWriter] -- [Content = CacheWriter factory not configured. Skipping...]
[2017-03-24 12:17:25.056] -- [DEBUG] -- [main >>>> ConfigurationHelper.java:96 >>>> Method = createCacheExceptionHandler] -- [Content = No CacheExceptionHandlerFactory class specified. Skipping...]
[2017-03-24 12:17:25.086] -- [DEBUG] -- [main >>>> DiskPersistentStorageFactory.java:97 >>>> Method = <init>] -- [Content = Matching data file missing (or empty) for index file. Deleting index file E:\Project\questionnaire\questionnaire\shiro-activeSessionCache.index]
[2017-03-24 12:17:25.103] -- [DEBUG] -- [main >>>> Cache.java:1183 >>>> Method = initialise] -- [Content = Initialised cache: shiro-activeSessionCache]
[2017-03-24 12:17:25.104] -- [DEBUG] -- [main >>>> ConfigurationHelper.java:331 >>>> Method = createCacheDecorators] -- [Content = CacheDecoratorFactory not configured. Skipping for 'shiro-activeSessionCache'.]
[2017-03-24 12:17:25.106] -- [DEBUG] -- [main >>>> ConfigurationHelper.java:360 >>>> Method = createDefaultCacheDecorators] -- [Content = CacheDecoratorFactory not configured for defaultCache. Skipping for 'shiro-activeSessionCache'.]
[2017-03-24 12:17:25.119] -- [WARN] -- [main >>>> Cache.java:992 >>>> Method = initialise] -- [Content = Cache: authorizationCache has a maxElementsInMemory of 0.  In Ehcache 2.0 this has been changed to mean a store with no capacity limit. Set it to 1 if you want no elements cached in memory]
[2017-03-24 12:17:25.129] -- [DEBUG] -- [main >>>> Cache.java:1183 >>>> Method = initialise] -- [Content = Initialised cache: authorizationCache]
[2017-03-24 12:17:25.134] -- [DEBUG] -- [main >>>> ConfigurationHelper.java:331 >>>> Method = createCacheDecorators] -- [Content = CacheDecoratorFactory not configured. Skipping for 'authorizationCache'.]
[2017-03-24 12:17:25.136] -- [DEBUG] -- [main >>>> ConfigurationHelper.java:360 >>>> Method = createDefaultCacheDecorators] -- [Content = CacheDecoratorFactory not configured for defaultCache. Skipping for 'authorizationCache'.]
[2017-03-24 12:17:25.137] -- [WARN] -- [main >>>> Cache.java:992 >>>> Method = initialise] -- [Content = Cache: passwordRetryCache has a maxElementsInMemory of 0.  In Ehcache 2.0 this has been changed to mean a store with no capacity limit. Set it to 1 if you want no elements cached in memory]
[2017-03-24 12:17:25.138] -- [DEBUG] -- [main >>>> Cache.java:1183 >>>> Method = initialise] -- [Content = Initialised cache: passwordRetryCache]
[2017-03-24 12:17:25.139] -- [DEBUG] -- [main >>>> ConfigurationHelper.java:331 >>>> Method = createCacheDecorators] -- [Content = CacheDecoratorFactory not configured. Skipping for 'passwordRetryCache'.]
[2017-03-24 12:17:25.142] -- [DEBUG] -- [main >>>> ConfigurationHelper.java:360 >>>> Method = createDefaultCacheDecorators] -- [Content = CacheDecoratorFactory not configured for defaultCache. Skipping for 'passwordRetryCache'.]
[2017-03-24 12:17:25.142] -- [WARN] -- [main >>>> Cache.java:992 >>>> Method = initialise] -- [Content = Cache: authenticationCache has a maxElementsInMemory of 0.  In Ehcache 2.0 this has been changed to mean a store with no capacity limit. Set it to 1 if you want no elements cached in memory]
[2017-03-24 12:17:25.145] -- [DEBUG] -- [main >>>> Cache.java:1183 >>>> Method = initialise] -- [Content = Initialised cache: authenticationCache]
[2017-03-24 12:17:25.146] -- [DEBUG] -- [main >>>> ConfigurationHelper.java:331 >>>> Method = createCacheDecorators] -- [Content = CacheDecoratorFactory not configured. Skipping for 'authenticationCache'.]
[2017-03-24 12:17:25.147] -- [DEBUG] -- [main >>>> ConfigurationHelper.java:360 >>>> Method = createDefaultCacheDecorators] -- [Content = CacheDecoratorFactory not configured for defaultCache. Skipping for 'authenticationCache'.]
[2017-03-24 12:17:25.154] -- [DEBUG] -- [main >>>> DiskOverflowStorageFactory.java:98 >>>> Method = getDataFile] -- [Content = Deleting data file org.apache.shiro.realm.text.PropertiesRealm-0-accounts.data]
[2017-03-24 12:17:25.160] -- [DEBUG] -- [main >>>> Cache.java:1183 >>>> Method = initialise] -- [Content = Initialised cache: org.apache.shiro.realm.text.PropertiesRealm-0-accounts]
[2017-03-24 12:17:25.162] -- [DEBUG] -- [main >>>> ConfigurationHelper.java:331 >>>> Method = createCacheDecorators] -- [Content = CacheDecoratorFactory not configured. Skipping for 'org.apache.shiro.realm.text.PropertiesRealm-0-accounts'.]
[2017-03-24 12:17:25.163] -- [DEBUG] -- [main >>>> ConfigurationHelper.java:360 >>>> Method = createDefaultCacheDecorators] -- [Content = CacheDecoratorFactory not configured for defaultCache. Skipping for 'org.apache.shiro.realm.text.PropertiesRealm-0-accounts'.]
[2017-03-24 12:17:25.164] -- [TRACE] -- [main >>>> EhCacheManager.java:215 >>>> Method = ensureCacheManager] -- [Content = instantiated Ehcache CacheManager instance.]
[2017-03-24 12:17:25.175] -- [DEBUG] -- [main >>>> EhCacheManager.java:219 >>>> Method = ensureCacheManager] -- [Content = implicit cacheManager created successfully.]
[2017-03-24 12:17:25.238] -- [TRACE] -- [main >>>> EhCacheManager.java:152 >>>> Method = getCache] -- [Content = Acquiring EhCache instance named [passwordRetryCache]]
[2017-03-24 12:17:25.239] -- [INFO] -- [main >>>> EhCacheManager.java:170 >>>> Method = getCache] -- [Content = Using existing EHCache named [passwordRetryCache]]
[2017-03-24 12:17:25.258] -- [DEBUG] -- [main >>>> AuthorizingRealm.java:234 >>>> Method = getAuthorizationCacheLazy] -- [Content = No authorizationCache instance set.  Checking for a cacheManager...]
[2017-03-24 12:17:25.259] -- [DEBUG] -- [main >>>> AuthorizingRealm.java:242 >>>> Method = getAuthorizationCacheLazy] -- [Content = CacheManager [org.apache.shiro.cache.ehcache.EhCacheManager@7668d560] has been configured.  Building authorization cache named [com.questionnaire.ssm.module.shiro.realm.MyRealm.authorizationCache]]
[2017-03-24 12:17:25.259] -- [TRACE] -- [main >>>> EhCacheManager.java:152 >>>> Method = getCache] -- [Content = Acquiring EhCache instance named [com.questionnaire.ssm.module.shiro.realm.MyRealm.authorizationCache]]
[2017-03-24 12:17:25.260] -- [INFO] -- [main >>>> EhCacheManager.java:159 >>>> Method = getCache] -- [Content = Cache with name 'com.questionnaire.ssm.module.shiro.realm.MyRealm.authorizationCache' does not yet exist.  Creating now.]
[2017-03-24 12:17:25.262] -- [DEBUG] -- [main >>>> Cache.java:1183 >>>> Method = initialise] -- [Content = Initialised cache: com.questionnaire.ssm.module.shiro.realm.MyRealm.authorizationCache]
[2017-03-24 12:17:25.263] -- [DEBUG] -- [main >>>> ConfigurationHelper.java:360 >>>> Method = createDefaultCacheDecorators] -- [Content = CacheDecoratorFactory not configured for defaultCache. Skipping for 'com.questionnaire.ssm.module.shiro.realm.MyRealm.authorizationCache'.]
[2017-03-24 12:17:25.263] -- [INFO] -- [main >>>> EhCacheManager.java:166 >>>> Method = getCache] -- [Content = Added EhCache named [com.questionnaire.ssm.module.shiro.realm.MyRealm.authorizationCache]]
[2017-03-24 12:17:25.265] -- [DEBUG] -- [main >>>> LifecycleBeanPostProcessor.java:86 >>>> Method = postProcessBeforeInitialization] -- [Content = Initializing bean [myRealm]...]
[2017-03-24 12:17:25.349] -- [TRACE] -- [main >>>> Ini.java:554 >>>> Method = splitKeyValue] -- [Content = Discovered key/value pair: /user/login = anon]
[2017-03-24 12:17:25.350] -- [TRACE] -- [main >>>> Ini.java:554 >>>> Method = splitKeyValue] -- [Content = Discovered key/value pair: /user/admin* = authc]
[2017-03-24 12:17:25.352] -- [TRACE] -- [main >>>> Ini.java:169 >>>> Method = cleanName] -- [Content = Specified name was null or empty.  Defaulting to the default section (name = "")]
[2017-03-24 12:17:25.408] -- [TRACE] -- [main >>>> ShiroFilterFactoryBean.java:506 >>>> Method = postProcessBeforeInitialization] -- [Content = Ignoring non-Filter bean 'questionnaireManagerAspect']
[2017-03-24 12:17:25.427] -- [TRACE] -- [main >>>> ShiroFilterFactoryBean.java:506 >>>> Method = postProcessBeforeInitialization] -- [Content = Ignoring non-Filter bean 'sysUserController']
[2017-03-24 12:17:25.449] -- [TRACE] -- [main >>>> ShiroFilterFactoryBean.java:506 >>>> Method = postProcessBeforeInitialization] -- [Content = Ignoring non-Filter bean 'userServiceImpl']
[2017-03-24 12:17:25.516] -- [TRACE] -- [main >>>> ShiroFilterFactoryBean.java:506 >>>> Method = postProcessBeforeInitialization] -- [Content = Ignoring non-Filter bean 'questionnaireMapper']
[2017-03-24 12:17:25.546] -- [TRACE] -- [main >>>> ShiroFilterFactoryBean.java:506 >>>> Method = postProcessBeforeInitialization] -- [Content = Ignoring non-Filter bean 'questionMapper']
[2017-03-24 12:17:25.590] -- [TRACE] -- [main >>>> ShiroFilterFactoryBean.java:506 >>>> Method = postProcessBeforeInitialization] -- [Content = Ignoring non-Filter bean 'questionOptionMapper']
[2017-03-24 12:17:25.626] -- [TRACE] -- [main >>>> ShiroFilterFactoryBean.java:506 >>>> Method = postProcessBeforeInitialization] -- [Content = Ignoring non-Filter bean 'mappingQuestionnaireQuestionMapper']
[2017-03-24 12:17:25.662] -- [TRACE] -- [main >>>> ShiroFilterFactoryBean.java:506 >>>> Method = postProcessBeforeInitialization] -- [Content = Ignoring non-Filter bean 'questionnaireManagerServiceImpl']
[2017-03-24 12:17:25.709] -- [TRACE] -- [main >>>> ShiroFilterFactoryBean.java:506 >>>> Method = postProcessBeforeInitialization] -- [Content = Ignoring non-Filter bean 'questionnaireManagerController']
[2017-03-24 12:17:25.718] -- [TRACE] -- [main >>>> ShiroFilterFactoryBean.java:506 >>>> Method = postProcessBeforeInitialization] -- [Content = Ignoring non-Filter bean 'insertExceptionHandler']
[2017-03-24 12:17:25.726] -- [TRACE] -- [main >>>> ShiroFilterFactoryBean.java:506 >>>> Method = postProcessBeforeInitialization] -- [Content = Ignoring non-Filter bean 'org.springframework.context.event.internalEventListenerProcessor']
[2017-03-24 12:17:25.733] -- [TRACE] -- [main >>>> ShiroFilterFactoryBean.java:506 >>>> Method = postProcessBeforeInitialization] -- [Content = Ignoring non-Filter bean 'org.springframework.context.event.internalEventListenerFactory']
[2017-03-24 12:17:25.737] -- [TRACE] -- [main >>>> ShiroFilterFactoryBean.java:506 >>>> Method = postProcessBeforeInitialization] -- [Content = Ignoring non-Filter bean 'mappingRolePermissionMapper']
[2017-03-24 12:17:25.745] -- [TRACE] -- [main >>>> ShiroFilterFactoryBean.java:506 >>>> Method = postProcessBeforeInitialization] -- [Content = Ignoring non-Filter bean 'permissionMapper']
[2017-03-24 12:17:25.753] -- [TRACE] -- [main >>>> ShiroFilterFactoryBean.java:506 >>>> Method = postProcessBeforeInitialization] -- [Content = Ignoring non-Filter bean 'recordLoginMapper']
[2017-03-24 12:17:25.761] -- [TRACE] -- [main >>>> ShiroFilterFactoryBean.java:506 >>>> Method = postProcessBeforeInitialization] -- [Content = Ignoring non-Filter bean 'recordOperateQuestionnaireMapper']
[2017-03-24 12:17:25.769] -- [TRACE] -- [main >>>> ShiroFilterFactoryBean.java:506 >>>> Method = postProcessBeforeInitialization] -- [Content = Ignoring non-Filter bean 'roleMapper']
[2017-03-24 12:17:25.774] -- [TRACE] -- [main >>>> ShiroFilterFactoryBean.java:506 >>>> Method = postProcessBeforeInitialization] -- [Content = Ignoring non-Filter bean 'unitMapper']
[2017-03-24 12:17:25.903] -- [TRACE] -- [main >>>> ShiroFilterFactoryBean.java:506 >>>> Method = postProcessBeforeInitialization] -- [Content = Ignoring non-Filter bean 'com.questionnaire.ssm.module.generated.mapper.QuestionnaireMapperTest']
[2017-03-24 12:17:26.069] -- [DEBUG] -- [shirocache >>>> UpdateChecker.java:68 >>>> Method = doCheck] -- [Content = Checking for update...]
[2017-03-24 12:17:26.503] -- [DEBUG] -- [Thread-2 >>>> LifecycleBeanPostProcessor.java:118 >>>> Method = postProcessBeforeDestruction] -- [Content = Destroying bean [securityManager]...]
[2017-03-24 12:17:26.513] -- [DEBUG] -- [Thread-2 >>>> LifecycleBeanPostProcessor.java:118 >>>> Method = postProcessBeforeDestruction] -- [Content = Destroying bean [cacheManager]...]
